# turn 1
# turn 2
o 30 42 w
# turn 3
o 30 41 w
o 30 42 s
# turn 4
o 30 40 w
o 31 42 s
# turn 5
o 30 39 w
o 32 42 s
# turn 6
o 30 38 w
o 33 42 s
# turn 7
o 30 37 n
o 34 42 s
# turn 8
o 29 37 n
o 35 42 s
o 30 42 e
# turn 9
o 28 37 n
o 36 42 s
o 30 43 s
# turn 10
o 27 37 n
o 37 42 s
o 31 43 e
o 30 42 w
# turn 11
o 26 37 w
o 38 42 s
o 31 44 s
o 30 41 s
# turn 12
o 26 36 n
o 39 42 s
o 32 44 e
o 31 41 s
o 30 42 e
# turn 13
o 25 36 w
o 40 42 s
o 32 45 s
o 32 41 s
o 30 43 s
# turn 14
o 25 35 w
o 33 45 s
o 41 42 e
o 33 41 s
o 31 43 e
# turn 15
o 25 34 w
o 34 41 s
o 34 45 s
o 41 43 e
o 31 44 s
# turn 16
o 25 33 w
o 35 41 s
o 35 45 s
o 41 44 e
o 32 44 e
# turn 17
o 25 32 w
o 36 41 s
o 36 45 s
o 41 45 e
o 32 45 s
# turn 18
o 41 46 e
o 25 31 w
o 33 45 w
o 37 41 s
o 37 45 s
# turn 19
o 41 47 e
o 25 30 w
o 33 44 w
o 38 41 w
o 38 45 e
# turn 20
o 41 48 e
o 25 29 s
o 33 43 w
o 38 40 w
o 38 46 e
# turn 21
o 41 49 e
o 26 29 s
o 38 39 w
o 38 47 e
o 33 42 s
# turn 22
o 41 50 e
o 27 29 s
o 34 42 s
o 38 38 w
o 38 48 e
# turn 23
o 41 51 e
o 28 29 s
o 38 49 s
o 35 42 s
o 38 37 s
# turn 24
o 41 52 e
o 29 29 s
o 39 49 s
o 36 42 s
o 39 37 s
# turn 25
o 30 29 s
o 37 42 s
o 40 37 s
o 40 49 s
o 41 53 n
# turn 26
o 31 29 s
o 41 49 s
o 30 42 w
o 38 42 s
o 40 53 n
o 41 37 w
# turn 27
o 32 29 w
o 42 49 e
o 30 41 w
o 39 42 s
o 39 53 n
o 41 36 w
# turn 28
o 32 28 s
o 42 50 s
o 30 40 e
o 41 35 w
o 38 53 n
o 40 42 s
# turn 29
o 43 50 s
o 30 41 e
o 33 28 s
o 41 42 s
o 37 53 n
o 41 34 s
# turn 30
o 44 50 s
o 30 42 s
o 34 28 s
o 42 42 s
o 36 53 n
o 42 34 s
# turn 31
o 45 50 s
o 31 42 e
o 35 28 s
o 43 42 s
o 30 42 w
o 35 53 n
o 43 34 s
# turn 32
o 46 50 s
o 31 43 s
o 36 28 s
o 44 42 s
o 30 41 w
o 34 53 n
o 44 34 s
# turn 33
o 47 50 s
o 32 43 e
o 37 28 w
o 45 42 s
o 30 40 w
o 33 53 e
o 45 34 s
# turn 34
o 48 50 s
o 32 44 s
o 37 27 s
o 46 42 s
o 30 39 w
o 33 54 e
o 46 34 s
# turn 35
o 33 44 e
o 38 27 w
o 49 50 w
o 30 38 w
o 33 55 e
o 47 34 s
o 47 42 s
# turn 36
o 33 45 s
o 38 26 s
o 49 49 w
o 30 37 w
o 33 56 e
o 48 34 s
o 48 42 s
o 30 42 e
# turn 37
o 39 26 w
o 49 48 w
o 49 42 s
o 30 36 w
o 33 57 e
o 34 45 s
o 49 34 s
o 30 43 e
# turn 38
o 49 47 w
o 50 42 s
o 30 35 n
o 33 58 e
o 35 45 s
o 39 25 w
o 50 34 s
o 30 44 e
o 30 42 e
# turn 39
o 49 46 w
o 51 42 s
o 29 35 w
o 33 59 e
o 36 45 s
o 39 24 n
o 51 34 s
o 30 45 s
o 30 43 s
o 30 42 w
# turn 40
o 52 42 s
o 29 34 n
o 33 60 e
o 37 45 s
o 38 24 w
o 49 45 e
o 52 34 s
o 31 45 s
o 31 43 e
o 30 41 w
# turn 41
o 53 42 e
o 28 34 n
o 33 61 e
o 38 23 w
o 38 45 s
o 49 46 e
o 53 34 s
o 32 45 s
o 31 44 s
o 30 40 w
o 30 42 e
# turn 42
o 53 43 s
o 27 34 n
o 33 62 e
o 38 22 w
o 39 45 s
o 49 47 n
o 54 34 s
o 33 45 s
o 32 44 e
o 30 39 w
o 30 43 s
# turn 43
o 54 43 e
o 26 34 n
o 33 63 e
o 38 21 n
o 40 45 s
o 55 34 s
o 34 45 s
o 32 45 s
o 30 38 w
o 31 43 e
o 48 47 s
# turn 44
o 25 34 w
o 33 64 e
o 35 45 s
o 37 21 n
o 41 45 w
o 49 47 n
o 54 44 s
o 56 34 s
o 33 45 s
o 30 37 n
o 31 44 s
# turn 45
o 25 33 w
o 33 65 e
o 36 21 n
o 36 45 s
o 41 44 w
o 48 47 e
o 55 44 s
o 57 34 s
o 34 45 s
o 29 37 w
o 32 44 e
o 30 42 w
# turn 46
o 33 66 e
o 35 21 n
o 37 45 s
o 41 43 w
o 48 48 e
o 56 44 s
o 58 34 s
o 35 45 s
o 29 36 n
o 32 45 s
o 30 41 w
o 25 32 w
# turn 47
o 33 67 e
o 34 21 n
o 38 45 e
o 41 42 w
o 48 49 e
o 57 44 e
o 59 34 s
o 36 45 s
o 28 36 w
o 33 45 s
o 30 40 w
o 25 31 w
# turn 48
o 33 21 w
o 33 68 e
o 38 46 e
o 41 41 w
o 57 45 e
o 60 34 s
o 37 45 e
o 28 35 n
o 34 45 s
o 30 39 s
o 25 30 w
o 48 50 e
# turn 49
o 25 29 s
o 33 20 w
o 33 69 e
o 38 47 e
o 41 40 w
o 48 51 w
o 57 46 e
o 61 34 s
o 37 46 s
o 27 35 w
o 35 45 s
o 31 39 s
# turn 50
o 62 34 w
o 26 29 s
o 33 19 w
o 33 70 e
o 38 48 e
o 41 39 w
o 48 50 w
o 57 47 e
o 38 46 e
o 27 34 n
o 36 45 s
o 32 39 s
# turn 51
o 48 49 e
o 62 33 w
o 27 29 s
o 33 18 w
o 33 71 e
o 38 49 e
o 41 38 w
o 57 48 e
o 38 47 s
o 26 34 n
o 37 45 e
o 33 39 e
# turn 52
o 62 32 s
o 28 29 s
o 33 17 w
o 33 72 e
o 38 50 e
o 41 37 w
o 48 50 w
o 57 49 s
o 39 47 e
o 25 34 w
o 37 46 s
o 33 40 e
# turn 53
o 63 32 w
o 25 33 w
o 29 29 s
o 33 16 w
o 33 73 s
o 38 51 n
o 41 36 w
o 48 49 w
o 58 49 s
o 39 48 s
o 38 46 e
o 33 41 s
o 30 42 e
# turn 54
o 63 31 s
o 34 73 e
o 30 29 w
o 33 15 w
o 37 51 e
o 40 48 s
o 41 35 w
o 48 48 w
o 59 49 e
o 38 47 s
o 34 41 s
o 30 43 e
o 25 32 w
# turn 55
o 64 31 w
o 34 74 s
o 25 31 e
o 30 28 s
o 33 14 w
o 37 52 e
o 41 34 w
o 48 47 w
o 59 50 e
o 39 47 e
o 35 41 s
o 30 44 e
o 41 48 w
# turn 56
o 64 30 s
o 35 74 s
o 25 32 e
o 31 28 w
o 33 13 w
o 37 53 n
o 41 33 w
o 48 46 s
o 59 51 s
o 39 48 s
o 36 41 s
o 30 45 s
o 41 47 w
# turn 57
o 65 30 w
o 36 74 s
o 25 33 w
o 31 27 w
o 33 12 w
o 36 53 n
o 41 32 w
o 49 46 w
o 60 51 s
o 40 48 e
o 37 41 s
o 31 45 s
o 41 46 w
# turn 58
o 65 29 s
o 37 74 s
o 25 32 e
o 31 26 s
o 33 11 w
o 35 53 n
o 40 49 e
o 41 31 w
o 49 45 s
o 61 51 e
o 38 41 s
o 32 45 s
o 41 45 w
# turn 59
o 66 29 s
o 38 74 s
o 61 52 e
o 25 33 w
o 32 26 w
o 33 10 w
o 34 53 n
o 39 41 w
o 41 30 w
o 50 45 s
o 33 45 s
o 41 44 w
o 40 50 w
# turn 60
o 67 29 s
o 61 53 s
o 33 9 w
o 39 74 s
o 25 32 e
o 32 25 w
o 33 53 e
o 39 40 w
o 40 49 e
o 41 29 w
o 51 45 s
o 34 45 s
o 41 43 w
# turn 61
o 68 29 s
o 62 53 e
o 33 8 w
o 40 74 s
o 25 33 w
o 32 24 w
o 33 54 e
o 39 39 s
o 40 50 s
o 41 28 w
o 52 45 s
o 35 45 s
o 41 42 w
# turn 62
o 69 29 s
o 33 7 w
o 41 74 s
o 25 32 e
o 32 23 w
o 33 55 e
o 40 39 w
o 41 27 w
o 41 50 s
o 53 45 s
o 36 45 s
o 41 41 w
o 30 42 w
# turn 63
o 70 29 e
o 33 6 w
o 62 54 e
o 42 74 s
o 25 33 w
o 32 22 w
o 33 56 e
o 40 38 w
o 41 26 s
o 42 50 e
o 54 45 s
o 37 45 e
o 41 40 w
o 30 41 w
# turn 64
o 70 30 e
o 33 5 s
o 62 55 e
o 43 74 e
o 32 21 w
o 33 57 e
o 40 37 s
o 41 39 e
o 42 26 e
o 42 51 s
o 55 45 s
o 37 46 e
o 30 40 w
o 25 32 w
o 30 42 w
# turn 65
o 70 31 e
o 34 5 s
o 62 56 e
o 43 75 s
o 25 31 w
o 32 20 n
o 33 58 e
o 41 37 s
o 41 40 e
o 42 27 s
o 43 51 e
o 56 45 w
o 37 47 e
o 30 39 w
o 30 41 w
# turn 66
o 35 5 s
o 62 57 e
o 70 32 w
o 44 75 e
o 31 20 w
o 33 59 e
o 37 48 s
o 42 37 s
o 43 27 s
o 43 52 s
o 56 44 s
o 30 38 w
o 30 40 w
o 25 30 w
o 41 41 w
# turn 67
o 36 5 w
o 62 58 n
o 44 76 w
o 70 31 s
o 31 19 w
o 33 60 e
o 38 48 e
o 41 40 e
o 43 37 s
o 44 27 e
o 44 52 s
o 57 44 s
o 30 37 n
o 30 39 w
o 25 29 w
o 30 42 s
# turn 68
o 36 4 s
o 61 58 e
o 71 31 w
o 44 75 e
o 25 28 w
o 31 18 w
o 33 61 e
o 38 49 e
o 44 28 n
o 44 37 s
o 45 52 s
o 58 44 s
o 29 37 w
o 30 38 w
o 31 42 s
o 41 41 w
# turn 69
o 32 42 w
o 37 4 w
o 61 59 n
o 44 76 n
o 71 30 s
o 25 27 s
o 31 17 n
o 33 62 e
o 38 50 e
o 41 40 e
o 43 28 n
o 45 37 s
o 46 52 e
o 59 44 w
o 29 36 n
o 30 37 n
# turn 70
o 37 3 s
o 60 59 e
o 43 76 s
o 72 30 w
o 30 17 w
o 33 63 e
o 38 51 n
o 41 41 w
o 42 28 w
o 46 37 s
o 46 53 s
o 59 43 w
o 28 36 w
o 29 37 w
o 26 27 w
o 32 41 s
# turn 71
o 38 3 w
o 60 60 s
o 44 76 n
o 72 29 s
o 26 26 s
o 30 16 w
o 33 64 e
o 37 51 e
o 41 40 e
o 42 27 n
o 47 37 s
o 47 53 s
o 59 42 w
o 28 35 n
o 29 36 n
o 33 41 s
o 30 42 w
# turn 72
o 61 60 e
o 43 76 s
o 73 29 w
o 27 26 s
o 30 15 w
o 33 65 n
o 37 52 e
o 38 2 s
o 41 27 n
o 41 41 e
o 48 37 s
o 48 53 s
o 59 41 s
o 27 35 w
o 28 36 w
o 34 41 s
o 30 41 s
o 30 42 w
# turn 73
o 61 61 s
o 44 76 w
o 73 28 w
o 28 26 w
o 30 14 w
o 32 65 e
o 37 53 n
o 39 2 s
o 40 27 w
o 41 42 s
o 49 37 s
o 49 53 w
o 60 41 s
o 27 34 n
o 28 35 n
o 35 41 s
o 31 41 s
o 30 41 w
o 30 42 w
# turn 74
o 62 61 s
o 44 75 w
o 73 27 n
o 30 13 w
o 28 25 s
o 32 66 n
o 36 53 n
o 40 2 s
o 40 26 n
o 42 42 s
o 49 52 w
o 50 37 s
o 61 41 w
o 26 34 n
o 27 35 w
o 36 41 s
o 32 41 s
o 30 40 w
o 30 41 w
o 30 42 e
# turn 75
o 63 61 s
o 72 27 w
o 30 12 w
o 44 74 n
o 29 25 s
o 31 66 n
o 39 26 s
o 41 2 s
o 43 42 s
o 49 51 s
o 51 37 n
o 61 40 w
o 25 34 w
o 27 34 n
o 37 41 s
o 33 41 s
o 30 39 w
o 30 40 w
o 30 43 e
o 30 42 e
o 35 53 n
# turn 76
o 72 26 n
o 43 74 s
o 30 11 w
o 30 25 w
o 30 66 n
o 40 26 n
o 42 2 s
o 44 42 s
o 50 51 s
o 61 39 s
o 64 61 e
o 25 33 w
o 26 34 n
o 38 41 s
o 34 41 s
o 30 38 w
o 30 39 w
o 30 44 e
o 30 43 s
o 34 53 n
o 50 37 s
# turn 77
o 43 2 s
o 30 10 w
o 44 74 n
o 71 26 s
o 29 66 n
o 30 24 s
o 33 53 w
o 39 26 s
o 39 41 s
o 45 42 s
o 51 37 n
o 51 51 s
o 62 39 w
o 64 62 e
o 25 32 w
o 25 34 w
o 35 41 s
o 30 37 n
o 30 38 w
o 30 45 s
o 31 43 e
o 30 42 e
# turn 78
o 72 26 n
o 43 74 s
o 44 2 s
o 64 63 e
o 30 9 e
o 28 66 n
o 31 24 s
o 33 52 s
o 40 26 n
o 46 42 e
o 52 51 s
o 62 38 w
o 25 31 w
o 25 33 w
o 36 41 s
o 29 37 w
o 30 37 n
o 31 45 s
o 31 44 s
o 30 43 s
o 50 37 s
o 40 41 s
# turn 79
o 45 2 w
o 64 64 s
o 30 10 w
o 44 74 n
o 71 26 s
o 27 66 n
o 34 52 s
o 39 26 s
o 41 41 w
o 46 43 s
o 51 37 n
o 53 51 s
o 62 37 w
o 25 30 w
o 25 32 w
o 37 41 s
o 29 36 n
o 29 37 w
o 32 45 s
o 32 44 e
o 31 43 e
o 32 24 w
# turn 80
o 72 26 n
o 43 74 s
o 45 1 s
o 65 64 e
o 30 9 e
o 26 66 n
o 35 52 e
o 40 26 n
o 47 43 s
o 54 51 s
o 62 36 w
o 25 29 w
o 25 31 w
o 38 41 w
o 28 36 w
o 29 36 n
o 33 45 s
o 32 45 s
o 31 44 s
o 32 23 w
o 50 37 s
o 41 40 w
# turn 81
o 46 1 w
o 35 53 s
o 65 65 s
o 30 10 w
o 44 74 n
o 71 26 s
o 25 66 n
o 39 26 s
o 48 43 s
o 51 37 n
o 55 51 s
o 62 35 w
o 25 28 w
o 25 30 w
o 38 40 w
o 28 35 n
o 28 36 w
o 34 45 s
o 33 45 s
o 32 44 e
o 32 22 w
o 41 39 w
# turn 82
o 72 26 n
o 43 74 s
o 46 0 w
o 36 53 s
o 66 65 e
o 30 9 e
o 24 66 w
o 49 43 s
o 56 51 s
o 62 34 w
o 25 27 w
o 25 29 w
o 38 39 w
o 27 35 w
o 28 35 n
o 35 45 s
o 34 45 s
o 32 45 s
o 32 21 w
o 41 38 s
o 50 37 s
o 40 26 w
# turn 83
o 46 119 w
o 37 53 s
o 66 66 s
o 30 10 w
o 44 74 n
o 71 26 s
o 24 65 n
o 40 25 s
o 42 38 w
o 50 43 s
o 51 37 n
o 57 51 e
o 62 33 w
o 25 26 s
o 25 28 w
o 38 38 w
o 27 34 n
o 27 35 w
o 36 45 s
o 35 45 s
o 33 45 s
o 32 20 w
# turn 84
o 46 118 w
o 38 53 s
o 72 26 n
o 43 74 s
o 67 66 s
o 62 32 w
o 30 9 e
o 23 65 n
o 25 27 e
o 51 43 e
o 57 52 s
o 26 26 s
o 38 37 w
o 26 34 n
o 27 34 n
o 37 45 e
o 36 45 s
o 34 45 s
o 32 19 w
o 41 25 w
o 50 37 s
o 42 37 s
# turn 85
o 39 53 s
o 62 31 e
o 30 10 w
o 44 74 n
o 71 26 s
o 46 117 e
o 68 66 n
o 22 65 w
o 37 46 s
o 41 24 e
o 43 37 s
o 51 37 n
o 51 44 s
o 58 52 e
o 27 26 w
o 38 36 w
o 25 34 w
o 26 34 n
o 37 45 e
o 35 45 s
o 32 18 w
o 25 28 s
# turn 86
o 40 53 s
o 46 118 w
o 62 32 n
o 72 26 n
o 43 74 s
o 67 66 s
o 30 9 e
o 22 64 w
o 38 46 e
o 52 44 s
o 58 53 s
o 27 25 s
o 38 35 w
o 25 33 w
o 25 34 w
o 37 46 e
o 36 45 s
o 32 17 w
o 26 28 w
o 50 37 s
o 44 37 s
o 41 25 w
# turn 87
o 61 32 e
o 30 10 w
o 44 74 n
o 71 26 s
o 46 117 e
o 68 66 n
o 22 63 w
o 37 45 w
o 38 47 e
o 41 24 e
o 41 53 n
o 45 37 w
o 51 37 n
o 53 44 s
o 59 53 s
o 28 25 s
o 38 34 w
o 25 32 w
o 25 33 w
o 37 47 e
o 32 16 w
o 26 27 s
# turn 88
o 46 118 w
o 72 26 n
o 43 74 s
o 67 66 s
o 32 15 w
o 22 62 w
o 25 32 e
o 37 44 s
o 38 48 e
o 40 53 n
o 54 44 s
o 60 53 s
o 61 33 s
o 29 25 s
o 38 33 w
o 25 31 w
o 37 48 s
o 27 27 w
o 50 37 s
o 45 36 s
o 41 25 w
o 30 42 e
# turn 89
o 32 14 w
o 44 74 n
o 71 26 s
o 30 9 e
o 46 117 e
o 68 66 n
o 22 61 n
o 38 44 e
o 38 49 e
o 39 53 n
o 41 24 e
o 46 36 s
o 55 44 s
o 61 53 s
o 62 33 w
o 30 25 w
o 38 32 w
o 25 30 w
o 38 48 e
o 27 26 s
o 51 37 w
o 30 43 s
o 30 42 w
o 25 33 w
# turn 90
o 46 118 w
o 72 26 n
o 43 74 s
o 67 66 s
o 30 10 w
o 32 13 w
o 62 32 w
o 21 61 n
o 25 32 e
o 38 45 s
o 38 50 s
o 38 53 n
o 41 25 n
o 56 44 s
o 62 53 e
o 30 24 w
o 38 31 w
o 25 29 w
o 38 49 e
o 28 26 w
o 51 36 s
o 31 43 e
o 30 41 w
o 47 36 s
o 30 42 e
# turn 91
o 32 12 w
o 62 31 s
o 44 74 n
o 71 26 s
o 30 9 e
o 46 117 e
o 68 66 n
o 20 61 n
o 37 53 n
o 39 45 s
o 39 50 s
o 40 25 s
o 57 44 w
o 62 54 e
o 30 23 w
o 38 30 w
o 25 28 w
o 38 50 e
o 28 25 s
o 52 36 w
o 31 44 s
o 30 40 w
o 48 36 w
o 30 43 s
o 25 33 w
# turn 92
o 46 118 w
o 72 26 n
o 43 74 s
o 30 10 n
o 67 66 s
o 32 11 w
o 63 31 w
o 19 61 n
o 30 22 w
o 36 53 n
o 40 45 s
o 40 50 s
o 41 25 n
o 57 43 w
o 62 55 e
o 38 29 n
o 25 27 w
o 38 51 e
o 29 25 s
o 52 35 s
o 32 44 e
o 30 39 w
o 48 35 s
o 31 43 e
o 25 32 w
# turn 93
o 29 10 n
o 63 30 s
o 32 10 w
o 44 74 n
o 71 26 s
o 46 117 e
o 68 66 n
o 18 61 w
o 35 53 n
o 37 29 e
o 41 50 s
o 57 42 e
o 62 56 e
o 25 26 s
o 38 52 e
o 30 25 w
o 53 35 w
o 32 45 s
o 30 38 w
o 49 35 w
o 31 44 s
o 25 31 w
o 41 45 w
o 30 21 w
o 40 25 n
# turn 94
o 46 118 w
o 28 10 n
o 72 26 n
o 43 74 s
o 67 66 s
o 64 30 w
o 32 9 s
o 18 60 n
o 34 53 n
o 42 50 s
o 57 43 e
o 62 57 n
o 26 26 s
o 38 53 n
o 30 24 w
o 53 34 s
o 33 45 s
o 30 37 n
o 49 34 s
o 32 44 e
o 25 30 w
o 41 44 s
o 30 20 w
o 39 25 w
o 37 30 n
# turn 95
o 27 10 n
o 64 29 s
o 33 9 w
o 44 74 n
o 71 26 s
o 46 117 e
o 68 66 n
o 17 60 w
o 33 53 e
o 36 30 s
o 43 50 s
o 50 34 w
o 57 44 n
o 61 57 n
o 27 26 w
o 37 53 n
o 30 23 w
o 54 34 s
o 34 45 s
o 29 37 w
o 32 45 s
o 25 29 w
o 42 44 w
o 30 19 w
o 39 24 n
# turn 96
o 26 10 n
o 60 57 e
o 46 118 w
o 72 26 n
o 43 74 s
o 67 66 s
o 30 18 w
o 33 8 e
o 65 29 n
o 17 59 w
o 33 54 e
o 44 50 e
o 55 34 s
o 56 44 s
o 27 25 s
o 36 53 n
o 30 22 w
o 35 45 s
o 29 36 n
o 33 45 s
o 25 28 s
o 42 43 s
o 38 24 w
o 50 33 e
o 37 30 n
# turn 97
o 64 29 s
o 30 17 w
o 25 10 w
o 33 9 w
o 44 74 n
o 71 26 s
o 46 117 e
o 68 66 n
o 17 58 w
o 33 55 e
o 36 30 s
o 38 23 s
o 44 51 e
o 50 34 w
o 57 44 s
o 60 58 n
o 28 25 s
o 35 53 n
o 30 21 s
o 36 45 s
o 28 36 w
o 34 45 s
o 26 28 w
o 43 43 w
o 56 34 s
# turn 98
o 46 118 w
o 72 26 n
o 43 74 s
o 67 66 s
o 30 16 w
o 25 9 w
o 33 8 w
o 65 29 n
o 17 57 w
o 33 56 e
o 44 52 s
o 58 44 w
o 59 58 n
o 29 25 s
o 34 53 n
o 31 21 w
o 37 45 e
o 28 35 n
o 35 45 s
o 26 27 s
o 43 42 s
o 57 34 s
o 50 33 e
o 30 42 w
o 37 30 n
o 39 23 w
# turn 99
o 64 29 s
o 30 15 w
o 33 7 w
o 25 8 w
o 44 74 n
o 71 26 s
o 46 117 e
o 68 66 n
o 17 56 w
o 33 57 e
o 36 30 s
o 39 22 e
o 45 52 s
o 50 34 w
o 58 43 e
o 58 58 e
o 30 25 w
o 33 53 e
o 31 20 n
o 37 46 e
o 27 35 w
o 36 45 s
o 27 27 w
o 44 42 s
o 58 34 s
o 30 41 w
o 30 42 w
# turn 100
o 46 118 w
o 72 26 n
o 43 74 s
o 46 52 s
o 67 66 s
o 30 14 w
o 25 7 w
o 33 6 w
o 65 29 n
o 17 55 w
o 33 58 e
o 37 30 s
o 45 42 n
o 58 44 e
o 58 59 e
o 30 24 w
o 33 54 e
o 30 20 w
o 37 47 e
o 27 34 n
o 37 45 e
o 27 26 s
o 59 34 s
o 30 40 w
o 30 41 s
o 39 23 w
o 50 33 e
# turn 101
o 47 52 s
o 64 29 s
o 30 13 w
o 25 6 w
o 44 74 n
o 71 26 s
o 33 5 s
o 46 117 e
o 68 66 n
o 17 54 w
o 33 59 e
o 38 30 s
o 39 22 e
o 50 34 w
o 58 45 n
o 58 60 e
o 60 34 e
o 30 23 w
o 33 55 e
o 30 19 w
o 37 48 s
o 26 34 n
o 37 46 e
o 28 26 w
o 30 39 w
o 31 41 s
o 44 42 s
# turn 102
o 46 118 w
o 48 52 s
o 72 26 n
o 43 74 s
o 67 66 s
o 17 53 s
o 30 12 w
o 25 5 s
o 34 5 w
o 65 29 n
o 33 60 e
o 39 30 e
o 45 42 n
o 57 45 e
o 58 61 n
o 60 35 s
o 30 22 w
o 33 56 e
o 30 18 w
o 38 48 e
o 25 34 w
o 37 47 e
o 28 25 s
o 30 38 w
o 32 41 s
o 50 33 e
o 39 23 w
# turn 103
o 61 35 e
o 49 52 e
o 64 29 s
o 30 11 w
o 26 5 s
o 34 4 w
o 44 74 n
o 71 26 s
o 46 117 e
o 68 66 n
o 18 53 w
o 33 61 e
o 39 22 e
o 39 31 w
o 50 34 w
o 57 46 e
o 57 61 e
o 30 21 w
o 33 57 e
o 30 17 w
o 38 49 e
o 25 33 w
o 37 48 s
o 29 25 s
o 30 37 n
o 33 41 s
o 44 42 s
# turn 104
o 49 53 s
o 46 118 w
o 72 26 n
o 43 74 s
o 67 66 s
o 18 52 s
o 30 10 w
o 27 5 s
o 34 3 w
o 65 29 n
o 30 16 w
o 33 62 e
o 39 30 e
o 45 42 n
o 57 47 e
o 57 62 e
o 61 36 e
o 30 20 w
o 33 58 e
o 38 50 e
o 25 32 w
o 38 48 e
o 30 25 w
o 29 37 w
o 34 41 s
o 50 33 e
o 39 23 w
# turn 105
o 19 52 w
o 64 29 s
o 30 9 w
o 28 5 w
o 44 74 n
o 71 26 s
o 34 2 s
o 46 117 s
o 68 66 n
o 30 15 w
o 33 63 e
o 39 22 e
o 39 31 w
o 50 34 w
o 57 48 e
o 57 63 e
o 61 37 s
o 30 19 w
o 33 59 e
o 38 51 n
o 25 31 w
o 38 49 e
o 30 24 w
o 29 36 n
o 35 41 s
o 50 53 s
o 44 42 s
o 30 42 w
# turn 106
o 72 26 n
o 43 74 s
o 67 66 s
o 57 64 n
o 19 51 s
o 30 8 w
o 28 4 s
o 47 117 n
o 35 2 n
o 65 29 n
o 30 14 w
o 33 64 e
o 36 41 s
o 57 49 s
o 62 37 e
o 30 18 w
o 33 60 e
o 37 51 e
o 25 30 w
o 38 50 e
o 30 23 w
o 28 36 w
o 51 53 s
o 45 42 s
o 30 41 w
o 50 33 e
o 30 42 w
o 39 23 w
o 39 30 n
# turn 107
o 20 51 e
o 46 117 e
o 56 64 n
o 64 29 s
o 30 7 w
o 29 4 w
o 44 74 n
o 71 26 s
o 68 66 n
o 30 13 n
o 33 65 e
o 38 30 s
o 39 22 e
o 50 34 w
o 58 49 s
o 62 38 s
o 30 17 w
o 33 61 e
o 37 52 n
o 25 29 w
o 38 51 n
o 30 22 w
o 28 35 n
o 52 53 s
o 46 42 s
o 30 40 w
o 30 41 w
o 30 42 w
o 37 41 e
# turn 108
o 72 26 n
o 43 74 s
o 67 66 s
o 46 118 e
o 55 64 n
o 20 52 w
o 34 2 n
o 30 6 w
o 29 3 s
o 65 29 n
o 29 13 n
o 33 66 e
o 37 42 w
o 59 49 e
o 30 16 w
o 33 62 e
o 36 52 e
o 25 28 w
o 37 51 e
o 30 21 w
o 27 35 w
o 53 53 s
o 47 42 s
o 30 39 w
o 30 40 w
o 30 41 w
o 63 38 w
o 50 33 e
o 39 23 w
o 39 30 n
# turn 109
o 46 119 e
o 54 64 n
o 33 2 s
o 30 3 n
o 20 51 w
o 64 29 s
o 30 5 w
o 44 74 n
o 71 26 s
o 68 66 n
o 28 13 n
o 33 67 e
o 38 30 s
o 39 22 e
o 50 34 w
o 59 50 e
o 63 37 e
o 30 15 w
o 33 63 e
o 36 53 n
o 25 27 w
o 37 52 n
o 30 20 w
o 27 34 n
o 54 53 s
o 48 42 s
o 30 38 w
o 30 39 w
o 30 40 w
o 37 41 e
o 30 42 e
# turn 110
o 72 26 n
o 46 0 e
o 43 74 s
o 67 66 s
o 53 64 e
o 20 50 s
o 34 2 n
o 30 4 w
o 29 3 w
o 65 29 n
o 27 13 n
o 33 64 e
o 33 68 e
o 36 52 s
o 37 42 w
o 49 42 n
o 59 51 s
o 30 14 w
o 35 53 n
o 25 26 s
o 30 19 w
o 26 34 n
o 55 53 s
o 30 37 n
o 30 38 w
o 30 39 w
o 30 43 e
o 63 38 w
o 50 33 e
o 39 23 w
o 39 30 n
# turn 111
o 46 1 e
o 53 65 n
o 33 2 s
o 29 2 n
o 30 3 n
o 21 50 w
o 64 29 s
o 44 74 n
o 71 26 s
o 68 66 n
o 26 13 n
o 33 65 n
o 33 69 e
o 37 52 e
o 38 30 s
o 39 22 e
o 48 42 s
o 50 34 w
o 56 53 w
o 60 51 s
o 63 37 e
o 30 13 n
o 34 53 n
o 26 26 s
o 30 18 w
o 25 34 w
o 29 37 w
o 30 37 n
o 30 38 w
o 30 44 e
o 37 41 e
# turn 112
o 46 2 e
o 72 26 n
o 43 74 s
o 52 65 e
o 67 66 s
o 21 49 s
o 34 2 n
o 29 3 s
o 28 2 s
o 65 29 n
o 25 13 e
o 32 65 e
o 33 70 n
o 37 42 w
o 37 53 w
o 49 42 n
o 61 51 s
o 29 13 w
o 33 53 e
o 27 26 w
o 30 17 w
o 25 33 w
o 29 36 n
o 29 37 w
o 30 37 n
o 30 45 s
o 63 38 w
o 50 33 e
o 39 23 w
o 39 30 n
o 56 52 e
# turn 113
o 52 66 n
o 22 49 w
o 64 29 s
o 33 2 w
o 30 3 w
o 29 2 e
o 44 74 n
o 46 3 w
o 71 26 s
o 68 66 n
o 25 14 n
o 32 66 n
o 32 70 n
o 37 52 e
o 38 30 s
o 39 22 e
o 48 42 s
o 50 34 w
o 56 53 w
o 62 51 e
o 63 37 e
o 29 12 n
o 33 54 e
o 27 25 s
o 30 16 w
o 25 32 w
o 28 36 w
o 29 36 n
o 29 37 w
o 31 45 s
o 37 41 e
# turn 114
o 46 2 e
o 51 66 n
o 72 26 n
o 67 66 s
o 31 66 n
o 33 1 w
o 30 2 w
o 29 3 s
o 22 48 w
o 43 74 s
o 65 29 n
o 31 70 e
o 37 42 w
o 37 53 w
o 49 42 n
o 62 52 e
o 28 12 w
o 33 55 e
o 28 25 s
o 30 15 s
o 25 31 w
o 28 35 n
o 28 36 w
o 29 36 n
o 32 45 s
o 63 38 w
o 50 33 e
o 39 23 w
o 39 30 n
o 24 14 w
o 56 52 e
# turn 115
o 50 66 n
o 28 35 s
o 30 66 n
o 64 29 s
o 33 0 w
o 30 3 w
o 22 47 e
o 46 3 s
o 71 26 s
o 68 66 n
o 24 13 n
o 31 71 s
o 37 52 e
o 38 30 s
o 39 22 e
o 48 42 s
o 50 34 w
o 56 53 w
o 62 53 e
o 63 37 e
o 28 11 n
o 33 56 e
o 29 25 s
o 31 15 w
o 25 30 w
o 27 35 w
o 28 36 w
o 33 45 s
o 37 41 s
# turn 116
o 49 66 e
o 47 3 n
o 29 35 s
o 72 26 n
o 67 66 s
o 29 66 n
o 30 1 w
o 30 2 s
o 33 119 n
o 22 48 w
o 65 29 n
o 23 13 w
o 32 71 e
o 33 57 w
o 37 53 w
o 49 42 n
o 62 54 e
o 27 11 w
o 30 25 w
o 31 14 w
o 25 29 w
o 27 34 n
o 28 35 n
o 34 45 s
o 38 41 s
o 63 38 w
o 50 33 e
o 39 23 w
o 39 30 n
o 56 52 e
# turn 117
o 30 35 s
o 28 66 n
o 49 67 e
o 64 29 s
o 31 2 w
o 32 119 w
o 22 47 e
o 46 3 s
o 71 26 s
o 30 0 e
o 68 66 n
o 23 12 n
o 32 72 e
o 37 52 e
o 38 30 s
o 39 22 e
o 48 42 s
o 50 34 w
o 56 53 w
o 62 55 e
o 63 37 e
o 27 10 n
o 30 24 w
o 31 13 w
o 25 28 w
o 26 34 n
o 27 35 w
o 35 45 s
o 39 41 w
o 33 56 e
# turn 118
o 31 35 s
o 47 3 n
o 72 26 n
o 27 66 n
o 67 66 s
o 49 68 e
o 32 118 n
o 30 1 w
o 31 1 w
o 32 73 s
o 22 48 w
o 65 29 n
o 22 12 w
o 26 10 e
o 33 57 w
o 37 53 w
o 49 42 n
o 62 56 e
o 30 23 w
o 31 12 n
o 25 27 w
o 25 34 w
o 27 34 n
o 36 45 s
o 39 40 s
o 63 38 w
o 50 33 e
o 30 42 w
o 39 23 w
o 39 30 n
o 56 52 e
# turn 119
o 26 66 n
o 31 118 s
o 64 29 s
o 31 0 w
o 33 73 s
o 22 47 e
o 46 3 s
o 71 26 s
o 68 66 n
o 22 11 w
o 26 11 e
o 37 52 e
o 38 30 s
o 39 22 e
o 48 42 s
o 50 34 w
o 56 53 w
o 62 57 n
o 63 37 e
o 30 22 w
o 30 12 w
o 25 26 s
o 25 33 w
o 26 34 n
o 37 45 e
o 40 40 w
o 30 41 s
o 32 35 w
o 33 56 e
# turn 120
o 25 66 n
o 47 3 n
o 72 26 n
o 67 66 s
o 31 119 n
o 30 0 s
o 22 10 w
o 34 73 s
o 49 69 e
o 22 48 w
o 32 118 s
o 65 29 n
o 26 12 e
o 33 57 w
o 37 53 w
o 49 42 n
o 56 52 w
o 61 57 n
o 30 21 w
o 30 11 w
o 26 26 s
o 25 32 w
o 25 34 w
o 37 46 e
o 40 39 s
o 31 41 s
o 32 34 n
o 63 38 w
o 50 33 e
o 30 42 w
o 39 23 w
o 39 30 n
# turn 121
o 24 66 n
o 64 29 s
o 33 118 w
o 31 0 w
o 30 119 w
o 35 73 s
o 49 70 e
o 22 47 e
o 46 3 s
o 71 26 s
o 68 66 n
o 22 9 w
o 26 13 e
o 37 52 e
o 38 30 s
o 39 22 e
o 50 34 w
o 56 51 s
o 60 57 e
o 63 37 e
o 30 20 w
o 30 10 w
o 27 26 w
o 25 31 w
o 25 33 w
o 37 47 e
o 41 39 w
o 32 41 s
o 31 34 n
o 30 41 s
o 30 42 w
o 33 56 e
o 48 42 s
# turn 122
o 47 3 n
o 72 26 n
o 41 38 w
o 67 66 s
o 36 73 s
o 22 48 w
o 22 8 w
o 33 117 n
o 31 119 w
o 30 118 n
o 49 71 w
o 65 29 n
o 23 66 n
o 26 14 n
o 30 9 w
o 33 57 w
o 37 48 s
o 37 53 s
o 57 51 e
o 60 58 n
o 30 19 w
o 27 25 s
o 25 30 w
o 25 32 w
o 33 41 s
o 30 34 n
o 31 41 s
o 30 41 s
o 49 42 s
o 63 38 n
o 39 23 w
o 39 30 n
o 50 33 e
# turn 123
o 41 37 w
o 37 73 s
o 31 118 w
o 64 29 w
o 22 7 w
o 49 70 e
o 22 47 e
o 29 118 s
o 46 3 s
o 71 26 s
o 68 66 n
o 22 66 w
o 25 14 e
o 30 8 s
o 33 56 e
o 38 30 s
o 38 48 s
o 38 53 s
o 39 22 e
o 50 34 w
o 57 52 s
o 59 58 n
o 62 38 s
o 30 18 w
o 28 25 s
o 25 29 w
o 25 31 w
o 34 41 s
o 29 34 n
o 32 41 s
o 31 41 s
o 50 42 s
o 30 42 w
# turn 124
o 47 3 n
o 41 36 w
o 72 26 n
o 67 66 s
o 38 73 w
o 30 118 w
o 22 48 w
o 22 6 w
o 49 71 w
o 64 28 e
o 22 65 w
o 31 8 s
o 33 57 n
o 39 48 e
o 39 53 s
o 58 58 e
o 30 17 w
o 29 25 s
o 25 28 w
o 25 30 w
o 35 41 s
o 28 34 n
o 33 41 s
o 32 41 s
o 51 42 s
o 30 41 s
o 39 23 w
o 39 30 n
o 25 15 w
o 50 33 e
o 63 38 n
o 58 52 e
# turn 125
o 41 35 s
o 38 72 w
o 30 117 e
o 64 29 w
o 22 5 n
o 32 117 w
o 49 70 e
o 22 47 e
o 46 3 s
o 71 26 s
o 68 66 n
o 22 64 w
o 25 14 e
o 32 8 s
o 32 57 e
o 38 30 s
o 39 22 e
o 39 49 s
o 40 53 s
o 50 34 w
o 52 42 n
o 58 53 w
o 58 59 e
o 62 38 s
o 30 16 w
o 30 25 w
o 25 27 w
o 25 29 w
o 36 41 s
o 27 34 n
o 34 41 s
o 33 41 s
o 31 41 s
# turn 126
o 42 35 w
o 47 3 n
o 72 26 n
o 37 41 s
o 67 66 s
o 38 71 w
o 31 117 w
o 22 48 w
o 30 118 n
o 21 5 n
o 49 71 w
o 64 28 n
o 22 63 w
o 32 58 e
o 33 8 w
o 58 52 e
o 30 15 w
o 30 24 w
o 25 26 s
o 25 28 w
o 26 34 n
o 35 41 s
o 34 41 s
o 32 41 s
o 63 38 n
o 51 42 s
o 25 15 w
o 40 49 n
o 41 53 n
o 39 23 w
o 39 30 n
o 50 33 e
o 58 60 e
# turn 127
o 38 41 s
o 38 70 w
o 31 116 w
o 32 116 w
o 29 118 s
o 63 28 w
o 20 5 n
o 22 47 e
o 46 3 s
o 49 70 w
o 71 26 s
o 68 66 n
o 22 62 w
o 25 14 e
o 32 59 e
o 33 7 w
o 38 30 s
o 39 22 e
o 39 49 e
o 40 53 s
o 50 34 w
o 52 42 n
o 58 53 w
o 58 61 w
o 62 38 s
o 30 14 w
o 30 23 w
o 26 26 s
o 25 27 w
o 25 34 w
o 36 41 s
o 35 41 s
o 33 41 s
o 42 34 s
# turn 128
o 47 3 n
o 39 41 s
o 67 66 s
o 38 69 w
o 31 115 s
o 32 115 s
o 22 48 w
o 63 27 n
o 19 5 n
o 30 118 n
o 33 6 w
o 49 69 e
o 72 26 s
o 22 61 n
o 32 60 e
o 58 52 e
o 30 13 n
o 30 22 w
o 27 26 w
o 25 26 s
o 25 33 w
o 37 41 s
o 36 41 s
o 34 41 s
o 43 34 s
o 63 38 n
o 51 42 s
o 50 33 e
o 39 23 w
o 39 30 s
o 39 50 n
o 41 53 n
o 30 42 e
o 25 15 w
o 58 60 e
# turn 129
o 40 41 w
o 73 26 n
o 38 68 w
o 32 115 w
o 33 115 w
o 33 5 s
o 18 5 s
o 22 47 e
o 29 118 s
o 46 3 s
o 49 70 w
o 62 27 s
o 68 66 n
o 21 61 n
o 25 14 e
o 32 61 e
o 38 50 s
o 40 30 s
o 40 53 s
o 50 34 w
o 52 42 n
o 58 53 w
o 58 61 w
o 62 38 s
o 29 13 w
o 30 21 w
o 27 25 s
o 26 26 s
o 25 32 w
o 38 41 w
o 37 41 s
o 35 41 s
o 44 34 s
o 39 22 n
o 30 43 s
# turn 130
o 40 40 s
o 47 3 n
o 38 67 w
o 67 66 s
o 32 114 n
o 33 114 n
o 22 48 w
o 63 27 n
o 30 118 n
o 34 5 s
o 49 69 e
o 72 26 s
o 19 5 w
o 20 61 n
o 25 31 e
o 32 62 e
o 36 41 n
o 39 50 n
o 41 53 n
o 58 52 e
o 29 12 n
o 30 20 w
o 28 25 s
o 27 26 w
o 38 40 w
o 38 41 s
o 45 34 s
o 38 22 w
o 31 43 e
o 63 38 n
o 51 42 s
o 25 15 w
o 50 33 e
o 41 30 s
o 58 60 e
# turn 131
o 38 66 w
o 31 114 w
o 32 114 w
o 35 5 s
o 29 118 s
o 22 47 e
o 46 3 s
o 49 70 w
o 62 27 s
o 19 4 s
o 68 66 n
o 73 26 s
o 19 61 n
o 25 14 e
o 32 63 e
o 38 50 s
o 40 53 n
o 42 30 w
o 52 42 n
o 58 53 w
o 58 61 w
o 62 38 s
o 28 12 w
o 30 19 w
o 29 25 s
o 27 25 s
o 38 39 w
o 39 41 w
o 46 34 s
o 38 21 w
o 31 44 s
o 50 34 s
o 25 32 w
o 41 40 w
o 35 41 e
# turn 132
o 38 65 w
o 47 3 n
o 67 66 s
o 31 113 s
o 32 113 s
o 22 48 w
o 63 27 n
o 20 4 n
o 30 118 n
o 36 5 s
o 49 69 e
o 74 26 s
o 18 61 w
o 25 31 e
o 32 64 e
o 35 42 w
o 39 53 n
o 42 29 s
o 58 52 e
o 28 11 n
o 30 18 w
o 30 25 w
o 28 25 s
o 38 38 w
o 39 40 s
o 47 34 s
o 38 20 w
o 32 44 e
o 51 34 s
o 41 39 w
o 63 38 n
o 25 15 w
o 39 50 n
o 30 42 w
o 51 42 s
o 58 60 e
# turn 133
o 38 64 w
o 32 113 w
o 33 113 w
o 18 60 w
o 29 118 n
o 37 5 s
o 19 4 s
o 22 47 e
o 46 3 s
o 49 70 w
o 62 27 s
o 68 66 n
o 75 26 s
o 25 14 e
o 32 65 e
o 38 50 s
o 38 53 n
o 52 42 n
o 58 53 w
o 58 61 w
o 62 38 s
o 27 11 w
o 30 17 w
o 30 24 w
o 29 25 s
o 38 37 w
o 40 40 w
o 48 34 s
o 38 19 w
o 32 45 s
o 52 34 s
o 41 38 s
o 30 41 s
o 35 41 e
o 43 29 s
o 25 32 w
# turn 134
o 47 3 n
o 39 50 s
o 38 63 w
o 67 66 s
o 32 112 n
o 33 112 n
o 18 59 w
o 38 5 s
o 63 27 n
o 49 69 e
o 28 118 s
o 20 4 w
o 22 48 e
o 76 26 s
o 32 66 e
o 37 53 n
o 58 52 e
o 27 10 n
o 30 16 w
o 30 23 w
o 30 25 w
o 38 36 w
o 40 39 s
o 49 34 s
o 38 18 n
o 33 45 s
o 53 34 s
o 42 38 w
o 31 41 s
o 35 42 e
o 44 29 s
o 25 31 w
o 63 38 n
o 51 42 s
o 25 15 w
o 58 60 e
# turn 135
o 40 50 s
o 38 62 w
o 31 112 w
o 32 112 w
o 18 58 n
o 29 118 n
o 39 5 s
o 46 3 s
o 49 70 w
o 62 27 s
o 20 3 s
o 22 49 e
o 68 66 n
o 77 26 s
o 25 14 e
o 32 67 e
o 36 53 n
o 58 53 n
o 58 61 w
o 62 38 s
o 26 10 n
o 30 15 w
o 30 22 w
o 30 24 w
o 38 35 w
o 41 39 w
o 50 34 s
o 37 18 n
o 34 45 s
o 54 34 s
o 42 37 s
o 32 41 s
o 35 43 e
o 45 29 s
o 25 30 w
o 52 42 s
o 30 42 w
# turn 136
o 41 50 w
o 47 3 n
o 38 61 w
o 78 26 s
o 31 111 s
o 32 111 s
o 21 3 n
o 67 66 s
o 63 27 n
o 49 69 e
o 28 118 s
o 40 5 n
o 17 58 e
o 22 50 n
o 25 29 e
o 32 68 e
o 35 53 n
o 36 18 s
o 57 53 w
o 58 60 w
o 25 10 w
o 30 14 w
o 30 21 w
o 30 23 w
o 38 34 w
o 41 38 s
o 51 34 s
o 35 45 s
o 55 34 s
o 43 37 w
o 33 41 s
o 35 44 e
o 46 29 s
o 53 42 s
o 30 41 s
o 25 15 w
o 63 38 n
# turn 137
o 38 60 w
o 79 26 s
o 54 42 s
o 32 111 w
o 33 111 w
o 17 59 w
o 29 118 n
o 20 3 n
o 39 5 s
o 46 3 s
o 49 70 w
o 62 27 s
o 21 50 n
o 68 66 n
o 25 14 e
o 32 69 e
o 34 53 n
o 41 49 s
o 57 52 s
o 58 59 e
o 62 38 s
o 25 9 w
o 30 13 n
o 30 20 w
o 30 22 w
o 38 33 w
o 42 38 w
o 52 34 s
o 36 45 s
o 56 34 s
o 43 36 s
o 34 41 s
o 35 45 s
o 47 29 s
o 31 41 s
o 25 30 w
o 37 18 n
# turn 138
o 38 59 w
o 47 3 n
o 80 26 s
o 55 42 s
o 32 110 n
o 33 110 n
o 67 66 s
o 63 27 n
o 49 69 e
o 28 118 s
o 40 5 n
o 17 58 e
o 19 3 e
o 20 50 n
o 25 29 e
o 32 70 e
o 33 53 n
o 36 18 s
o 37 45 s
o 42 37 e
o 42 49 e
o 58 52 e
o 25 8 n
o 29 13 w
o 30 19 w
o 30 21 w
o 38 32 w
o 53 34 s
o 57 34 s
o 44 36 w
o 35 41 s
o 36 45 s
o 48 29 s
o 32 41 s
o 58 60 e
o 30 42 w
o 63 38 n
o 25 15 w
# turn 139
o 81 26 s
o 56 42 s
o 38 58 s
o 31 110 w
o 32 110 w
o 17 59 w
o 29 118 n
o 39 5 s
o 19 4 s
o 46 3 s
o 49 70 w
o 62 27 s
o 19 50 e
o 68 66 n
o 25 14 e
o 32 53 e
o 32 71 e
o 38 45 s
o 42 50 s
o 58 53 s
o 58 61 w
o 62 38 s
o 24 8 w
o 29 12 n
o 30 18 w
o 30 20 w
o 38 31 w
o 54 34 s
o 58 34 s
o 44 35 s
o 36 41 s
o 37 45 e
o 49 29 e
o 33 41 s
o 30 41 w
o 25 30 w
o 42 38 w
o 37 18 n
# turn 140
o 47 3 n
o 57 42 e
o 39 58 s
o 32 72 s
o 63 27 n
o 24 7 w
o 67 66 s
o 49 69 e
o 28 118 s
o 31 109 e
o 32 109 e
o 40 5 n
o 17 58 e
o 19 51 s
o 20 4 e
o 82 26 e
o 25 29 e
o 32 54 e
o 36 18 s
o 37 41 e
o 28 12 w
o 30 17 w
o 30 19 w
o 38 30 w
o 55 34 s
o 59 34 s
o 45 35 w
o 37 46 e
o 49 30 e
o 34 41 s
o 30 40 w
o 42 37 s
o 59 53 s
o 63 38 n
o 30 42 w
o 39 45 e
o 43 50 n
o 25 15 w
o 58 60 e
# turn 141
o 25 30 n
o 57 43 s
o 40 58 s
o 17 59 w
o 33 72 e
o 39 5 s
o 24 6 n
o 31 110 w
o 29 118 n
o 20 5 s
o 46 3 s
o 49 70 w
o 62 27 s
o 20 51 s
o 32 110 e
o 68 66 n
o 82 27 e
o 25 14 e
o 32 55 e
o 37 42 s
o 39 46 s
o 42 50 s
o 58 61 w
o 60 53 n
o 28 11 n
o 30 16 w
o 30 18 w
o 38 29 w
o 56 34 s
o 60 34 w
o 45 34 s
o 37 47 e
o 49 31 e
o 35 41 s
o 30 39 w
o 43 37 w
o 62 38 w
o 30 41 s
o 37 18 n
# turn 142
o 24 30 n
o 47 3 n
o 58 43 e
o 41 58 s
o 33 73 s
o 23 6 w
o 63 27 n
o 67 66 s
o 32 111 w
o 49 69 e
o 28 118 s
o 40 5 n
o 17 58 e
o 21 5 w
o 21 51 s
o 31 109 n
o 82 28 n
o 32 56 e
o 38 42 s
o 27 11 w
o 30 15 w
o 30 17 w
o 38 28 w
o 57 34 s
o 60 33 s
o 46 34 s
o 37 48 s
o 49 32 s
o 36 41 s
o 30 38 w
o 43 36 s
o 62 37 w
o 31 41 s
o 36 18 n
o 25 15 w
o 59 53 s
o 40 46 e
o 43 50 n
o 58 60 e
# turn 143
o 23 30 n
o 58 44 s
o 42 58 s
o 17 59 w
o 34 73 e
o 39 5 s
o 61 33 s
o 23 5 n
o 30 109 w
o 29 118 n
o 21 4 s
o 22 51 n
o 46 3 s
o 49 70 w
o 62 27 s
o 81 28 e
o 32 110 e
o 68 66 n
o 25 14 e
o 30 16 e
o 32 57 e
o 39 42 s
o 40 47 w
o 42 50 s
o 58 61 w
o 60 53 n
o 27 10 n
o 30 14 w
o 38 27 w
o 58 34 s
o 47 34 s
o 38 48 e
o 50 32 e
o 37 41 s
o 30 37 n
o 44 36 w
o 62 36 w
o 32 41 s
o 35 18 n
# turn 144
o 47 3 n
o 43 58 s
o 22 4 w
o 22 5 w
o 32 111 w
o 62 33 w
o 63 27 n
o 67 66 s
o 49 69 e
o 28 118 s
o 34 74 n
o 40 5 n
o 17 58 e
o 21 51 s
o 30 108 e
o 81 29 n
o 22 30 w
o 32 58 e
o 26 10 n
o 30 13 n
o 38 26 w
o 59 34 s
o 48 34 s
o 38 49 e
o 50 33 e
o 38 41 w
o 29 37 w
o 44 35 s
o 62 35 w
o 33 41 s
o 34 18 n
o 25 15 w
o 30 17 w
o 43 50 n
o 40 46 e
o 40 42 w
o 59 44 s
o 59 53 s
o 58 60 e
# turn 145
o 44 58 s
o 60 44 n
o 22 3 e
o 22 4 e
o 17 59 w
o 30 109 w
o 29 118 n
o 25 10 w
o 33 74 s
o 62 34 s
o 62 32 w
o 39 5 s
o 22 51 e
o 46 3 s
o 49 70 w
o 62 27 s
o 80 29 s
o 32 110 e
o 68 66 n
o 25 14 e
o 32 59 e
o 40 41 s
o 40 47 w
o 42 50 s
o 58 61 w
o 60 53 n
o 29 13 w
o 38 25 w
o 60 34 w
o 49 34 w
o 38 50 e
o 50 34 s
o 38 40 w
o 29 36 n
o 45 35 w
o 34 41 s
o 33 18 w
o 30 16 w
o 30 42 w
o 22 29 s
# turn 146
o 45 58 w
o 47 3 n
o 59 44 w
o 22 4 w
o 22 5 w
o 32 111 w
o 25 9 w
o 63 34 w
o 62 31 w
o 60 33 s
o 67 66 s
o 49 69 e
o 28 118 s
o 34 74 n
o 40 5 n
o 63 27 e
o 81 29 s
o 17 58 e
o 22 52 s
o 30 108 w
o 23 29 s
o 32 60 e
o 40 46 w
o 29 12 n
o 38 24 w
o 49 33 s
o 38 51 n
o 51 34 s
o 38 39 w
o 28 36 w
o 45 34 s
o 35 41 s
o 33 17 w
o 30 15 w
o 30 41 s
o 25 15 w
o 59 53 s
o 43 50 n
o 30 42 w
o 41 41 w
o 58 60 e
# turn 147
o 59 43 n
o 45 57 e
o 30 107 w
o 32 110 w
o 22 3 e
o 22 4 e
o 63 28 s
o 17 59 w
o 29 118 n
o 25 8 w
o 33 74 e
o 63 33 w
o 61 33 s
o 39 5 s
o 23 52 n
o 46 3 s
o 49 70 w
o 82 29 s
o 68 66 n
o 24 29 w
o 25 14 e
o 32 61 e
o 41 40 e
o 42 50 e
o 58 61 w
o 60 53 n
o 28 12 w
o 38 23 w
o 50 33 e
o 37 51 e
o 52 34 s
o 38 38 w
o 28 35 n
o 46 34 s
o 36 41 s
o 33 16 w
o 30 14 w
o 31 41 s
o 30 41 s
o 40 45 n
# turn 148
o 47 3 n
o 22 4 w
o 22 5 w
o 25 7 n
o 64 28 n
o 62 30 w
o 63 32 w
o 62 33 w
o 67 66 s
o 49 69 e
o 22 52 s
o 28 118 s
o 32 109 e
o 33 75 w
o 40 5 n
o 45 58 s
o 83 29 s
o 17 58 e
o 30 106 e
o 24 28 s
o 32 62 n
o 38 37 s
o 39 45 s
o 42 51 w
o 28 11 n
o 38 22 w
o 50 34 s
o 37 52 n
o 53 34 s
o 27 35 w
o 47 34 s
o 37 41 s
o 33 15 w
o 30 13 w
o 32 41 s
o 31 41 s
o 25 15 w
o 30 42 e
o 41 41 w
o 58 43 s
o 59 53 s
o 58 60 e
# turn 149
o 46 58 e
o 38 21 e
o 63 28 s
o 62 29 s
o 22 3 e
o 22 4 e
o 17 59 w
o 63 31 n
o 62 32 s
o 29 118 n
o 32 110 w
o 24 7 w
o 39 5 s
o 23 52 n
o 33 74 w
o 46 3 s
o 49 70 w
o 84 29 s
o 30 107 w
o 68 66 n
o 25 14 e
o 30 12 e
o 31 62 e
o 39 37 w
o 41 40 e
o 42 50 e
o 48 34 n
o 58 61 w
o 60 53 n
o 27 11 w
o 51 34 s
o 36 52 e
o 54 34 s
o 27 34 n
o 38 41 s
o 33 14 w
o 33 41 s
o 32 41 s
o 30 43 e
o 59 43 w
o 25 28 s
o 40 45 n
o 30 42 e
# turn 150
o 47 3 n
o 38 22 s
o 24 6 w
o 63 32 w
o 62 31 w
o 64 28 n
o 63 29 n
o 67 66 s
o 49 69 e
o 22 52 s
o 28 118 s
o 32 109 e
o 33 73 n
o 40 5 n
o 46 59 s
o 85 29 e
o 17 58 e
o 30 106 e
o 31 63 e
o 39 45 s
o 42 51 w
o 47 34 s
o 59 42 e
o 27 10 n
o 52 34 s
o 36 53 n
o 55 34 s
o 26 34 n
o 39 41 w
o 33 13 w
o 34 41 s
o 33 41 s
o 30 44 e
o 26 28 w
o 30 43 s
o 25 15 w
o 30 13 w
o 39 36 s
o 41 41 w
o 59 53 s
o 58 60 e
# turn 151
o 47 59 e
o 39 22 e
o 63 28 s
o 62 29 s
o 17 59 w
o 29 118 n
o 32 110 w
o 24 5 w
o 39 5 s
o 63 31 s
o 23 52 n
o 32 73 w
o 46 3 s
o 49 70 w
o 85 30 e
o 30 107 w
o 68 66 n
o 25 14 e
o 31 64 n
o 41 40 e
o 42 50 e
o 58 61 w
o 60 53 n
o 26 10 n
o 53 34 s
o 35 53 n
o 56 34 s
o 25 34 w
o 39 40 s
o 33 12 w
o 35 41 s
o 34 41 s
o 30 45 s
o 26 27 w
o 31 43 e
o 30 12 w
o 40 36 w
o 59 43 w
o 48 34 s
o 40 45 n
# turn 152
o 39 23 s
o 47 3 n
o 64 28 n
o 63 29 n
o 62 30 s
o 64 31 w
o 67 66 s
o 49 69 e
o 24 4 n
o 25 10 w
o 28 118 s
o 22 52 s
o 32 72 w
o 32 109 e
o 40 5 n
o 47 60 w
o 85 31 s
o 17 58 e
o 30 106 e
o 26 26 s
o 30 64 e
o 39 45 s
o 40 35 n
o 42 51 w
o 59 42 e
o 54 34 s
o 34 53 n
o 57 34 s
o 25 33 w
o 40 40 w
o 33 11 w
o 36 41 s
o 35 41 s
o 31 45 s
o 31 44 s
o 30 11 w
o 49 34 s
o 41 41 w
o 59 53 s
o 58 60 e
o 25 15 w
# turn 153
o 63 28 e
o 62 29 e
o 17 59 w
o 30 65 e
o 63 30 e
o 64 30 w
o 29 118 n
o 32 110 w
o 23 4 w
o 25 9 w
o 39 5 s
o 23 52 n
o 32 71 n
o 46 3 s
o 49 70 w
o 86 31 e
o 30 107 w
o 47 59 n
o 68 66 n
o 25 14 e
o 25 32 e
o 27 26 s
o 41 40 e
o 42 50 e
o 50 34 w
o 58 61 w
o 60 53 n
o 55 34 s
o 33 53 e
o 58 34 s
o 40 39 s
o 33 10 w
o 37 41 s
o 36 41 s
o 32 45 s
o 32 44 e
o 30 10 w
o 59 43 w
o 30 42 e
o 40 45 n
o 39 35 w
o 40 23 n
# turn 154
o 47 3 n
o 22 4 n
o 22 5 n
o 31 71 s
o 30 66 e
o 63 31 s
o 63 29 n
o 62 30 s
o 64 29 w
o 67 66 e
o 49 69 e
o 25 8 w
o 23 3 n
o 28 118 s
o 22 52 s
o 32 109 e
o 40 5 n
o 46 59 s
o 86 32 s
o 17 58 e
o 30 106 e
o 28 26 w
o 39 45 s
o 42 51 w
o 59 42 e
o 56 34 s
o 33 54 n
o 59 34 s
o 41 39 w
o 33 9 w
o 38 41 w
o 37 41 s
o 33 45 s
o 32 45 s
o 30 9 w
o 30 43 s
o 39 34 s
o 39 23 w
o 50 33 e
o 41 41 w
o 30 42 e
o 25 33 w
o 59 53 s
o 58 60 e
o 25 15 w
# turn 155
o 62 29 s
o 22 3 n
o 17 59 w
o 30 67 e
o 60 34 s
o 64 31 n
o 63 30 n
o 29 118 n
o 25 7 w
o 39 5 s
o 32 110 w
o 23 52 n
o 32 71 n
o 46 3 s
o 49 70 w
o 30 107 w
o 47 59 n
o 67 67 n
o 87 32 e
o 25 14 e
o 25 32 e
o 28 25 s
o 39 22 e
o 40 34 s
o 41 40 e
o 42 50 e
o 50 34 w
o 58 61 w
o 60 53 n
o 57 34 s
o 32 54 e
o 41 38 s
o 33 8 w
o 38 40 w
o 38 41 s
o 34 45 s
o 33 45 s
o 30 8 w
o 31 43 e
o 30 43 s
o 40 45 n
o 59 43 w
# turn 156
o 47 3 n
o 30 68 n
o 21 3 s
o 21 4 s
o 21 5 s
o 61 34 s
o 64 28 n
o 63 31 s
o 63 29 n
o 62 30 s
o 31 71 s
o 66 67 s
o 49 69 e
o 33 7 w
o 25 6 w
o 22 52 s
o 28 118 s
o 32 109 e
o 40 5 n
o 46 59 s
o 17 58 e
o 30 106 e
o 87 33 s
o 29 25 s
o 39 45 s
o 42 51 w
o 59 42 e
o 58 34 s
o 32 55 e
o 42 38 w
o 38 39 w
o 39 41 w
o 35 45 s
o 34 45 s
o 30 7 w
o 31 44 s
o 31 43 e
o 39 23 w
o 25 33 w
o 50 33 e
o 41 34 s
o 41 41 w
o 59 53 s
o 58 60 e
o 25 15 w
# turn 157
o 29 68 n
o 63 28 e
o 62 29 e
o 22 5 e
o 64 31 w
o 63 30 e
o 59 34 s
o 62 34 s
o 29 118 n
o 33 6 w
o 25 5 n
o 39 5 s
o 32 110 w
o 17 59 w
o 23 52 n
o 32 71 n
o 46 3 s
o 49 70 w
o 30 107 w
o 47 59 n
o 67 67 n
o 88 33 s
o 25 14 e
o 25 32 e
o 30 25 w
o 39 22 e
o 41 40 e
o 42 34 s
o 42 50 e
o 50 34 w
o 58 61 w
o 60 53 n
o 32 56 e
o 42 37 s
o 38 38 w
o 39 40 s
o 36 45 s
o 35 45 s
o 30 6 w
o 32 44 e
o 31 44 s
o 40 45 n
o 59 43 w
# turn 158
o 47 3 n
o 28 68 n
o 64 30 w
o 63 31 s
o 63 29 n
o 62 30 s
o 60 34 s
o 63 34 w
o 31 71 s
o 66 67 s
o 33 5 s
o 24 5 n
o 49 69 e
o 28 118 s
o 22 52 s
o 32 109 e
o 40 5 n
o 46 59 s
o 17 58 e
o 22 6 e
o 30 106 e
o 89 33 e
o 25 15 w
o 25 33 w
o 30 24 s
o 39 45 s
o 42 51 w
o 59 42 e
o 32 57 e
o 43 37 w
o 38 37 w
o 40 40 w
o 37 45 e
o 36 45 s
o 30 5 n
o 32 45 s
o 32 44 e
o 50 33 e
o 41 41 w
o 43 34 s
o 39 23 w
o 59 53 s
o 58 60 e
# turn 159
o 27 68 w
o 89 34 s
o 64 31 w
o 64 29 w
o 63 30 w
o 61 34 s
o 63 33 s
o 29 5 n
o 23 5 n
o 34 5 s
o 39 5 s
o 29 118 n
o 32 110 w
o 17 59 w
o 23 52 n
o 32 71 n
o 46 3 s
o 49 70 w
o 62 29 e
o 22 7 s
o 30 107 w
o 47 59 n
o 67 67 n
o 25 14 s
o 25 32 e
o 31 24 s
o 32 58 w
o 41 40 e
o 42 50 e
o 44 34 s
o 50 34 w
o 58 61 w
o 60 53 n
o 43 36 s
o 38 36 w
o 40 39 s
o 37 46 e
o 37 45 e
o 33 45 s
o 32 45 s
o 39 22 n
o 59 43 w
o 40 45 n
# turn 160
o 47 3 n
o 27 67 n
o 90 34 s
o 64 28 e
o 63 29 e
o 62 30 e
o 22 5 e
o 62 34 w
o 64 33 w
o 64 30 s
o 31 71 e
o 66 67 s
o 28 5 n
o 23 7 w
o 35 5 s
o 49 69 e
o 28 118 s
o 22 52 s
o 32 109 e
o 40 5 n
o 46 59 s
o 17 58 e
o 30 106 e
o 25 33 w
o 26 14 w
o 39 45 s
o 42 51 w
o 59 42 e
o 44 36 w
o 38 35 w
o 41 39 w
o 37 47 e
o 37 46 s
o 34 45 s
o 33 45 s
o 38 22 w
o 32 24 w
o 50 33 e
o 45 34 s
o 41 41 w
o 32 57 s
o 59 53 s
o 58 60 e
# turn 161
o 26 67 w
o 91 34 e
o 17 59 w
o 65 30 w
o 64 29 n
o 63 30 n
o 62 33 w
o 62 31 s
o 64 32 w
o 23 6 w
o 27 5 n
o 36 5 s
o 39 5 s
o 29 118 n
o 32 110 w
o 23 52 n
o 31 72 w
o 46 3 s
o 49 70 w
o 22 6 w
o 30 107 w
o 47 59 n
o 67 67 n
o 25 32 e
o 26 13 e
o 33 57 w
o 41 40 e
o 42 50 e
o 46 34 w
o 58 61 w
o 60 53 n
o 44 35 s
o 38 34 w
o 41 38 s
o 37 48 s
o 38 46 e
o 35 45 s
o 34 45 s
o 38 21 w
o 32 23 s
o 50 34 s
o 59 43 w
o 40 45 n
# turn 162
o 47 3 n
o 26 66 n
o 91 35 s
o 63 29 e
o 62 30 e
o 22 3 n
o 22 4 n
o 22 5 n
o 65 29 n
o 63 31 e
o 62 32 e
o 64 31 w
o 66 67 s
o 23 5 w
o 26 5 w
o 37 5 s
o 28 118 s
o 22 52 s
o 31 71 w
o 32 109 e
o 40 5 n
o 46 59 s
o 17 58 e
o 30 106 e
o 49 69 n
o 25 33 w
o 26 14 n
o 39 45 s
o 42 51 w
o 46 33 w
o 59 42 e
o 45 35 w
o 38 33 w
o 42 38 w
o 38 48 e
o 38 47 e
o 36 45 s
o 35 45 s
o 38 20 w
o 33 23 w
o 51 34 s
o 33 56 e
o 41 41 e
o 59 53 s
o 58 60 e
# turn 163
o 25 66 w
o 17 59 w
o 64 29 n
o 63 32 s
o 62 33 s
o 64 30 w
o 23 4 w
o 26 4 n
o 29 118 n
o 32 110 w
o 38 5 e
o 39 5 s
o 48 69 e
o 23 52 n
o 31 70 w
o 46 3 s
o 30 107 w
o 47 59 n
o 67 67 n
o 92 35 e
o 25 14 e
o 25 32 e
o 33 22 w
o 42 50 e
o 58 61 n
o 60 53 n
o 45 34 s
o 38 32 w
o 42 37 s
o 38 49 e
o 38 48 e
o 37 45 e
o 36 45 s
o 38 19 w
o 52 34 s
o 33 57 e
o 41 42 n
o 59 43 w
o 46 32 s
o 40 45 n
# turn 164
o 25 65 n
o 47 3 n
o 37 45 n
o 63 29 e
o 63 30 s
o 21 3 n
o 21 4 n
o 40 5 n
o 64 32 s
o 63 33 w
o 66 67 s
o 23 3 n
o 25 4 w
o 28 118 s
o 22 52 s
o 31 69 n
o 32 109 e
o 46 59 s
o 48 70 w
o 17 58 e
o 21 5 s
o 30 106 e
o 92 36 s
o 25 15 w
o 25 33 w
o 33 21 w
o 38 31 w
o 39 45 s
o 42 51 w
o 57 61 e
o 59 42 e
o 46 34 s
o 43 37 w
o 38 50 e
o 38 49 e
o 37 46 s
o 38 18 n
o 53 34 s
o 33 58 e
o 40 42 e
o 47 32 s
o 59 53 s
# turn 165
o 24 65 w
o 36 45 n
o 20 3 w
o 20 4 w
o 39 5 s
o 38 6 s
o 17 59 w
o 33 59 e
o 65 32 w
o 64 29 n
o 63 32 s
o 64 30 w
o 22 5 n
o 22 3 e
o 25 3 w
o 29 118 n
o 32 110 w
o 48 69 e
o 23 52 n
o 30 69 w
o 46 3 s
o 93 36 n
o 30 107 w
o 47 59 n
o 67 67 n
o 25 14 s
o 25 32 e
o 33 20 w
o 38 30 s
o 40 43 s
o 42 50 e
o 57 62 e
o 60 53 s
o 47 34 s
o 43 36 s
o 38 51 n
o 38 50 e
o 38 46 e
o 37 18 n
o 54 34 s
o 48 32 s
o 59 43 w
o 40 45 n
# turn 166
o 47 3 n
o 35 45 n
o 40 5 n
o 39 6 n
o 32 109 n
o 63 29 e
o 63 30 s
o 22 4 n
o 25 2 w
o 33 60 e
o 65 31 w
o 64 32 s
o 66 67 s
o 20 2 s
o 28 118 s
o 22 52 s
o 30 68 w
o 48 70 w
o 17 58 e
o 20 3 e
o 21 5 s
o 46 59 n
o 92 36 s
o 25 33 w
o 26 14 w
o 39 30 w
o 39 45 s
o 42 51 s
o 57 63 e
o 59 42 e
o 61 53 n
o 48 34 s
o 44 36 w
o 37 51 e
o 38 51 e
o 38 47 e
o 36 18 n
o 55 34 s
o 49 32 s
o 33 19 w
o 24 64 e
o 41 43 e
# turn 167
o 30 42 e
o 22 5 n
o 21 4 w
o 21 2 n
o 29 118 n
o 31 109 s
o 17 59 w
o 24 65 s
o 33 61 e
o 65 32 w
o 64 29 n
o 64 30 w
o 65 30 w
o 39 5 s
o 38 6 e
o 48 69 e
o 25 1 n
o 23 52 n
o 30 67 w
o 45 59 s
o 46 3 s
o 93 36 n
o 20 4 w
o 30 106 e
o 67 67 n
o 25 32 w
o 26 13 w
o 41 44 w
o 57 64 e
o 60 53 n
o 49 34 s
o 44 35 s
o 37 52 n
o 38 52 e
o 38 48 e
o 35 18 n
o 56 34 s
o 50 32 e
o 33 18 w
o 59 43 w
o 39 29 s
o 43 51 e
o 40 45 n
o 34 45 s
# turn 168
o 30 43 e
o 47 3 n
o 33 17 w
o 40 5 n
o 38 7 n
o 28 118 s
o 32 109 n
o 63 29 e
o 63 30 s
o 21 5 n
o 21 3 e
o 25 65 s
o 33 62 e
o 65 31 s
o 65 29 w
o 66 67 s
o 20 2 s
o 22 52 s
o 30 66 n
o 48 70 w
o 17 58 e
o 20 3 w
o 46 59 n
o 92 36 w
o 25 31 w
o 26 12 e
o 39 45 s
o 43 52 s
o 57 65 e
o 59 42 e
o 50 34 s
o 45 35 w
o 36 52 e
o 38 53 n
o 38 49 e
o 34 18 n
o 57 34 s
o 50 33 e
o 40 29 s
o 35 45 s
o 41 43 e
o 59 53 s
# turn 169
o 30 44 n
o 33 16 w
o 29 66 n
o 39 5 s
o 37 7 s
o 29 118 n
o 24 1 w
o 21 4 n
o 20 5 n
o 21 2 e
o 31 109 s
o 17 59 w
o 58 34 s
o 65 28 n
o 64 29 n
o 64 30 s
o 66 31 w
o 26 65 e
o 48 69 e
o 23 52 n
o 45 59 s
o 46 3 s
o 20 2 w
o 30 107 w
o 67 67 n
o 92 35 n
o 26 13 e
o 41 29 w
o 41 44 w
o 57 66 e
o 60 53 s
o 51 34 s
o 45 34 s
o 36 53 n
o 37 53 n
o 38 50 e
o 33 18 w
o 50 34 s
o 36 45 s
o 25 30 w
o 59 43 w
o 44 52 e
o 40 45 n
# turn 170
o 47 3 n
o 33 15 w
o 40 5 n
o 38 7 n
o 28 118 s
o 24 0 n
o 32 109 n
o 64 28 s
o 63 29 s
o 21 3 n
o 20 4 n
o 65 30 w
o 66 30 w
o 59 34 s
o 33 63 e
o 66 67 s
o 20 1 s
o 19 5 s
o 22 52 s
o 28 66 n
o 17 58 e
o 26 66 n
o 46 59 n
o 48 70 w
o 91 35 w
o 25 29 e
o 26 14 n
o 39 45 s
o 41 28 s
o 44 53 w
o 57 67 e
o 59 42 e
o 61 53 w
o 52 34 s
o 46 34 s
o 35 53 n
o 36 53 n
o 38 51 e
o 33 17 w
o 51 34 s
o 37 45 e
o 29 44 s
o 41 43 e
# turn 171
o 33 14 w
o 39 5 s
o 37 7 s
o 29 118 n
o 31 109 s
o 20 5 n
o 20 3 n
o 19 4 n
o 21 1 n
o 23 0 w
o 60 34 w
o 65 28 n
o 64 29 n
o 65 29 w
o 66 29 w
o 33 64 e
o 57 68 e
o 48 69 e
o 23 52 n
o 27 66 n
o 45 59 s
o 46 3 s
o 17 59 n
o 25 66 n
o 30 106 e
o 67 67 n
o 91 34 e
o 25 14 e
o 25 30 w
o 30 42 s
o 37 46 s
o 41 44 w
o 47 34 e
o 61 52 e
o 53 34 s
o 34 53 n
o 35 53 n
o 38 52 e
o 33 16 w
o 52 34 s
o 30 44 e
o 42 28 e
o 59 43 w
o 40 45 n
o 44 52 e
# turn 172
o 33 13 n
o 47 3 n
o 28 118 s
o 23 119 e
o 32 109 n
o 40 5 n
o 38 7 n
o 19 5 n
o 18 4 n
o 64 28 w
o 65 28 n
o 63 29 s
o 57 69 e
o 19 3 n
o 20 1 e
o 66 28 w
o 60 33 s
o 33 65 n
o 66 67 s
o 46 59 n
o 16 59 s
o 22 52 s
o 26 66 n
o 91 35 n
o 24 66 n
o 48 70 w
o 25 29 s
o 31 42 w
o 33 15 e
o 39 45 s
o 42 29 w
o 44 53 w
o 59 42 e
o 61 53 s
o 54 34 s
o 33 53 e
o 34 53 n
o 38 53 n
o 53 34 s
o 30 45 s
o 25 15 w
o 47 35 w
o 41 43 e
o 38 46 e
# turn 173
o 18 5 s
o 17 4 s
o 64 27 w
o 64 28 w
o 57 70 e
o 48 69 e
o 29 118 n
o 31 109 s
o 20 2 n
o 23 0 w
o 39 5 s
o 37 7 s
o 61 33 s
o 66 27 e
o 64 29 n
o 32 65 n
o 23 52 n
o 25 66 n
o 45 59 s
o 46 3 s
o 17 59 w
o 23 66 w
o 30 107 w
o 67 67 n
o 90 35 w
o 25 14 e
o 26 29 n
o 38 47 w
o 41 44 w
o 44 52 s
o 47 34 e
o 59 43 n
o 62 53 e
o 55 34 s
o 33 54 n
o 33 53 e
o 37 53 n
o 54 34 s
o 31 45 s
o 33 16 w
o 32 13 s
o 42 28 e
o 31 41 e
o 40 45 n
# turn 174
o 47 3 n
o 40 5 n
o 38 7 n
o 64 27 w
o 64 26 w
o 19 5 n
o 18 4 n
o 23 119 s
o 57 71 n
o 63 30 n
o 62 33 w
o 62 31 s
o 66 28 n
o 31 65 n
o 66 67 s
o 17 58 e
o 22 52 s
o 24 66 w
o 28 118 s
o 32 109 e
o 23 65 e
o 30 106 e
o 46 59 n
o 48 70 w
o 90 34 n
o 25 29 e
o 31 42 w
o 33 15 e
o 42 29 w
o 45 52 s
o 62 54 e
o 56 34 s
o 32 54 e
o 33 54 e
o 36 53 n
o 55 34 s
o 32 45 s
o 33 13 w
o 39 45 e
o 25 15 w
o 47 35 w
o 30 42 w
o 41 43 e
o 38 46 e
o 58 43 s
# turn 175
o 18 5 s
o 17 4 s
o 64 25 n
o 64 26 n
o 63 29 w
o 62 30 e
o 56 71 e
o 48 69 e
o 39 5 s
o 37 7 s
o 29 118 n
o 32 110 w
o 19 2 n
o 18 3 n
o 63 31 w
o 62 32 s
o 65 28 w
o 30 65 e
o 67 67 s
o 24 119 e
o 23 52 n
o 23 66 w
o 24 65 w
o 45 59 s
o 46 3 s
o 17 59 n
o 30 107 w
o 89 34 w
o 25 14 e
o 25 30 w
o 38 47 w
o 41 44 w
o 46 52 w
o 47 34 e
o 62 55 e
o 57 34 s
o 32 55 n
o 33 55 e
o 35 53 n
o 56 34 s
o 33 45 s
o 33 12 w
o 39 46 e
o 30 41 w
o 59 43 w
o 33 16 w
o 42 28 e
o 31 41 e
# turn 176
o 47 3 n
o 46 59 e
o 40 5 n
o 38 7 n
o 18 2 n
o 17 3 n
o 63 28 w
o 56 72 n
o 24 0 w
o 19 5 n
o 18 4 n
o 58 34 s
o 63 32 w
o 68 67 e
o 65 27 w
o 16 59 s
o 22 52 s
o 28 118 s
o 30 66 s
o 32 109 e
o 48 70 w
o 23 65 e
o 24 64 w
o 30 106 e
o 89 33 w
o 25 29 s
o 30 40 w
o 33 15 e
o 42 29 w
o 46 51 s
o 59 42 e
o 62 56 e
o 31 55 e
o 33 56 e
o 34 53 n
o 57 34 s
o 34 45 s
o 33 11 w
o 39 47 e
o 31 42 e
o 25 15 w
o 47 35 w
o 41 43 e
o 38 46 e
# turn 177
o 18 5 s
o 17 4 s
o 16 3 s
o 17 2 s
o 63 25 n
o 63 26 n
o 63 27 n
o 23 66 n
o 55 72 e
o 48 69 e
o 39 5 s
o 37 7 s
o 29 118 n
o 32 110 w
o 63 31 s
o 58 34 e
o 59 34 s
o 68 68 s
o 65 26 w
o 23 52 n
o 24 119 e
o 46 3 s
o 46 60 w
o 17 59 w
o 24 63 s
o 30 107 w
o 89 32 w
o 25 14 e
o 26 29 n
o 38 47 w
o 41 44 w
o 47 34 e
o 62 57 n
o 31 56 n
o 33 57 e
o 33 53 e
o 35 45 s
o 33 10 w
o 39 48 n
o 31 43 e
o 33 16 w
o 42 28 e
o 59 43 w
o 30 39 e
o 47 51 e
# turn 178
o 47 3 n
o 46 59 e
o 40 5 n
o 38 7 n
o 55 73 n
o 24 0 w
o 19 5 n
o 18 4 n
o 18 2 n
o 17 3 n
o 60 34 s
o 64 31 w
o 63 30 w
o 62 31 w
o 65 25 e
o 17 58 e
o 22 52 s
o 25 63 n
o 28 118 s
o 32 109 e
o 48 70 w
o 22 66 s
o 30 106 e
o 31 66 e
o 69 68 w
o 89 31 w
o 25 29 s
o 30 40 w
o 33 15 e
o 42 29 w
o 47 52 s
o 59 42 e
o 61 57 n
o 30 56 e
o 33 58 e
o 33 54 e
o 36 45 s
o 33 9 w
o 38 48 e
o 31 44 e
o 25 15 w
o 47 35 w
o 58 35 s
o 41 43 e
o 38 46 e
# turn 179
o 18 5 s
o 17 4 s
o 16 3 s
o 62 27 e
o 63 29 n
o 31 67 w
o 39 5 s
o 37 7 s
o 29 118 n
o 32 110 w
o 59 35 s
o 61 34 w
o 64 30 w
o 30 57 e
o 69 67 e
o 48 69 n
o 65 26 s
o 17 2 s
o 23 52 n
o 24 119 e
o 46 3 s
o 46 60 w
o 17 59 n
o 24 63 w
o 30 107 w
o 54 73 s
o 89 30 w
o 25 14 e
o 26 29 n
o 41 44 w
o 47 34 e
o 48 52 s
o 59 43 n
o 60 57 e
o 33 59 e
o 33 55 e
o 37 45 e
o 33 8 w
o 38 49 e
o 31 45 s
o 38 47 e
o 33 16 w
o 42 28 e
o 30 39 e
# turn 180
o 47 3 n
o 46 59 e
o 40 5 n
o 38 7 n
o 33 7 w
o 24 0 w
o 19 5 n
o 18 4 n
o 18 2 n
o 17 3 n
o 30 58 e
o 64 29 w
o 60 35 s
o 61 33 s
o 66 26 s
o 16 59 s
o 22 52 s
o 28 118 s
o 32 109 e
o 23 66 n
o 24 62 w
o 30 106 e
o 31 66 e
o 47 69 w
o 55 73 s
o 69 68 w
o 89 29 w
o 25 29 s
o 30 40 w
o 33 15 e
o 42 29 w
o 49 52 s
o 58 43 e
o 60 58 n
o 33 60 e
o 33 56 e
o 37 46 e
o 38 50 e
o 32 45 s
o 38 48 e
o 25 15 w
o 47 35 w
o 41 43 e
# turn 181
o 46 60 e
o 18 5 s
o 17 4 s
o 16 3 w
o 17 2 w
o 33 6 w
o 39 5 s
o 37 7 s
o 29 118 n
o 32 110 w
o 30 59 e
o 33 61 e
o 64 28 n
o 61 35 w
o 62 33 w
o 69 67 e
o 67 26 s
o 23 52 n
o 24 119 e
o 31 67 w
o 46 3 s
o 17 59 w
o 22 66 s
o 24 61 n
o 30 107 w
o 47 68 s
o 56 73 s
o 62 30 s
o 89 28 w
o 25 14 e
o 26 29 n
o 41 44 w
o 47 34 e
o 50 52 s
o 58 44 e
o 59 58 n
o 33 57 e
o 37 47 e
o 38 51 n
o 33 45 s
o 38 49 e
o 33 16 w
o 42 28 e
o 30 39 e
# turn 182
o 46 61 e
o 47 3 n
o 40 5 n
o 38 7 n
o 17 1 e
o 16 2 e
o 33 5 s
o 24 0 w
o 19 5 n
o 18 4 n
o 30 60 e
o 33 62 e
o 63 30 w
o 63 28 w
o 61 34 e
o 62 32 w
o 48 68 n
o 68 26 n
o 17 58 e
o 22 52 s
o 28 118 s
o 31 66 s
o 32 109 e
o 23 61 w
o 23 66 s
o 30 106 e
o 57 73 n
o 69 68 w
o 89 27 e
o 25 29 s
o 30 40 w
o 33 15 e
o 42 29 w
o 51 52 w
o 58 45 n
o 58 58 s
o 33 58 e
o 37 48 s
o 37 51 e
o 34 45 s
o 38 50 e
o 25 15 w
o 47 35 w
o 41 43 e
# turn 183
o 18 5 s
o 17 4 s
o 16 3 s
o 24 66 w
o 34 5 s
o 39 5 s
o 37 7 s
o 29 118 n
o 32 110 w
o 17 2 n
o 61 35 s
o 63 27 n
o 62 31 w
o 63 29 e
o 67 26 s
o 30 61 e
o 33 63 n
o 33 59 e
o 69 67 e
o 23 52 n
o 24 119 e
o 46 3 s
o 47 68 s
o 56 73 w
o 17 59 n
o 23 60 n
o 30 107 w
o 46 62 w
o 89 28 n
o 25 14 e
o 26 29 n
o 41 44 w
o 47 34 e
o 57 45 e
o 59 58 s
o 38 48 e
o 37 52 n
o 35 45 s
o 38 51 n
o 33 16 w
o 42 28 e
o 30 39 e
o 51 51 e
# turn 184
o 47 3 n
o 40 5 n
o 38 7 n
o 32 66 s
o 62 25 w
o 62 26 w
o 62 27 w
o 62 28 w
o 35 5 s
o 24 0 w
o 19 5 n
o 18 4 n
o 17 3 n
o 33 60 e
o 32 63 e
o 63 30 w
o 62 35 w
o 56 72 n
o 48 68 n
o 68 26 n
o 16 2 s
o 16 59 s
o 22 52 s
o 28 118 s
o 32 109 e
o 46 61 s
o 22 60 s
o 24 65 e
o 30 106 e
o 62 29 w
o 62 30 e
o 69 68 w
o 88 28 n
o 25 29 s
o 30 40 w
o 33 15 e
o 42 29 w
o 57 46 e
o 60 58 w
o 38 49 e
o 36 52 e
o 36 45 s
o 37 51 e
o 51 52 s
o 25 15 w
o 47 35 w
o 30 42 e
o 41 43 e
# turn 185
o 18 5 s
o 17 4 s
o 16 3 s
o 36 5 s
o 37 7 s
o 39 5 s
o 29 118 n
o 32 110 w
o 17 2 n
o 33 61 n
o 63 29 n
o 62 31 w
o 62 34 e
o 67 26 s
o 69 67 e
o 23 52 n
o 24 66 w
o 24 119 e
o 46 3 s
o 47 68 s
o 55 72 w
o 17 59 w
o 23 60 n
o 30 107 w
o 47 61 n
o 62 24 w
o 87 28 n
o 25 14 e
o 26 29 n
o 41 44 w
o 47 34 e
o 57 47 e
o 60 57 s
o 38 50 e
o 36 53 n
o 37 45 e
o 37 52 n
o 52 52 e
o 30 43 s
o 33 16 w
o 42 28 e
o 30 39 e
# turn 186
o 47 3 n
o 38 7 n
o 40 5 n
o 37 5 s
o 24 0 w
o 19 5 n
o 18 4 n
o 17 3 n
o 32 61 e
o 62 23 w
o 62 35 s
o 48 68 n
o 16 2 s
o 17 58 e
o 22 52 s
o 28 118 s
o 32 109 e
o 46 61 s
o 68 26 n
o 22 60 s
o 24 65 e
o 30 106 e
o 55 71 w
o 62 30 e
o 69 68 w
o 86 28 e
o 25 29 s
o 30 40 w
o 33 15 e
o 41 43 s
o 42 29 w
o 57 48 e
o 61 57 n
o 38 51 n
o 35 53 n
o 37 46 e
o 36 52 e
o 52 53 s
o 31 43 e
o 25 15 w
o 47 35 w
# turn 187
o 30 107 w
o 60 57 e
o 18 5 s
o 17 4 s
o 16 3 s
o 37 7 s
o 38 5 e
o 39 5 s
o 29 118 n
o 32 110 w
o 17 2 n
o 69 67 e
o 32 62 n
o 62 22 w
o 62 31 w
o 67 26 s
o 63 35 e
o 23 52 n
o 24 66 w
o 24 119 e
o 46 3 s
o 47 68 s
o 86 29 w
o 17 59 w
o 23 60 n
o 47 61 n
o 55 70 w
o 25 14 e
o 26 29 n
o 33 16 n
o 42 43 w
o 47 34 e
o 57 49 n
o 37 51 e
o 34 53 n
o 37 47 e
o 36 53 n
o 53 53 s
o 31 44 s
o 42 28 e
o 30 39 e
# turn 188
o 47 3 n
o 60 58 n
o 38 7 n
o 40 5 n
o 24 0 w
o 19 5 n
o 18 4 n
o 17 3 n
o 31 62 e
o 62 21 w
o 63 36 e
o 16 2 s
o 17 58 e
o 22 52 s
o 28 118 s
o 32 109 e
o 46 61 s
o 68 26 n
o 22 60 s
o 24 65 e
o 30 106 e
o 48 68 n
o 55 69 n
o 62 30 e
o 69 68 w
o 86 28 e
o 25 29 e
o 32 16 s
o 37 48 s
o 42 29 w
o 42 42 s
o 54 53 w
o 56 49 s
o 37 52 n
o 33 53 e
o 35 53 n
o 32 44 e
o 30 40 e
o 25 15 w
o 47 35 w
# turn 189
o 59 58 n
o 18 5 s
o 17 4 s
o 16 3 s
o 32 64 e
o 31 63 e
o 33 66 n
o 30 62 e
o 29 118 n
o 32 110 w
o 17 2 n
o 39 5 s
o 38 6 e
o 37 7 w
o 69 67 e
o 62 20 w
o 62 31 w
o 67 26 s
o 23 52 n
o 24 66 w
o 24 119 e
o 46 3 s
o 47 68 s
o 54 69 w
o 86 29 w
o 17 59 w
o 23 60 n
o 30 107 w
o 47 61 n
o 25 14 e
o 25 30 w
o 30 41 w
o 33 16 n
o 43 42 n
o 47 34 e
o 54 52 s
o 57 49 n
o 63 37 e
o 36 52 e
o 33 54 n
o 34 53 n
o 32 45 s
o 42 28 e
o 30 42 w
o 38 48 e
# turn 190
o 47 3 n
o 58 58 n
o 40 5 n
o 38 7 n
o 32 65 n
o 30 63 e
o 62 25 w
o 62 26 w
o 62 27 w
o 62 28 w
o 24 0 w
o 19 5 n
o 18 4 n
o 17 3 n
o 37 6 s
o 62 19 w
o 68 26 e
o 16 2 s
o 17 58 e
o 22 52 s
o 28 118 s
o 32 109 e
o 46 61 s
o 22 60 s
o 24 65 e
o 30 106 e
o 48 68 n
o 54 68 s
o 62 29 s
o 62 30 e
o 69 68 w
o 86 28 w
o 25 29 e
o 32 16 s
o 36 53 s
o 38 49 e
o 42 29 w
o 42 42 s
o 55 52 s
o 56 49 e
o 32 54 e
o 33 53 e
o 33 45 s
o 30 41 s
o 25 15 w
o 47 35 w
o 30 40 e
o 63 38 n
# turn 191
o 57 58 n
o 18 5 s
o 17 4 s
o 16 3 s
o 37 7 w
o 31 64 n
o 30 64 w
o 24 66 w
o 69 67 e
o 29 118 n
o 32 110 w
o 17 2 n
o 39 5 e
o 68 27 s
o 62 31 w
o 63 29 n
o 62 18 s
o 23 52 n
o 24 119 e
o 46 3 s
o 47 68 s
o 55 68 w
o 17 59 w
o 23 60 n
o 30 107 w
o 47 61 n
o 86 27 w
o 25 14 e
o 25 30 w
o 33 16 n
o 43 42 n
o 47 34 e
o 56 50 w
o 56 52 e
o 62 38 s
o 32 55 n
o 33 54 n
o 34 45 s
o 31 41 w
o 30 41 s
o 42 28 e
o 38 50 e
o 37 53 n
# turn 192
o 47 3 n
o 39 6 w
o 24 65 w
o 24 0 w
o 19 5 n
o 18 4 n
o 17 3 n
o 30 63 s
o 56 58 e
o 69 27 e
o 16 2 s
o 17 58 e
o 22 52 s
o 28 118 s
o 32 109 e
o 46 61 s
o 55 67 w
o 63 18 e
o 22 60 w
o 30 106 e
o 69 68 w
o 86 26 w
o 25 29 e
o 32 16 s
o 36 53 s
o 38 51 w
o 42 29 w
o 42 42 s
o 56 49 e
o 56 53 s
o 31 55 e
o 32 54 e
o 35 45 s
o 31 40 n
o 31 41 e
o 25 15 w
o 47 35 w
o 63 38 n
# turn 193
o 37 6 s
o 38 6 s
o 18 5 s
o 17 4 s
o 16 3 s
o 24 64 w
o 39 5 s
o 29 118 n
o 32 110 w
o 17 2 n
o 69 28 e
o 62 38 w
o 63 19 w
o 56 59 e
o 31 63 s
o 69 67 e
o 23 52 n
o 24 119 e
o 46 3 s
o 55 66 w
o 17 59 w
o 22 59 n
o 30 107 w
o 47 61 n
o 86 25 w
o 25 14 e
o 25 30 w
o 33 16 n
o 36 45 s
o 37 53 w
o 47 34 e
o 56 50 w
o 57 53 s
o 31 56 e
o 32 55 n
o 30 40 w
o 31 42 e
o 42 28 e
o 43 42 s
o 30 42 w
o 38 50 e
# turn 194
o 47 3 n
o 62 37 s
o 19 5 n
o 39 6 s
o 38 6 s
o 24 0 w
o 18 4 n
o 17 3 n
o 63 18 w
o 32 63 e
o 56 60 e
o 69 29 s
o 16 2 s
o 17 58 e
o 22 52 s
o 28 118 s
o 32 109 e
o 46 61 s
o 55 65 w
o 21 59 s
o 24 63 e
o 30 106 e
o 69 68 w
o 86 24 w
o 25 29 s
o 32 16 s
o 37 52 s
o 42 29 w
o 56 49 s
o 58 53 s
o 31 57 e
o 31 55 e
o 30 39 w
o 31 43 e
o 44 42 s
o 30 41 w
o 38 51 n
o 25 15 w
o 47 35 w
o 37 45 e
# turn 195
o 63 37 s
o 17 2 e
o 40 5 s
o 40 6 s
o 39 6 s
o 46 3 s
o 18 5 s
o 17 4 s
o 16 3 w
o 62 29 s
o 62 30 e
o 62 27 s
o 62 26 s
o 29 118 n
o 32 110 w
o 32 64 s
o 31 58 e
o 56 61 e
o 69 67 e
o 70 29 e
o 23 52 n
o 24 119 e
o 55 64 w
o 62 25 s
o 63 17 e
o 86 23 e
o 17 59 w
o 22 59 e
o 30 107 w
o 47 61 n
o 25 14 e
o 33 16 n
o 37 46 s
o 37 51 s
o 38 52 s
o 47 34 e
o 59 53 s
o 31 56 e
o 30 38 w
o 31 44 e
o 45 42 s
o 30 40 w
o 26 29 s
o 42 28 e
o 57 49 e
# turn 196
o 64 37 e
o 19 5 n
o 41 5 s
o 41 6 s
o 40 6 s
o 47 3 s
o 32 66 w
o 31 65 w
o 30 64 w
o 55 63 w
o 24 0 w
o 18 4 n
o 17 3 n
o 31 59 e
o 31 57 e
o 33 64 e
o 63 18 w
o 16 2 s
o 17 58 e
o 22 52 s
o 28 118 s
o 32 109 e
o 46 61 s
o 22 60 w
o 24 64 e
o 30 106 e
o 69 68 w
o 86 24 e
o 27 29 w
o 32 16 s
o 39 52 s
o 42 29 w
o 57 50 e
o 60 53 s
o 30 37 n
o 31 45 s
o 46 42 s
o 30 39 w
o 25 15 w
o 38 46 e
o 38 51 n
o 47 35 w
# turn 197
o 64 38 s
o 17 2 e
o 41 6 w
o 62 31 w
o 63 29 n
o 63 27 n
o 63 26 n
o 63 25 n
o 18 5 s
o 17 4 s
o 16 3 w
o 32 65 s
o 33 65 s
o 69 67 e
o 29 118 n
o 32 110 w
o 31 60 e
o 31 58 e
o 86 25 w
o 48 3 w
o 23 52 n
o 24 119 e
o 42 5 w
o 63 17 e
o 17 59 w
o 22 59 e
o 24 65 s
o 30 107 w
o 47 61 n
o 25 14 e
o 33 16 n
o 38 47 w
o 40 52 s
o 47 34 e
o 61 53 s
o 29 37 w
o 32 45 s
o 47 42 s
o 30 38 w
o 37 51 e
o 57 51 e
o 27 28 s
o 42 28 e
# turn 198
o 47 35 n
o 42 6 w
o 62 29 w
o 62 30 w
o 42 4 s
o 24 0 w
o 19 5 n
o 18 4 n
o 17 3 n
o 31 61 e
o 31 59 e
o 63 18 w
o 16 2 s
o 17 58 e
o 22 52 s
o 25 65 n
o 28 118 s
o 32 109 e
o 46 61 s
o 86 24 e
o 22 60 s
o 30 106 e
o 33 65 n
o 34 65 n
o 69 68 w
o 28 28 n
o 32 16 s
o 42 29 w
o 57 52 w
o 62 53 s
o 65 38 n
o 29 36 n
o 33 45 s
o 48 42 s
o 30 37 n
o 37 52 n
o 25 15 w
o 41 52 n
o 38 46 e
# turn 199
o 46 35 n
o 18 5 s
o 17 4 s
o 16 3 s
o 69 67 e
o 29 118 n
o 32 110 w
o 17 2 n
o 31 62 n
o 31 60 n
o 33 65 e
o 48 2 e
o 86 25 e
o 23 52 n
o 24 119 e
o 63 17 e
o 17 59 w
o 23 60 n
o 24 65 s
o 30 107 w
o 47 61 n
o 62 24 w
o 25 14 e
o 33 16 n
o 40 52 s
o 64 38 w
o 28 36 w
o 34 45 s
o 49 42 s
o 29 37 w
o 36 52 e
o 38 47 e
o 27 28 s
o 30 42 w
o 42 28 e
o 63 53 e
o 57 51 e
# turn 200
o 45 35 n
o 42 5 e
o 41 5 e
o 33 66 w
o 24 0 w
o 19 5 n
o 18 4 n
o 17 3 n
o 30 62 s
o 30 60 e
o 63 18 w
o 62 23 e
o 16 2 s
o 17 58 e
o 22 52 s
o 25 65 n
o 28 118 s
o 32 109 e
o 46 61 s
o 86 26 n
o 22 60 s
o 30 106 e
o 69 68 w
o 32 16 s
o 42 29 w
o 57 52 w
o 63 54 e
o 64 37 n
o 28 35 n
o 35 45 s
o 50 42 s
o 29 36 n
o 36 53 n
o 38 48 e
o 28 28 w
o 30 41 s
o 25 15 w
o 41 52 n
# turn 201
o 44 35 n
o 42 6 n
o 41 6 n
o 55 62 e
o 56 62 e
o 18 5 s
o 17 4 s
o 16 3 s
o 69 67 e
o 29 118 n
o 32 110 w
o 17 2 n
o 31 62 n
o 30 61 s
o 33 65 e
o 63 17 w
o 85 26 e
o 23 52 n
o 24 119 e
o 17 59 w
o 23 60 n
o 24 65 s
o 30 107 w
o 47 61 n
o 62 24 w
o 25 14 e
o 33 16 n
o 40 52 s
o 63 37 n
o 27 35 w
o 36 45 s
o 51 42 s
o 28 36 w
o 35 53 n
o 38 49 e
o 28 27 s
o 31 41 s
o 63 55 e
o 57 51 e
o 42 28 e
# turn 202
o 43 35 n
o 40 6 w
o 41 6 w
o 33 66 w
o 63 16 w
o 62 37 n
o 62 23 e
o 31 61 e
o 30 62 w
o 24 0 w
o 19 5 n
o 18 4 n
o 17 3 n
o 16 2 s
o 17 58 e
o 22 52 s
o 25 65 n
o 28 118 s
o 32 109 e
o 46 61 s
o 70 30 w
o 85 27 n
o 22 60 s
o 30 106 e
o 69 68 w
o 32 16 s
o 42 29 w
o 63 56 n
o 27 34 n
o 37 45 e
o 52 42 s
o 28 35 n
o 34 53 n
o 38 50 e
o 29 27 w
o 32 41 s
o 57 52 e
o 25 15 w
o 41 52 n
# turn 203
o 55 63 n
o 56 63 n
o 48 3 e
o 43 4 s
o 40 5 s
o 41 5 s
o 32 65 e
o 31 64 e
o 30 63 e
o 18 5 s
o 17 4 s
o 16 3 s
o 69 67 e
o 84 27 w
o 63 15 s
o 31 62 n
o 30 61 s
o 33 65 e
o 29 118 n
o 32 110 w
o 24 119 e
o 17 59 w
o 23 52 n
o 23 60 n
o 24 65 s
o 30 107 w
o 47 61 n
o 62 24 w
o 70 29 s
o 25 14 e
o 33 16 n
o 37 46 s
o 40 52 s
o 42 35 w
o 53 42 n
o 57 53 n
o 61 37 n
o 26 34 n
o 27 35 w
o 33 53 e
o 38 51 n
o 29 26 s
o 33 41 s
o 62 56 e
o 42 28 e
# turn 204
o 41 5 e
o 42 5 e
o 44 4 e
o 48 4 e
o 62 23 e
o 31 61 e
o 30 62 e
o 19 5 n
o 18 4 n
o 24 0 w
o 17 58 e
o 22 52 s
o 25 65 n
o 28 118 s
o 32 109 e
o 46 61 s
o 64 15 e
o 84 26 e
o 22 60 s
o 30 106 e
o 69 68 w
o 71 29 s
o 32 16 s
o 42 29 w
o 42 34 s
o 60 37 e
o 62 57 w
o 25 34 w
o 27 34 n
o 33 54 e
o 37 51 e
o 30 26 w
o 34 41 s
o 52 42 s
o 56 53 s
o 30 42 w
o 38 46 e
o 41 52 n
o 25 15 w
# turn 205
o 57 53 w
o 18 5 s
o 17 4 s
o 62 28 e
o 62 29 e
o 54 63 w
o 55 63 w
o 69 67 e
o 31 62 n
o 30 63 s
o 29 118 n
o 32 110 w
o 72 29 e
o 64 16 w
o 44 5 w
o 24 119 e
o 41 6 w
o 42 6 w
o 84 27 n
o 17 59 w
o 23 52 n
o 23 60 n
o 24 65 e
o 30 107 w
o 47 61 n
o 25 14 e
o 33 16 n
o 38 47 w
o 40 52 s
o 53 42 n
o 60 38 s
o 25 33 w
o 26 34 n
o 33 55 e
o 37 52 n
o 30 25 s
o 35 41 s
o 30 41 s
o 42 28 w
o 43 34 s
o 62 56 e
# turn 206
o 57 52 w
o 54 62 s
o 55 62 s
o 31 63 e
o 30 62 e
o 19 5 n
o 18 4 n
o 24 0 w
o 83 27 s
o 72 30 e
o 17 58 e
o 22 52 s
o 24 66 w
o 28 118 s
o 32 109 e
o 46 61 s
o 64 15 e
o 22 60 s
o 30 106 e
o 41 5 n
o 42 5 w
o 44 4 e
o 69 68 w
o 32 16 w
o 44 34 s
o 61 38 s
o 25 32 w
o 25 34 w
o 33 56 e
o 36 52 e
o 31 25 w
o 36 41 s
o 31 41 s
o 42 27 n
o 62 57 n
o 25 15 w
o 38 46 e
o 41 52 n
o 52 42 s
# turn 207
o 57 51 n
o 18 5 s
o 17 4 s
o 55 62 w
o 56 62 w
o 69 67 e
o 42 4 e
o 44 5 n
o 29 118 n
o 32 110 w
o 30 63 s
o 31 64 s
o 64 16 w
o 62 38 w
o 23 52 n
o 24 119 e
o 40 5 w
o 84 27 n
o 17 59 w
o 23 60 n
o 24 65 e
o 30 107 w
o 47 61 n
o 25 14 e
o 32 15 n
o 38 47 w
o 40 52 s
o 45 34 s
o 53 42 n
o 25 31 w
o 25 33 w
o 33 57 e
o 36 53 n
o 31 24 s
o 37 41 s
o 32 41 s
o 41 27 w
o 61 57 e
# turn 208
o 56 51 w
o 43 5 e
o 56 61 s
o 32 64 e
o 31 63 e
o 33 58 e
o 19 5 n
o 18 4 n
o 24 0 w
o 62 37 w
o 61 58 n
o 17 58 e
o 22 52 s
o 24 66 w
o 28 118 s
o 32 109 e
o 46 61 s
o 64 15 e
o 22 60 s
o 30 106 e
o 69 68 w
o 83 27 n
o 31 15 s
o 41 26 w
o 25 30 w
o 25 32 w
o 35 53 n
o 32 24 w
o 38 41 s
o 33 41 s
o 38 46 e
o 41 52 n
o 52 42 s
o 25 15 w
o 46 34 s
# turn 209
o 57 61 w
o 55 61 w
o 18 5 s
o 17 4 s
o 40 4 e
o 42 5 n
o 69 67 e
o 60 58 e
o 29 118 n
o 32 110 w
o 31 64 s
o 32 65 s
o 33 59 e
o 64 16 w
o 62 36 w
o 23 52 n
o 24 119 e
o 17 59 w
o 23 60 n
o 24 65 e
o 30 107 w
o 47 61 n
o 82 27 n
o 25 14 e
o 32 15 n
o 38 47 w
o 39 41 w
o 40 52 s
o 53 42 n
o 56 50 e
o 25 29 w
o 25 31 w
o 34 53 n
o 32 23 s
o 34 41 s
o 47 34 s
o 41 25 w
# turn 210
o 32 66 e
o 31 65 e
o 30 64 e
o 62 29 w
o 62 30 w
o 40 5 n
o 41 5 n
o 19 5 n
o 18 4 n
o 17 3 n
o 24 0 w
o 60 59 e
o 33 65 n
o 32 64 n
o 33 66 e
o 33 60 e
o 62 35 e
o 22 52 s
o 17 58 e
o 24 66 w
o 28 118 s
o 32 109 e
o 46 61 s
o 64 15 e
o 17 2 s
o 22 60 s
o 30 106 e
o 69 68 w
o 81 27 n
o 30 42 s
o 56 51 s
o 25 28 w
o 25 30 w
o 33 53 e
o 33 23 w
o 35 41 s
o 48 34 s
o 41 24 n
o 31 15 w
o 25 15 w
o 38 46 e
o 39 40 n
o 41 52 n
o 52 42 s
# turn 211
o 18 5 s
o 17 4 s
o 16 3 s
o 43 6 n
o 40 5 e
o 39 5 e
o 32 67 e
o 33 67 n
o 31 66 e
o 30 65 e
o 57 60 w
o 55 60 w
o 62 28 e
o 62 29 e
o 29 118 n
o 32 110 w
o 18 2 n
o 32 65 n
o 31 64 n
o 33 61 e
o 69 67 e
o 60 60 n
o 64 16 w
o 62 36 w
o 23 52 n
o 24 119 e
o 17 59 w
o 23 60 n
o 24 65 e
o 30 107 w
o 47 61 n
o 80 27 e
o 25 14 e
o 25 29 e
o 31 42 w
o 38 47 w
o 40 52 s
o 53 42 n
o 57 51 e
o 25 27 w
o 33 54 n
o 33 22 w
o 36 41 s
o 49 34 s
o 40 24 w
o 31 14 s
o 38 40 e
# turn 212
o 31 67 w
o 32 67 e
o 30 66 w
o 32 68 e
o 24 66 w
o 40 6 s
o 39 6 s
o 62 29 w
o 19 5 n
o 18 4 n
o 17 3 n
o 24 0 w
o 31 65 s
o 30 64 s
o 33 62 e
o 62 35 w
o 17 58 e
o 22 52 s
o 28 118 s
o 32 109 e
o 46 61 s
o 64 15 e
o 80 28 n
o 17 2 s
o 22 60 s
o 30 106 e
o 62 30 s
o 69 68 w
o 40 23 n
o 50 34 w
o 57 52 s
o 25 26 s
o 32 54 e
o 33 21 w
o 37 41 e
o 32 14 w
o 38 41 e
o 25 30 w
o 25 15 w
o 31 41 e
o 38 46 e
o 41 52 n
o 52 42 s
# turn 213
o 18 5 s
o 17 4 s
o 16 3 s
o 32 68 e
o 32 69 e
o 63 30 n
o 29 118 n
o 32 110 w
o 18 2 n
o 32 65 e
o 31 66 n
o 31 64 e
o 30 65 n
o 33 63 e
o 64 16 w
o 62 34 w
o 69 67 e
o 42 6 s
o 23 52 n
o 24 119 e
o 62 28 s
o 17 59 w
o 23 60 n
o 24 65 e
o 30 107 w
o 47 61 n
o 79 28 s
o 25 14 e
o 25 29 e
o 31 42 w
o 38 42 w
o 38 47 w
o 39 23 e
o 40 52 s
o 50 33 n
o 53 42 e
o 58 52 n
o 26 26 s
o 32 55 n
o 33 20 w
o 37 42 s
o 32 13 s
# turn 214
o 43 6 n
o 30 66 s
o 29 65 s
o 32 69 e
o 32 70 e
o 62 27 s
o 62 26 s
o 62 30 e
o 19 5 n
o 18 4 n
o 17 3 n
o 24 0 w
o 32 66 e
o 31 65 s
o 33 64 e
o 62 33 w
o 17 58 e
o 22 52 s
o 28 118 s
o 32 109 e
o 62 25 s
o 80 28 n
o 17 2 s
o 22 60 s
o 24 66 e
o 30 106 e
o 46 61 w
o 64 15 e
o 69 68 w
o 53 43 s
o 57 52 s
o 27 26 w
o 31 55 e
o 33 19 w
o 38 42 s
o 33 13 w
o 25 30 w
o 25 15 w
o 39 24 n
o 31 41 e
o 38 46 e
o 38 41 e
o 41 52 n
o 49 33 s
# turn 215
o 63 25 n
o 32 70 e
o 32 71 e
o 18 5 s
o 17 4 s
o 16 3 s
o 64 16 w
o 62 32 s
o 32 67 n
o 32 65 e
o 31 66 n
o 30 65 n
o 33 65 e
o 29 118 n
o 32 110 w
o 18 2 n
o 69 67 e
o 42 6 s
o 23 52 n
o 24 67 w
o 24 119 e
o 79 28 e
o 17 59 w
o 23 60 n
o 30 107 w
o 46 60 w
o 25 14 e
o 25 29 e
o 31 42 w
o 38 24 e
o 38 47 w
o 39 42 s
o 40 52 s
o 50 33 n
o 54 43 s
o 58 52 n
o 27 25 s
o 31 56 e
o 33 18 w
o 33 12 w
o 38 42 e
# turn 216
o 43 6 n
o 57 59 e
o 55 59 e
o 59 60 e
o 31 67 e
o 30 66 e
o 29 65 e
o 32 71 e
o 32 72 e
o 19 5 n
o 18 4 n
o 17 3 n
o 24 0 w
o 32 66 e
o 33 66 e
o 63 32 w
o 17 58 e
o 22 52 s
o 28 118 s
o 32 109 e
o 79 29 s
o 17 2 s
o 22 60 s
o 24 66 e
o 30 106 e
o 46 59 n
o 64 15 e
o 69 68 w
o 38 46 w
o 41 52 s
o 49 33 e
o 55 43 s
o 57 52 s
o 28 25 s
o 31 57 e
o 33 17 w
o 33 11 w
o 38 43 e
o 38 25 w
o 25 30 w
o 25 15 w
o 31 41 e
o 40 42 w
# turn 217
o 49 34 s
o 18 5 s
o 17 4 s
o 16 3 s
o 31 68 e
o 30 67 e
o 29 66 e
o 32 72 n
o 32 73 n
o 29 118 n
o 32 110 w
o 18 2 n
o 32 67 e
o 33 67 e
o 69 67 e
o 64 16 w
o 63 31 w
o 42 6 s
o 23 52 n
o 24 67 w
o 24 119 e
o 80 29 s
o 17 59 w
o 23 60 n
o 30 107 w
o 45 59 s
o 25 14 e
o 25 29 e
o 31 42 w
o 31 58 s
o 38 24 e
o 38 45 s
o 42 52 w
o 56 43 s
o 58 52 e
o 29 25 s
o 33 16 w
o 33 10 w
o 38 44 e
o 40 41 s
# turn 218
o 50 34 s
o 55 60 w
o 30 68 w
o 29 67 w
o 31 73 n
o 43 6 n
o 40 6 e
o 19 5 s
o 63 30 n
o 63 28 n
o 63 27 n
o 63 26 n
o 32 68 n
o 33 68 e
o 17 3 n
o 24 0 w
o 17 58 e
o 22 52 s
o 28 118 s
o 32 109 e
o 17 2 s
o 22 60 s
o 24 66 e
o 30 106 e
o 46 59 n
o 64 15 e
o 69 68 w
o 81 29 n
o 32 58 w
o 38 25 s
o 39 45 s
o 42 51 w
o 57 43 s
o 58 53 s
o 30 25 w
o 33 15 w
o 33 9 w
o 38 45 e
o 41 41 w
o 25 30 w
o 25 15 w
o 31 41 e
# turn 219
o 51 34 s
o 16 3 s
o 62 30 w
o 62 31 w
o 29 118 n
o 32 110 w
o 18 2 n
o 33 69 n
o 31 68 n
o 30 67 n
o 29 66 n
o 31 72 w
o 30 73 w
o 64 16 w
o 23 52 n
o 24 67 w
o 24 119 e
o 41 6 w
o 42 6 n
o 72 31 w
o 80 29 s
o 17 59 w
o 23 60 n
o 30 107 w
o 31 69 w
o 45 59 s
o 69 67 e
o 25 14 e
o 25 29 e
o 31 42 w
o 39 25 e
o 41 40 e
o 42 50 e
o 58 43 s
o 30 24 w
o 33 14 w
o 33 8 w
o 38 46 e
o 32 57 n
o 40 45 n
o 59 53 s
# turn 220
o 52 34 s
o 31 71 n
o 30 72 n
o 30 68 e
o 28 66 n
o 31 68 n
o 32 69 e
o 24 66 s
o 22 60 n
o 24 0 w
o 72 30 e
o 17 58 e
o 22 52 s
o 28 118 s
o 32 109 e
o 62 29 s
o 17 2 s
o 30 106 e
o 41 5 n
o 41 6 w
o 46 59 n
o 62 24 w
o 64 15 n
o 69 68 w
o 81 29 n
o 39 26 s
o 39 45 s
o 42 51 s
o 59 43 w
o 60 53 n
o 30 23 w
o 33 13 w
o 33 7 w
o 38 47 e
o 31 57 e
o 25 30 w
o 25 15 w
o 41 41 w
o 31 41 e
# turn 221
o 53 34 s
o 59 42 n
o 27 66 e
o 25 66 e
o 29 67 e
o 30 68 e
o 30 69 n
o 29 72 w
o 63 29 n
o 62 23 w
o 63 15 w
o 32 70 n
o 17 59 w
o 21 60 n
o 40 5 e
o 41 5 e
o 29 118 n
o 32 110 w
o 18 2 n
o 23 52 n
o 24 119 e
o 30 71 s
o 80 29 s
o 30 107 w
o 45 59 s
o 62 30 e
o 69 67 e
o 25 14 e
o 25 29 e
o 31 42 w
o 40 26 e
o 30 22 w
o 33 12 w
o 33 6 w
o 38 48 e
o 31 58 n
o 41 40 w
o 59 53 s
o 43 51 e
o 40 45 n
# turn 222
o 54 34 s
o 58 42 n
o 31 70 e
o 31 71 s
o 40 6 s
o 41 6 s
o 62 22 w
o 62 31 e
o 63 14 s
o 27 67 e
o 29 71 s
o 29 68 n
o 29 69 e
o 30 69 s
o 20 60 n
o 24 0 w
o 33 5 s
o 17 58 e
o 22 52 s
o 28 118 s
o 32 109 e
o 69 68 w
o 17 2 s
o 30 106 e
o 46 59 n
o 81 29 n
o 30 21 w
o 39 45 s
o 40 27 s
o 43 52 s
o 60 53 n
o 33 11 w
o 38 49 e
o 30 58 e
o 41 39 w
o 31 41 e
o 25 15 w
o 25 30 w
# turn 223
o 55 34 e
o 57 42 n
o 31 71 s
o 32 71 s
o 55 59 w
o 57 60 w
o 59 61 w
o 41 6 n
o 42 6 n
o 20 5 n
o 27 68 e
o 28 68 s
o 30 71 e
o 29 70 s
o 31 69 e
o 17 59 w
o 19 60 w
o 62 21 s
o 62 32 s
o 34 5 s
o 29 118 n
o 32 110 w
o 18 2 n
o 23 52 n
o 24 119 e
o 80 29 e
o 30 107 w
o 45 59 s
o 64 14 n
o 69 67 e
o 25 14 e
o 25 29 e
o 30 20 s
o 31 42 w
o 41 27 s
o 33 10 w
o 38 50 e
o 30 59 e
o 41 38 s
o 59 53 s
o 44 52 e
o 40 45 n
# turn 224
o 55 35 s
o 56 42 n
o 33 71 w
o 40 6 s
o 41 6 s
o 19 5 s
o 18 4 s
o 27 69 s
o 29 68 e
o 30 72 s
o 30 70 e
o 31 70 n
o 19 59 n
o 35 5 s
o 24 0 w
o 63 14 s
o 63 32 e
o 63 21 s
o 17 58 e
o 22 52 s
o 28 118 s
o 32 109 e
o 69 68 w
o 30 106 e
o 46 59 n
o 80 30 e
o 31 20 s
o 42 27 s
o 44 53 w
o 33 9 w
o 38 51 n
o 30 60 e
o 42 38 w
o 60 53 s
o 39 45 e
o 25 15 w
o 25 30 w
o 31 41 e
# turn 225
o 55 42 n
o 62 25 w
o 62 26 w
o 62 27 w
o 62 28 w
o 41 6 n
o 42 6 n
o 33 70 e
o 32 71 e
o 31 72 e
o 30 70 n
o 30 71 e
o 28 69 w
o 29 69 s
o 64 21 e
o 63 33 w
o 36 5 s
o 29 118 n
o 32 110 w
o 17 59 w
o 18 59 w
o 23 52 n
o 24 119 e
o 30 107 w
o 45 59 s
o 62 29 s
o 64 14 n
o 69 67 s
o 80 31 e
o 25 14 e
o 25 29 e
o 31 42 w
o 32 20 w
o 33 8 w
o 37 51 e
o 30 61 s
o 42 37 s
o 61 53 s
o 39 46 n
o 56 35 s
o 44 52 e
o 43 27 e
# turn 226
o 54 42 n
o 40 6 s
o 41 6 s
o 31 73 e
o 17 58 e
o 37 5 s
o 24 0 w
o 63 14 s
o 64 22 e
o 63 29 n
o 63 32 w
o 28 68 s
o 30 69 e
o 29 70 e
o 30 72 s
o 22 52 s
o 28 118 s
o 32 109 e
o 62 27 s
o 70 67 n
o 72 31 s
o 30 106 e
o 46 59 n
o 80 32 e
o 44 53 w
o 33 7 w
o 37 52 n
o 31 61 e
o 43 37 w
o 62 53 s
o 38 46 e
o 57 35 w
o 43 28 s
o 32 19 s
o 25 15 w
o 25 30 w
o 31 41 e
o 30 42 w
# turn 227
o 41 6 n
o 42 6 n
o 62 26 s
o 62 25 s
o 62 24 w
o 31 74 w
o 18 58 n
o 17 59 n
o 38 5 s
o 29 118 n
o 64 23 e
o 63 31 w
o 29 68 s
o 30 70 e
o 29 71 e
o 31 72 n
o 23 52 n
o 24 119 e
o 62 29 s
o 69 67 s
o 73 31 e
o 30 107 w
o 32 110 e
o 45 59 s
o 64 14 n
o 80 33 e
o 25 14 e
o 25 29 e
o 30 41 w
o 53 42 s
o 33 6 w
o 36 52 e
o 31 62 s
o 43 36 s
o 63 53 e
o 38 47 e
o 57 34 s
o 44 28 e
o 33 19 w
o 31 42 s
o 44 52 e
# turn 228
o 73 32 w
o 24 0 e
o 17 58 w
o 16 59 w
o 55 58 e
o 57 59 e
o 59 60 e
o 40 6 s
o 41 6 s
o 63 29 w
o 63 30 w
o 33 71 s
o 32 72 s
o 31 73 s
o 39 5 e
o 33 5 s
o 32 111 w
o 63 14 s
o 58 34 s
o 64 24 n
o 30 68 e
o 30 71 s
o 29 72 e
o 30 72 e
o 22 52 s
o 28 118 s
o 70 67 n
o 80 34 w
o 30 106 e
o 46 59 n
o 25 30 w
o 32 42 s
o 33 18 e
o 38 48 s
o 44 29 n
o 44 53 s
o 54 42 s
o 36 53 n
o 32 62 e
o 44 36 w
o 63 54 s
o 25 15 w
o 30 42 w
o 30 40 s
# turn 229
o 24 1 e
o 17 57 w
o 16 58 w
o 41 6 n
o 42 6 n
o 32 110 e
o 32 73 n
o 59 34 s
o 39 6 e
o 34 5 s
o 29 118 n
o 29 73 w
o 30 73 e
o 30 69 s
o 31 71 s
o 23 52 n
o 69 67 s
o 73 31 e
o 34 71 w
o 45 59 s
o 64 14 n
o 80 33 e
o 25 14 e
o 25 29 e
o 33 42 s
o 39 48 s
o 44 35 e
o 55 42 s
o 35 53 n
o 32 63 e
o 64 54 e
o 30 41 w
o 31 40 s
o 43 29 s
o 33 19 w
o 45 53 s
# turn 230
o 24 2 s
o 17 56 w
o 16 57 w
o 17 2 s
o 17 3 s
o 30 107 e
o 40 6 s
o 41 6 s
o 39 7 w
o 35 5 s
o 63 14 s
o 60 34 s
o 29 72 s
o 31 73 s
o 30 74 s
o 31 69 e
o 32 71 e
o 34 70 n
o 22 52 s
o 28 118 s
o 70 67 n
o 73 32 e
o 80 34 w
o 20 5 s
o 33 72 w
o 46 59 n
o 25 30 w
o 32 64 n
o 33 18 e
o 34 42 s
o 44 29 n
o 46 53 s
o 56 42 s
o 34 53 n
o 64 55 e
o 30 40 w
o 32 40 s
o 25 15 w
o 44 36 w
o 40 48 e
# turn 231
o 25 2 e
o 17 55 e
o 16 56 e
o 21 5 n
o 30 108 e
o 32 111 n
o 41 6 n
o 42 6 n
o 33 71 s
o 32 72 s
o 31 74 e
o 61 34 w
o 29 118 n
o 39 6 e
o 36 5 s
o 33 70 e
o 31 70 e
o 30 72 e
o 23 52 n
o 69 67 s
o 73 33 e
o 80 33 e
o 45 59 s
o 64 14 n
o 25 14 e
o 31 64 n
o 35 42 s
o 44 35 e
o 47 53 s
o 57 42 e
o 33 53 e
o 64 56 e
o 30 39 w
o 33 40 e
o 40 49 n
o 33 19 w
o 43 29 s
o 25 29 w
# turn 232
o 25 3 s
o 33 54 e
o 30 109 e
o 40 6 s
o 41 6 s
o 39 7 w
o 31 75 w
o 17 56 w
o 16 57 w
o 37 5 e
o 33 71 n
o 31 71 w
o 30 73 e
o 63 14 s
o 61 33 s
o 22 52 s
o 28 118 s
o 70 67 n
o 73 34 e
o 80 34 s
o 34 71 w
o 46 59 n
o 25 28 w
o 30 64 e
o 33 18 e
o 36 42 s
o 44 29 n
o 44 36 s
o 48 53 n
o 57 43 s
o 64 57 e
o 30 38 w
o 33 41 s
o 39 49 e
o 25 15 w
# turn 233
o 17 55 e
o 16 56 e
o 41 6 n
o 42 6 n
o 31 111 s
o 30 110 s
o 62 33 w
o 39 6 e
o 37 6 e
o 29 118 n
o 26 3 n
o 30 74 e
o 32 71 s
o 31 70 w
o 34 70 e
o 23 52 n
o 69 67 s
o 81 34 e
o 45 59 s
o 64 14 n
o 73 35 e
o 25 14 e
o 25 27 e
o 30 65 e
o 37 42 s
o 45 36 s
o 47 53 s
o 58 43 n
o 64 58 w
o 30 37 n
o 34 41 s
o 39 50 n
o 33 19 w
o 43 29 s
o 33 55 e
# turn 234
o 40 6 s
o 41 6 s
o 39 7 w
o 32 111 n
o 31 110 n
o 33 72 e
o 32 73 e
o 30 75 s
o 17 56 w
o 16 57 w
o 37 7 s
o 33 71 n
o 34 71 n
o 31 69 e
o 63 14 s
o 62 32 w
o 22 52 s
o 28 118 s
o 70 67 n
o 81 35 s
o 46 59 n
o 73 36 e
o 25 15 w
o 25 28 w
o 30 66 n
o 33 18 e
o 38 42 s
o 44 29 n
o 46 36 s
o 57 43 s
o 29 37 w
o 35 41 s
o 38 50 e
o 33 56 e
o 64 57 s
o 30 42 w
o 48 53 s
# turn 235
o 17 55 e
o 16 56 e
o 55 59 w
o 57 60 w
o 59 61 w
o 30 110 n
o 33 73 w
o 32 74 w
o 41 6 n
o 42 6 n
o 29 118 n
o 32 71 e
o 31 70 e
o 33 71 n
o 39 6 e
o 38 7 e
o 63 24 s
o 69 67 s
o 23 52 n
o 45 59 n
o 64 14 n
o 73 37 e
o 25 14 s
o 25 27 e
o 29 66 n
o 33 19 n
o 39 42 s
o 47 36 e
o 49 53 s
o 58 43 e
o 65 57 w
o 29 36 n
o 36 41 s
o 38 51 n
o 33 57 e
o 30 41 s
o 43 29 s
o 30 42 w
# turn 236
o 58 44 s
o 64 24 n
o 40 6 s
o 41 6 s
o 38 8 e
o 29 110 e
o 17 56 n
o 16 57 n
o 63 14 s
o 31 71 e
o 32 71 n
o 32 72 w
o 32 73 e
o 33 72 e
o 31 74 n
o 22 52 s
o 28 118 s
o 63 27 s
o 70 67 n
o 31 75 n
o 44 59 s
o 73 38 n
o 25 28 w
o 26 14 w
o 32 19 s
o 44 29 n
o 47 37 s
o 50 53 w
o 65 56 w
o 28 36 w
o 37 41 s
o 37 51 e
o 33 58 e
o 31 41 s
o 30 41 s
o 28 66 e
o 40 42 w
# turn 237
o 59 44 w
o 16 56 s
o 15 57 e
o 64 27 n
o 38 9 w
o 41 6 n
o 42 6 n
o 20 5 s
o 19 4 s
o 18 3 s
o 18 2 s
o 29 118 n
o 30 74 s
o 30 75 s
o 31 71 n
o 31 72 e
o 32 71 e
o 69 67 s
o 23 52 n
o 25 3 s
o 45 59 n
o 64 14 n
o 72 38 w
o 25 27 e
o 26 13 w
o 28 67 w
o 33 19 w
o 40 41 s
o 50 52 s
o 65 55 w
o 28 35 n
o 38 41 s
o 37 52 n
o 33 59 e
o 32 41 s
o 31 41 s
o 43 29 s
o 48 37 s
# turn 238
o 59 43 s
o 20 4 s
o 19 3 s
o 31 111 e
o 17 56 n
o 15 58 w
o 63 14 s
o 26 3 n
o 40 6 e
o 39 7 e
o 38 8 e
o 30 71 e
o 32 72 n
o 31 73 n
o 31 74 n
o 41 6 w
o 22 52 s
o 28 118 s
o 70 67 n
o 44 59 s
o 72 37 s
o 25 28 w
o 26 12 e
o 33 18 e
o 44 29 n
o 51 52 w
o 27 35 w
o 39 41 w
o 36 52 e
o 33 60 e
o 33 41 s
o 32 41 s
o 49 37 w
o 65 54 e
o 41 41 w
o 28 66 e
# turn 239
o 60 43 w
o 25 3 s
o 73 37 s
o 16 56 e
o 15 57 e
o 21 4 w
o 20 3 w
o 40 7 e
o 38 9 s
o 29 118 n
o 30 72 w
o 30 73 s
o 31 72 s
o 30 74 e
o 41 5 n
o 69 67 s
o 21 5 s
o 23 52 n
o 45 59 n
o 64 14 n
o 25 27 e
o 26 13 e
o 28 67 w
o 33 19 w
o 41 40 e
o 51 51 w
o 27 34 n
o 39 40 s
o 36 53 n
o 33 61 e
o 34 41 s
o 33 41 s
o 49 36 s
o 65 55 e
o 43 29 s
# turn 240
o 60 42 s
o 26 3 s
o 74 37 s
o 55 58 e
o 57 59 e
o 59 60 e
o 33 73 s
o 32 74 s
o 31 75 s
o 21 3 w
o 20 2 w
o 19 2 s
o 39 9 n
o 40 8 w
o 62 31 w
o 63 29 n
o 63 28 n
o 63 27 n
o 63 26 n
o 63 25 n
o 63 24 n
o 16 57 w
o 15 58 w
o 30 71 e
o 32 72 e
o 30 75 e
o 31 73 e
o 22 5 n
o 40 5 s
o 63 14 s
o 22 52 s
o 28 118 s
o 70 67 n
o 44 59 s
o 25 28 w
o 26 14 n
o 33 18 w
o 44 29 n
o 51 50 n
o 26 34 n
o 40 40 w
o 35 53 n
o 33 62 e
o 35 41 s
o 34 41 s
o 50 36 w
o 65 56 e
o 28 66 e
o 41 41 w
# turn 241
o 61 42 w
o 27 3 s
o 16 56 e
o 15 57 e
o 20 2 s
o 21 2 s
o 30 76 s
o 32 75 e
o 33 74 e
o 34 73 e
o 29 118 n
o 40 7 e
o 39 8 e
o 38 9 e
o 30 72 e
o 32 73 s
o 31 74 e
o 41 5 e
o 21 5 w
o 62 30 s
o 69 67 s
o 75 37 n
o 23 52 n
o 45 59 n
o 64 14 n
o 25 14 e
o 25 27 s
o 28 67 w
o 33 17 e
o 50 50 s
o 25 34 w
o 40 39 s
o 34 53 n
o 33 63 e
o 36 41 s
o 35 41 s
o 50 35 s
o 65 57 e
o 41 40 n
o 43 29 s
# turn 242
o 61 41 w
o 28 3 e
o 21 2 s
o 22 2 s
o 40 8 w
o 39 9 w
o 38 10 w
o 34 74 w
o 33 75 w
o 32 76 e
o 31 76 s
o 65 58 e
o 16 57 w
o 15 58 w
o 41 6 e
o 63 14 s
o 63 30 n
o 30 73 s
o 31 75 s
o 33 73 n
o 21 4 s
o 22 52 s
o 28 118 s
o 70 67 n
o 74 37 e
o 44 59 s
o 26 27 w
o 33 18 s
o 40 40 s
o 44 29 n
o 51 50 s
o 25 33 w
o 41 39 w
o 33 53 e
o 33 64 e
o 37 41 s
o 36 41 s
o 51 35 w
o 25 15 w
o 28 66 e
# turn 243
o 28 4 s
o 61 40 w
o 16 56 e
o 15 57 e
o 32 76 s
o 32 77 s
o 29 111 e
o 31 112 e
o 22 2 w
o 23 2 w
o 65 59 e
o 62 23 w
o 34 73 e
o 33 74 e
o 32 75 w
o 31 73 w
o 32 73 s
o 40 7 e
o 39 8 e
o 38 9 e
o 41 7 e
o 29 118 n
o 69 67 s
o 74 38 n
o 23 52 n
o 45 59 n
o 62 24 s
o 62 30 e
o 64 14 n
o 25 14 e
o 25 32 e
o 26 26 s
o 28 67 w
o 33 54 w
o 41 40 e
o 52 50 s
o 41 38 s
o 33 65 e
o 38 41 s
o 37 41 s
o 51 34 s
o 43 29 s
o 34 18 n
# turn 244
o 29 4 e
o 61 39 s
o 34 74 w
o 39 9 w
o 38 10 w
o 22 1 s
o 23 1 s
o 65 60 e
o 16 57 w
o 15 58 w
o 31 72 s
o 33 73 e
o 32 74 e
o 62 22 w
o 63 24 n
o 62 31 w
o 63 14 s
o 22 52 s
o 70 67 n
o 73 38 e
o 44 59 n
o 33 18 s
o 33 53 s
o 41 41 e
o 44 29 n
o 53 50 s
o 42 38 w
o 33 66 e
o 39 41 w
o 38 41 s
o 52 34 s
o 28 66 e
o 25 15 w
o 30 42 w
o 25 33 w
o 27 26 s
# turn 245
o 29 5 s
o 62 39 w
o 16 56 e
o 15 57 e
o 40 8 e
o 41 8 e
o 24 1 w
o 23 1 w
o 65 61 e
o 32 72 e
o 34 73 e
o 33 74 w
o 32 75 e
o 39 8 e
o 38 9 e
o 62 21 s
o 69 67 s
o 23 52 n
o 43 59 s
o 62 24 s
o 62 30 e
o 64 14 n
o 73 39 n
o 25 14 e
o 25 32 e
o 28 67 w
o 34 53 s
o 41 42 s
o 54 50 e
o 42 37 s
o 33 67 e
o 39 40 s
o 39 41 w
o 53 34 s
o 30 41 s
o 28 26 w
o 34 18 n
o 43 29 s
# turn 246
o 62 38 s
o 34 74 w
o 23 0 s
o 24 0 s
o 39 9 e
o 40 9 s
o 38 10 e
o 41 9 s
o 16 57 w
o 15 58 w
o 33 68 e
o 32 76 w
o 32 73 e
o 33 73 e
o 28 118 n
o 30 5 n
o 63 14 s
o 63 21 s
o 63 24 n
o 62 31 w
o 65 62 e
o 22 52 s
o 70 67 n
o 72 39 e
o 44 59 n
o 33 18 s
o 35 53 s
o 42 42 s
o 44 29 n
o 54 51 s
o 43 37 w
o 40 40 w
o 39 40 s
o 54 34 s
o 31 41 s
o 28 25 s
o 28 66 e
o 25 15 w
o 25 33 w
# turn 247
o 16 56 e
o 15 57 e
o 34 73 n
o 25 0 w
o 24 0 w
o 39 10 e
o 38 11 e
o 41 9 n
o 42 9 n
o 55 59 w
o 57 60 w
o 59 61 w
o 33 69 e
o 32 74 w
o 32 75 e
o 29 5 n
o 64 21 s
o 65 63 e
o 69 67 s
o 23 52 n
o 43 59 s
o 64 14 n
o 72 40 n
o 25 14 e
o 28 67 w
o 36 53 s
o 43 42 s
o 55 51 s
o 63 38 n
o 43 36 s
o 40 39 s
o 40 40 w
o 55 34 s
o 32 41 s
o 29 25 s
o 25 32 w
o 34 18 n
o 43 29 s
o 30 42 w
# turn 248
o 39 11 s
o 38 12 s
o 40 9 e
o 41 9 e
o 24 119 e
o 20 1 s
o 22 4 s
o 16 57 w
o 15 58 w
o 33 70 w
o 32 73 e
o 32 76 e
o 65 64 e
o 27 118 n
o 28 5 n
o 63 14 s
o 62 38 s
o 65 21 s
o 22 52 s
o 70 67 n
o 71 40 e
o 44 59 n
o 28 66 s
o 30 25 s
o 33 18 s
o 37 53 n
o 44 29 n
o 44 42 s
o 56 51 s
o 44 36 w
o 41 39 w
o 40 39 s
o 56 34 s
o 33 41 s
o 25 31 w
o 30 41 s
o 25 15 w
o 30 42 w
# turn 249
o 16 56 e
o 15 57 e
o 65 65 n
o 69 67 w
o 25 119 w
o 21 1 s
o 23 4 s
o 32 74 e
o 32 77 w
o 33 69 e
o 66 21 s
o 24 0 w
o 27 5 n
o 41 10 w
o 40 10 w
o 40 11 w
o 39 12 w
o 23 52 n
o 43 59 s
o 64 14 n
o 71 41 s
o 25 14 e
o 29 66 n
o 36 53 s
o 45 42 s
o 57 51 e
o 44 35 s
o 41 38 s
o 41 39 w
o 57 34 s
o 34 41 s
o 25 30 w
o 31 41 s
o 30 41 s
o 63 38 n
o 43 29 s
o 34 18 n
o 31 25 w
# turn 250
o 25 118 e
o 24 119 e
o 29 112 e
o 31 113 e
o 16 57 w
o 15 58 w
o 33 70 w
o 32 75 w
o 32 76 e
o 69 66 e
o 64 65 e
o 67 21 s
o 62 38 s
o 58 34 s
o 63 14 s
o 24 4 n
o 26 5 n
o 22 52 s
o 72 41 e
o 39 11 e
o 40 9 w
o 40 10 n
o 41 9 e
o 44 59 n
o 25 29 e
o 28 66 s
o 31 24 e
o 33 18 s
o 37 53 n
o 44 29 n
o 57 52 e
o 45 35 w
o 42 38 w
o 41 38 s
o 35 41 s
o 32 41 s
o 31 41 s
o 46 42 s
o 25 15 w
# turn 251
o 16 56 e
o 15 57 e
o 33 75 e
o 33 76 s
o 33 77 s
o 31 114 n
o 23 4 s
o 64 66 w
o 69 67 w
o 32 74 e
o 32 77 s
o 33 69 e
o 59 34 n
o 26 118 n
o 25 119 n
o 24 0 n
o 25 5 n
o 41 10 w
o 39 10 w
o 39 12 w
o 40 8 n
o 72 42 e
o 23 52 w
o 43 59 s
o 64 14 n
o 25 14 e
o 29 66 s
o 34 18 n
o 36 53 s
o 42 38 n
o 47 42 s
o 57 53 w
o 68 21 s
o 45 34 s
o 42 37 s
o 36 41 s
o 33 41 s
o 32 41 s
o 63 38 n
o 43 29 w
o 25 30 w
o 31 25 w
# turn 252
o 25 118 s
o 24 119 s
o 23 0 s
o 55 58 e
o 57 59 e
o 59 60 e
o 16 57 w
o 15 58 w
o 62 38 s
o 58 34 s
o 63 14 s
o 33 70 e
o 32 75 s
o 69 66 e
o 64 65 e
o 41 9 w
o 39 8 w
o 39 9 w
o 39 11 w
o 62 29 s
o 72 43 e
o 23 51 w
o 44 59 n
o 25 29 e
o 30 66 n
o 33 18 w
o 37 53 n
o 48 42 e
o 57 52 s
o 69 21 s
o 46 34 s
o 43 37 w
o 37 41 s
o 34 41 s
o 33 41 s
o 43 28 n
o 31 24 s
o 41 38 s
o 25 15 w
# turn 253
o 16 56 e
o 15 57 e
o 63 29 n
o 33 73 s
o 33 74 s
o 33 75 s
o 64 66 w
o 69 67 w
o 59 34 s
o 26 118 n
o 25 119 n
o 24 0 n
o 33 71 e
o 33 76 w
o 33 77 w
o 39 10 w
o 39 7 n
o 39 8 s
o 72 44 e
o 23 50 e
o 43 59 s
o 64 14 n
o 25 14 e
o 29 66 n
o 33 17 w
o 36 53 s
o 48 43 e
o 58 52 e
o 63 38 n
o 70 21 s
o 47 34 s
o 43 36 s
o 38 41 w
o 35 41 s
o 34 41 s
o 42 28 w
o 32 24 w
o 42 38 w
o 25 30 w
# turn 254
o 40 8 w
o 41 8 w
o 25 118 w
o 30 114 e
o 29 113 e
o 34 74 n
o 34 75 w
o 33 75 s
o 38 7 w
o 39 9 e
o 62 38 s
o 60 34 w
o 63 14 s
o 69 66 e
o 64 65 e
o 16 57 w
o 15 58 w
o 33 76 e
o 23 51 w
o 33 72 w
o 44 59 n
o 25 29 e
o 28 66 s
o 35 41 n
o 37 53 n
o 38 40 s
o 58 53 s
o 71 21 s
o 48 34 s
o 44 36 w
o 36 41 s
o 42 27 n
o 32 23 s
o 42 37 s
o 48 44 w
o 25 15 w
o 33 16 w
# turn 255
o 25 30 e
o 16 56 e
o 15 57 e
o 24 119 w
o 23 0 w
o 25 117 w
o 22 1 w
o 30 115 e
o 38 6 w
o 40 7 w
o 41 7 w
o 64 66 w
o 69 67 w
o 33 71 e
o 33 74 e
o 33 77 w
o 39 10 w
o 23 50 e
o 43 59 s
o 60 33 e
o 64 14 n
o 25 14 e
o 29 66 s
o 36 53 s
o 48 43 s
o 59 53 n
o 63 38 n
o 72 21 s
o 49 34 s
o 44 35 s
o 37 41 s
o 41 27 w
o 33 23 w
o 43 37 w
o 33 15 w
o 34 41 s
o 39 40 s
# turn 256
o 25 31 e
o 38 5 s
o 40 6 w
o 41 6 w
o 24 4 e
o 24 5 e
o 29 114 e
o 30 116 e
o 16 57 w
o 15 58 w
o 39 9 s
o 62 38 s
o 60 34 w
o 63 14 s
o 33 72 e
o 33 75 w
o 33 76 e
o 69 66 e
o 64 65 e
o 25 116 e
o 23 51 w
o 44 59 n
o 30 66 n
o 33 14 e
o 37 53 w
o 58 53 n
o 73 21 s
o 50 34 s
o 45 35 w
o 38 41 s
o 41 26 n
o 33 22 w
o 43 36 s
o 35 41 s
o 40 40 w
o 49 43 w
o 25 15 w
# turn 257
o 25 32 e
o 16 56 e
o 15 57 e
o 25 117 n
o 24 118 n
o 23 119 n
o 24 5 n
o 24 6 n
o 39 5 w
o 40 5 w
o 41 5 w
o 64 66 w
o 69 67 w
o 30 117 w
o 74 21 w
o 33 73 n
o 33 74 e
o 33 77 w
o 23 50 e
o 40 9 w
o 29 115 n
o 43 59 s
o 60 33 e
o 64 14 n
o 25 14 e
o 29 66 n
o 33 21 n
o 37 52 e
o 49 42 n
o 57 53 s
o 51 34 s
o 45 34 s
o 39 41 w
o 40 26 w
o 44 36 w
o 36 41 s
o 40 39 s
o 33 15 w
o 63 38 n
# turn 258
o 40 25 e
o 25 33 e
o 39 4 w
o 40 4 w
o 41 4 w
o 28 115 n
o 30 116 e
o 24 117 s
o 23 118 s
o 22 119 s
o 22 0 s
o 23 5 s
o 34 75 e
o 34 76 s
o 34 77 s
o 74 20 s
o 62 38 s
o 60 34 w
o 63 14 s
o 15 58 w
o 32 73 s
o 33 75 s
o 33 76 e
o 69 66 e
o 64 65 e
o 40 8 w
o 16 57 s
o 23 51 n
o 44 59 n
o 28 66 s
o 32 21 e
o 37 53 n
o 48 42 e
o 58 53 w
o 52 34 s
o 46 34 s
o 39 40 s
o 44 35 s
o 37 41 s
o 41 39 w
o 33 14 w
o 25 15 w
# turn 259
o 25 34 s
o 17 57 s
o 15 57 e
o 34 75 e
o 35 76 e
o 34 76 s
o 35 77 n
o 64 66 w
o 69 67 w
o 55 59 w
o 57 60 w
o 59 61 w
o 24 5 n
o 27 115 n
o 25 117 n
o 24 118 n
o 23 0 e
o 23 119 n
o 30 117 w
o 75 20 w
o 33 73 e
o 33 77 w
o 22 51 e
o 40 7 w
o 23 6 e
o 43 59 s
o 60 33 e
o 64 14 n
o 25 14 e
o 29 66 s
o 32 22 w
o 36 53 s
o 48 43 e
o 58 52 e
o 63 38 n
o 53 34 s
o 47 34 s
o 40 40 w
o 45 35 w
o 38 41 s
o 41 38 s
o 33 13 w
o 40 26 w
# turn 260
o 26 34 s
o 18 57 e
o 24 117 w
o 23 1 w
o 34 76 w
o 35 76 n
o 35 77 n
o 34 77 n
o 62 38 s
o 60 34 w
o 63 14 s
o 26 115 n
o 23 7 n
o 23 5 n
o 40 6 e
o 75 19 s
o 33 76 w
o 33 74 w
o 69 66 e
o 64 65 e
o 30 116 e
o 22 52 w
o 44 59 n
o 30 66 n
o 32 21 e
o 37 53 n
o 58 53 s
o 54 34 s
o 48 34 s
o 40 39 s
o 45 34 s
o 39 41 w
o 42 38 w
o 33 12 w
o 40 25 n
o 48 44 w
o 30 42 w
o 25 15 w
# turn 261
o 27 34 e
o 23 118 w
o 24 116 n
o 22 5 s
o 64 66 w
o 69 67 w
o 25 115 n
o 18 58 n
o 33 77 w
o 33 75 w
o 33 73 n
o 30 117 e
o 40 7 w
o 76 19 e
o 15 58 n
o 22 51 w
o 43 59 s
o 60 33 e
o 64 14 n
o 25 14 e
o 29 66 s
o 32 22 n
o 36 53 s
o 48 43 s
o 59 53 n
o 63 38 n
o 55 34 s
o 49 34 s
o 41 39 w
o 46 34 s
o 39 40 s
o 42 37 s
o 33 11 w
o 39 25 w
o 30 41 w
# turn 262
o 14 58 e
o 17 58 s
o 24 115 n
o 76 20 w
o 62 38 s
o 60 34 w
o 63 14 s
o 22 7 w
o 23 5 n
o 33 76 e
o 33 74 w
o 32 73 e
o 69 66 e
o 64 65 e
o 22 50 e
o 30 118 e
o 40 6 s
o 44 59 n
o 27 35 w
o 30 66 n
o 31 22 n
o 37 53 w
o 58 53 n
o 56 34 s
o 50 34 s
o 41 38 s
o 47 34 s
o 40 40 w
o 43 37 w
o 33 10 w
o 39 24 n
o 30 40 w
o 49 43 w
o 25 15 w
# turn 263
o 22 119 w
o 23 117 n
o 23 116 n
o 23 115 n
o 22 5 s
o 22 6 e
o 64 66 w
o 69 67 w
o 33 73 e
o 32 74 w
o 33 77 w
o 18 58 e
o 30 119 e
o 41 6 w
o 76 19 e
o 14 59 s
o 22 51 w
o 43 59 s
o 60 33 s
o 64 14 n
o 25 14 e
o 27 34 n
o 29 66 s
o 30 22 e
o 37 52 s
o 57 53 w
o 57 34 s
o 51 34 s
o 42 38 w
o 48 34 s
o 40 39 s
o 43 36 s
o 33 9 w
o 38 24 w
o 30 39 w
o 49 42 s
o 30 42 w
o 63 38 n
# turn 264
o 22 115 e
o 22 116 e
o 22 117 e
o 22 118 e
o 55 58 e
o 57 59 e
o 59 60 e
o 62 38 s
o 61 33 w
o 58 34 s
o 63 14 s
o 22 7 w
o 23 5 n
o 33 8 w
o 69 66 e
o 64 65 e
o 18 59 w
o 33 76 e
o 33 74 w
o 32 73 e
o 22 50 e
o 30 0 e
o 15 59 n
o 23 0 s
o 41 5 s
o 44 59 n
o 76 20 s
o 26 34 n
o 30 23 e
o 30 66 w
o 38 23 s
o 38 52 w
o 57 52 s
o 52 34 s
o 42 37 s
o 49 34 s
o 41 39 w
o 44 36 w
o 30 38 w
o 50 42 s
o 30 41 s
o 25 15 w
# turn 265
o 41 3 s
o 22 5 s
o 22 6 e
o 64 66 w
o 69 67 w
o 14 59 e
o 18 58 e
o 34 73 s
o 42 5 e
o 24 0 n
o 33 7 w
o 59 34 s
o 33 73 s
o 32 74 w
o 33 77 w
o 30 1 e
o 77 20 n
o 22 51 w
o 43 59 s
o 61 32 s
o 64 14 n
o 25 14 e
o 25 34 n
o 30 24 e
o 30 65 w
o 38 51 s
o 39 23 e
o 50 34 w
o 58 52 e
o 53 34 s
o 43 37 w
o 41 38 s
o 44 35 s
o 30 37 w
o 51 42 s
o 31 41 s
o 63 38 n
# turn 266
o 62 38 e
o 34 73 n
o 35 73 n
o 22 7 w
o 23 5 n
o 33 6 w
o 62 32 w
o 60 34 w
o 63 14 s
o 69 66 e
o 64 65 e
o 18 59 w
o 32 73 e
o 33 76 e
o 22 50 e
o 30 2 e
o 42 6 w
o 76 20 s
o 14 60 s
o 44 59 n
o 30 25 w
o 30 64 w
o 39 51 w
o 52 42 n
o 58 53 n
o 54 34 s
o 43 36 s
o 42 38 w
o 45 35 w
o 30 36 w
o 32 41 s
o 25 15 w
o 24 34 w
o 50 33 e
o 39 24 n
# turn 267
o 62 39 e
o 15 60 e
o 18 58 e
o 42 3 n
o 39 3 n
o 30 3 n
o 22 5 s
o 22 6 e
o 64 66 w
o 69 67 w
o 42 5 e
o 33 73 e
o 32 74 e
o 33 77 w
o 77 20 n
o 22 51 w
o 43 59 s
o 60 33 e
o 64 14 n
o 25 14 e
o 30 24 s
o 30 63 e
o 39 50 e
o 50 34 w
o 57 53 s
o 55 34 s
o 44 36 w
o 42 37 s
o 45 34 s
o 30 35 w
o 33 41 s
o 24 33 s
o 38 24 w
o 51 42 s
# turn 268
o 62 40 e
o 18 59 s
o 22 7 w
o 23 5 n
o 60 34 w
o 63 14 s
o 69 66 e
o 64 65 e
o 33 76 e
o 33 74 e
o 32 75 w
o 29 3 e
o 42 6 w
o 76 20 s
o 22 50 s
o 33 5 e
o 44 59 n
o 25 33 w
o 30 64 e
o 31 24 s
o 39 51 w
o 52 42 n
o 58 53 w
o 56 34 s
o 44 35 s
o 43 37 w
o 46 34 s
o 30 34 n
o 34 41 s
o 38 23 n
o 25 15 w
o 50 33 e
# turn 269
o 62 41 e
o 40 3 w
o 41 3 w
o 38 3 w
o 22 5 s
o 22 6 e
o 64 66 w
o 69 67 w
o 19 59 e
o 15 61 s
o 42 5 e
o 33 6 w
o 29 4 w
o 33 77 w
o 33 75 w
o 32 74 e
o 23 50 e
o 77 20 n
o 43 59 s
o 60 33 e
o 64 14 n
o 25 14 e
o 30 65 e
o 39 50 e
o 58 52 e
o 57 34 s
o 45 35 w
o 43 36 s
o 47 34 s
o 29 34 n
o 35 41 s
o 37 23 w
o 50 34 s
o 25 32 w
o 51 42 s
o 32 24 w
# turn 270
o 58 53 s
o 62 42 s
o 41 2 s
o 38 2 s
o 33 5 s
o 29 3 e
o 19 60 s
o 16 61 n
o 22 7 w
o 23 5 n
o 69 66 e
o 64 65 e
o 60 34 w
o 58 34 s
o 63 14 s
o 33 76 e
o 33 74 e
o 32 75 w
o 42 6 w
o 23 51 w
o 44 59 n
o 30 66 n
o 32 23 s
o 37 22 s
o 39 51 e
o 52 42 n
o 45 34 s
o 44 36 w
o 48 34 s
o 28 34 n
o 36 41 s
o 51 34 s
o 25 31 w
o 25 15 w
# turn 271
o 59 53 s
o 63 42 e
o 64 66 w
o 69 67 w
o 55 59 w
o 57 60 w
o 59 61 w
o 40 2 s
o 39 2 s
o 34 5 s
o 29 4 n
o 22 5 s
o 22 6 e
o 20 60 e
o 15 61 s
o 42 5 e
o 59 34 s
o 33 77 w
o 33 75 w
o 32 74 e
o 23 50 e
o 76 20 e
o 42 2 s
o 43 59 s
o 60 33 s
o 64 14 n
o 25 14 e
o 29 66 s
o 37 41 e
o 39 52 e
o 51 42 e
o 46 34 s
o 44 35 s
o 49 34 s
o 27 34 n
o 52 34 s
o 25 30 w
o 38 22 w
o 33 23 w
# turn 272
o 60 53 w
o 63 43 s
o 22 119 e
o 23 0 e
o 22 116 w
o 20 61 s
o 16 61 s
o 34 73 s
o 34 74 s
o 69 66 e
o 64 65 e
o 61 33 w
o 60 34 w
o 63 14 s
o 43 2 e
o 33 76 e
o 33 74 s
o 32 75 s
o 28 4 n
o 35 5 s
o 42 6 w
o 76 21 e
o 23 51 w
o 44 59 n
o 30 66 w
o 33 22 e
o 38 21 e
o 39 53 s
o 45 35 n
o 51 43 n
o 47 34 s
o 50 34 s
o 26 34 n
o 53 34 s
o 25 29 w
o 25 15 w
o 37 42 w
# turn 273
o 60 52 s
o 64 43 e
o 64 66 w
o 69 67 w
o 23 5 w
o 23 1 e
o 22 118 e
o 22 117 s
o 35 73 n
o 35 74 n
o 34 74 n
o 42 5 e
o 43 3 n
o 33 77 w
o 33 75 n
o 21 61 s
o 23 50 e
o 27 4 n
o 36 5 s
o 43 59 s
o 60 33 e
o 61 32 s
o 64 14 n
o 25 14 e
o 30 65 w
o 38 22 e
o 40 53 s
o 50 43 e
o 48 34 s
o 51 34 s
o 25 34 w
o 54 34 s
o 25 28 s
o 37 41 s
o 33 23 w
o 44 35 s
# turn 274
o 61 52 w
o 64 44 s
o 23 2 e
o 23 117 s
o 37 5 s
o 69 66 e
o 64 65 e
o 62 32 s
o 60 34 w
o 63 14 s
o 42 3 n
o 22 61 n
o 33 76 e
o 33 74 e
o 32 75 w
o 22 119 s
o 26 4 n
o 42 6 w
o 23 51 w
o 44 59 n
o 25 15 w
o 30 64 w
o 41 53 s
o 49 34 s
o 52 34 s
o 25 33 w
o 55 34 s
o 26 28 w
o 38 41 w
o 33 22 n
o 45 35 w
o 50 44 w
o 38 23 n
# turn 275
o 61 51 s
o 65 44 e
o 64 66 w
o 69 67 w
o 25 4 n
o 23 3 n
o 23 4 n
o 22 7 w
o 63 32 n
o 23 119 n
o 22 0 e
o 33 77 w
o 33 75 w
o 32 74 e
o 41 3 n
o 42 5 e
o 38 5 w
o 21 61 s
o 23 50 n
o 24 117 n
o 43 59 s
o 60 33 e
o 64 14 n
o 25 14 s
o 25 32 e
o 30 63 w
o 42 53 w
o 50 34 w
o 50 43 e
o 53 34 s
o 56 34 s
o 26 27 s
o 38 40 w
o 32 22 w
o 45 34 s
o 37 23 w
# turn 276
o 22 6 w
o 22 1 e
o 55 58 e
o 57 59 e
o 59 60 e
o 38 4 e
o 40 3 w
o 40 2 w
o 41 2 w
o 62 32 s
o 60 34 w
o 63 14 s
o 69 66 e
o 64 65 e
o 22 61 n
o 33 76 e
o 33 74 e
o 32 75 e
o 22 50 s
o 42 6 w
o 24 4 e
o 44 59 n
o 26 14 w
o 30 62 w
o 37 22 s
o 38 39 e
o 42 52 w
o 62 51 n
o 54 34 s
o 57 34 s
o 27 27 w
o 32 21 w
o 46 34 s
o 65 45 w
o 50 33 e
o 50 44 w
o 25 33 w
# turn 277
o 22 2 n
o 22 3 n
o 22 4 n
o 22 5 n
o 64 66 w
o 69 67 w
o 26 13 w
o 63 32 n
o 58 34 s
o 33 77 w
o 33 75 w
o 32 76 e
o 42 5 e
o 38 5 w
o 21 61 s
o 23 50 n
o 24 5 n
o 43 59 s
o 60 33 e
o 64 14 n
o 25 32 e
o 30 61 w
o 42 51 w
o 47 34 n
o 61 51 e
o 55 34 s
o 27 26 s
o 32 20 w
o 65 44 n
o 50 34 s
o 50 43 s
o 38 22 w
o 38 40 w
o 30 42 w
# turn 278
o 38 4 e
o 26 12 w
o 62 32 s
o 59 34 e
o 60 34 w
o 63 14 s
o 69 66 e
o 64 65 e
o 33 76 e
o 32 77 w
o 33 74 w
o 22 50 s
o 22 61 s
o 42 6 w
o 23 5 e
o 44 59 n
o 30 60 w
o 38 21 e
o 42 50 e
o 46 34 w
o 51 34 n
o 61 52 e
o 56 34 s
o 28 26 w
o 32 19 s
o 64 44 w
o 51 43 w
o 38 39 w
o 30 41 s
o 25 33 w
o 30 42 e
# turn 279
o 21 3 n
o 21 4 n
o 21 5 n
o 33 73 w
o 34 73 n
o 34 74 n
o 34 75 n
o 64 66 w
o 69 67 w
o 40 1 n
o 40 2 n
o 26 11 w
o 63 32 n
o 59 35 w
o 32 76 s
o 42 5 e
o 38 5 w
o 23 6 n
o 23 61 e
o 23 50 n
o 43 59 s
o 60 33 e
o 64 14 e
o 30 59 w
o 42 51 s
o 51 42 s
o 61 53 n
o 57 34 s
o 28 25 s
o 33 19 w
o 64 43 n
o 38 38 w
o 31 41 s
o 25 32 w
o 30 43 s
o 38 22 w
o 46 33 s
o 50 34 s
# turn 280
o 22 119 e
o 21 2 s
o 38 4 e
o 39 2 s
o 39 1 s
o 62 32 s
o 58 34 e
o 59 34 e
o 60 34 w
o 64 15 w
o 33 72 n
o 33 73 s
o 33 74 s
o 33 75 s
o 33 76 w
o 33 77 w
o 69 66 e
o 64 65 e
o 22 50 s
o 23 62 e
o 42 6 w
o 22 6 e
o 26 10 e
o 44 59 n
o 30 58 w
o 43 51 n
o 29 25 s
o 33 18 w
o 63 43 w
o 38 37 w
o 32 41 s
o 25 31 w
o 31 43 e
o 38 21 n
o 47 33 s
o 51 34 s
o 52 42 s
o 60 53 s
# turn 281
o 26 11 e
o 34 73 n
o 34 74 n
o 34 75 n
o 33 75 e
o 33 76 e
o 20 3 n
o 20 4 n
o 20 5 n
o 22 0 e
o 40 2 e
o 40 1 e
o 41 1 e
o 64 66 w
o 69 67 w
o 32 72 e
o 63 32 n
o 59 35 w
o 42 5 e
o 23 117 s
o 22 7 e
o 23 63 e
o 23 50 n
o 43 59 s
o 60 33 e
o 64 14 e
o 30 57 s
o 37 21 s
o 42 51 w
o 48 33 w
o 61 53 n
o 30 25 s
o 33 17 w
o 63 42 n
o 38 36 w
o 33 41 s
o 25 30 w
o 31 44 s
o 52 34 s
o 53 42 s
o 58 35 s
# turn 282
o 26 12 e
o 40 2 w
o 40 3 w
o 42 6 w
o 22 1 s
o 22 2 s
o 41 2 e
o 62 32 s
o 59 34 n
o 60 34 w
o 59 35 w
o 64 15 w
o 32 73 e
o 33 73 s
o 33 74 s
o 33 75 s
o 33 76 w
o 33 77 w
o 69 66 e
o 64 65 e
o 22 8 e
o 22 50 s
o 23 64 s
o 24 117 e
o 44 59 n
o 25 29 e
o 42 50 w
o 54 42 n
o 60 53 n
o 31 25 w
o 33 16 n
o 62 42 w
o 38 35 w
o 34 41 s
o 32 44 e
o 53 34 s
o 48 32 s
o 38 21 n
o 31 57 e
# turn 283
o 26 13 e
o 19 3 n
o 19 4 n
o 19 5 n
o 23 1 e
o 23 2 e
o 40 1 e
o 40 2 s
o 64 66 w
o 69 67 w
o 55 59 w
o 57 60 w
o 59 61 w
o 34 73 n
o 34 74 n
o 34 75 n
o 33 75 e
o 33 76 e
o 63 32 n
o 58 34 e
o 59 34 s
o 41 3 n
o 42 5 e
o 32 74 e
o 24 118 s
o 64 14 e
o 22 9 e
o 24 64 e
o 23 50 n
o 43 59 s
o 60 33 s
o 31 58 s
o 35 41 n
o 37 21 s
o 42 49 e
o 49 32 w
o 59 53 n
o 31 24 s
o 32 16 w
o 62 41 w
o 38 34 w
o 32 45 s
o 54 34 s
o 25 30 w
o 53 42 s
# turn 284
o 26 14 n
o 42 6 w
o 18 3 w
o 18 4 w
o 18 5 s
o 23 2 e
o 23 3 e
o 62 32 s
o 61 33 w
o 60 34 w
o 69 66 e
o 64 65 e
o 33 73 s
o 33 74 s
o 32 75 e
o 33 75 s
o 33 76 w
o 33 77 w
o 64 15 e
o 22 10 e
o 22 50 s
o 25 118 e
o 24 65 s
o 44 59 n
o 25 29 e
o 32 15 n
o 32 58 w
o 38 33 s
o 42 50 w
o 54 42 n
o 58 53 s
o 32 24 w
o 62 40 w
o 33 45 s
o 55 34 s
o 34 41 s
o 38 21 n
o 49 31 e
o 58 35 s
# turn 285
o 25 14 e
o 18 2 n
o 18 3 n
o 23 3 e
o 23 4 e
o 40 3 n
o 38 5 w
o 34 73 n
o 34 74 n
o 34 75 n
o 33 75 e
o 33 76 e
o 64 66 w
o 69 67 w
o 59 35 w
o 63 32 n
o 31 15 w
o 19 5 n
o 42 5 e
o 32 76 e
o 22 11 e
o 25 65 e
o 25 119 e
o 23 50 n
o 43 59 s
o 60 33 e
o 61 32 e
o 35 41 n
o 37 21 s
o 42 49 e
o 49 32 w
o 59 53 n
o 32 23 s
o 62 39 w
o 34 45 s
o 56 34 s
o 39 33 s
o 53 42 s
o 25 30 w
o 32 57 n
# turn 286
o 25 15 e
o 39 3 n
o 38 4 n
o 17 2 w
o 17 3 w
o 18 5 s
o 23 4 s
o 23 5 s
o 31 14 w
o 22 12 s
o 62 38 s
o 62 32 s
o 61 33 w
o 59 34 e
o 60 34 w
o 69 66 e
o 64 65 e
o 33 73 s
o 33 74 s
o 33 75 s
o 33 76 w
o 32 77 w
o 33 77 w
o 22 50 s
o 25 0 e
o 42 6 w
o 25 66 s
o 44 59 n
o 64 16 n
o 25 29 e
o 35 45 s
o 54 42 n
o 58 53 s
o 33 23 w
o 57 34 s
o 40 33 s
o 31 57 e
o 42 50 e
o 34 41 s
o 38 21 n
o 49 31 e
# turn 287
o 25 16 e
o 17 1 n
o 17 2 n
o 25 1 e
o 24 4 s
o 24 5 s
o 34 73 n
o 34 74 n
o 34 75 n
o 33 75 n
o 64 66 w
o 69 67 w
o 38 3 s
o 37 4 s
o 19 5 n
o 59 35 w
o 58 34 e
o 63 32 n
o 31 13 n
o 32 76 e
o 33 76 e
o 42 5 e
o 63 16 e
o 23 12 e
o 26 66 e
o 23 50 n
o 43 59 s
o 60 33 e
o 61 32 e
o 31 58 s
o 35 41 n
o 37 21 s
o 42 51 w
o 49 32 w
o 33 22 w
o 41 33 s
o 63 38 n
o 36 45 s
o 53 42 s
o 25 30 w
o 59 53 s
# turn 288
o 25 17 e
o 16 1 w
o 16 2 w
o 18 5 s
o 25 4 s
o 25 5 s
o 25 2 s
o 55 58 e
o 57 59 e
o 59 60 e
o 40 2 n
o 38 4 e
o 62 38 s
o 62 32 s
o 61 33 w
o 59 34 e
o 60 34 w
o 30 13 n
o 26 67 w
o 33 73 s
o 33 74 s
o 32 77 w
o 33 77 w
o 32 75 w
o 33 75 s
o 69 66 e
o 64 65 e
o 22 50 s
o 23 13 e
o 42 6 w
o 63 17 w
o 44 59 n
o 25 29 e
o 32 58 w
o 37 45 w
o 42 50 e
o 60 53 n
o 33 21 w
o 42 33 s
o 54 42 s
o 49 31 e
o 58 35 w
o 34 41 s
o 38 21 n
# turn 289
o 25 18 e
o 42 51 n
o 34 73 n
o 34 74 n
o 34 75 n
o 64 66 w
o 69 67 w
o 39 2 s
o 26 4 s
o 26 5 s
o 26 2 s
o 59 35 w
o 58 34 e
o 63 32 n
o 32 76 e
o 32 74 e
o 33 76 e
o 42 5 e
o 38 5 w
o 26 66 e
o 63 16 e
o 23 14 s
o 23 50 n
o 29 13 s
o 43 59 s
o 60 33 e
o 61 32 e
o 25 30 w
o 35 41 n
o 37 21 s
o 37 44 s
o 49 32 w
o 55 42 e
o 59 53 n
o 33 20 w
o 43 33 s
o 63 38 n
o 32 57 n
# turn 290
o 25 19 n
o 41 51 n
o 40 2 e
o 41 2 e
o 27 4 s
o 27 5 s
o 27 2 s
o 16 1 s
o 19 5 w
o 33 73 s
o 33 74 s
o 32 77 w
o 33 77 w
o 32 75 w
o 33 75 s
o 62 38 s
o 62 32 s
o 61 33 w
o 59 34 e
o 60 34 w
o 69 66 e
o 64 65 e
o 30 13 n
o 22 50 s
o 24 14 e
o 26 67 s
o 42 6 w
o 63 17 w
o 44 59 n
o 25 29 e
o 38 21 e
o 38 44 e
o 55 43 e
o 58 53 w
o 33 19 w
o 44 33 e
o 31 57 e
o 34 41 e
o 49 31 e
o 58 35 w
# turn 291
o 24 19 e
o 40 51 n
o 34 73 n
o 34 74 n
o 34 75 n
o 64 66 w
o 69 67 w
o 32 76 e
o 32 74 e
o 33 76 e
o 59 35 w
o 58 34 e
o 63 32 n
o 40 3 w
o 41 3 w
o 42 5 e
o 17 1 w
o 19 4 s
o 27 67 s
o 28 4 n
o 28 5 n
o 63 16 e
o 16 0 w
o 23 50 n
o 24 15 w
o 28 2 n
o 29 13 s
o 43 59 s
o 60 33 e
o 61 32 e
o 34 42 n
o 38 45 s
o 55 44 n
o 58 52 n
o 33 18 w
o 44 34 s
o 31 58 n
o 49 32 s
o 63 38 n
o 38 22 w
o 25 30 w
# turn 292
o 24 20 n
o 39 51 n
o 64 65 w
o 40 2 e
o 41 2 e
o 62 38 s
o 62 32 s
o 61 33 w
o 59 34 e
o 60 34 w
o 33 73 s
o 33 74 s
o 32 77 w
o 33 77 w
o 32 75 w
o 33 75 s
o 69 66 e
o 30 13 n
o 20 4 w
o 22 50 s
o 24 14 e
o 28 67 s
o 42 6 w
o 63 17 w
o 16 119 w
o 17 0 n
o 27 2 s
o 27 4 n
o 27 5 s
o 44 59 n
o 25 29 e
o 38 21 e
o 39 45 s
o 54 44 n
o 57 52 n
o 33 17 w
o 45 34 s
o 30 58 e
o 50 32 e
o 58 35 w
o 33 42 e
# turn 293
o 38 51 n
o 64 64 n
o 34 73 n
o 34 74 n
o 34 75 n
o 59 35 w
o 58 34 e
o 63 32 n
o 32 76 e
o 32 74 e
o 33 76 e
o 30 59 e
o 24 15 w
o 23 20 w
o 29 13 n
o 40 3 w
o 41 3 w
o 42 5 e
o 63 16 e
o 16 0 w
o 20 3 s
o 28 5 n
o 29 67 s
o 69 67 w
o 16 118 w
o 23 50 n
o 26 4 n
o 28 2 n
o 43 59 s
o 60 33 e
o 61 32 e
o 62 31 s
o 25 30 w
o 33 43 w
o 38 22 e
o 40 45 s
o 56 52 e
o 33 16 w
o 46 34 s
o 50 33 e
o 63 38 s
o 53 44 s
# turn 294
o 63 64 w
o 41 2 s
o 39 3 w
o 38 4 w
o 63 31 w
o 62 32 w
o 61 33 w
o 59 34 e
o 60 34 w
o 30 60 e
o 33 73 s
o 33 74 s
o 32 77 w
o 33 77 w
o 32 75 w
o 33 75 s
o 55 59 e
o 57 60 e
o 59 61 n
o 23 19 w
o 33 15 n
o 63 17 n
o 16 119 w
o 21 3 e
o 22 50 s
o 24 14 s
o 42 6 w
o 16 117 w
o 25 4 e
o 27 2 s
o 27 5 s
o 28 13 s
o 30 67 e
o 44 59 n
o 69 66 e
o 25 29 s
o 33 42 w
o 37 51 s
o 38 23 e
o 41 45 s
o 47 34 e
o 56 53 s
o 50 34 s
o 64 38 w
o 54 44 w
o 58 35 w
o 30 42 w
# turn 295
o 55 60 w
o 57 61 w
o 58 61 s
o 34 73 n
o 34 74 n
o 34 75 n
o 62 17 s
o 59 35 w
o 58 34 e
o 63 63 e
o 23 18 w
o 29 13 n
o 32 15 w
o 32 76 e
o 32 74 e
o 33 76 e
o 30 61 e
o 42 5 e
o 16 118 w
o 21 4 s
o 28 5 n
o 30 68 e
o 69 67 w
o 16 116 w
o 23 50 n
o 25 5 e
o 25 14 n
o 28 2 n
o 42 2 s
o 43 59 s
o 60 33 s
o 61 32 s
o 26 29 n
o 38 24 e
o 38 51 s
o 42 45 s
o 47 35 w
o 51 34 n
o 54 43 s
o 57 53 w
o 64 37 s
o 30 41 s
o 30 42 w
o 33 41 e
# turn 296
o 62 26 s
o 62 27 s
o 62 28 s
o 62 29 s
o 38 3 s
o 23 17 w
o 32 14 n
o 65 37 w
o 59 34 s
o 62 32 s
o 61 33 w
o 55 59 e
o 57 60 e
o 59 61 n
o 30 62 e
o 33 73 s
o 33 74 s
o 32 77 w
o 33 77 w
o 32 75 w
o 33 75 s
o 43 2 n
o 63 17 n
o 16 117 w
o 22 4 s
o 22 50 s
o 24 14 s
o 30 69 s
o 42 6 w
o 16 115 w
o 25 6 e
o 27 2 s
o 27 5 s
o 28 13 s
o 44 59 n
o 25 29 e
o 33 42 w
o 38 25 e
o 39 51 n
o 55 43 e
o 57 52 s
o 31 41 s
o 30 41 w
o 47 34 s
o 50 34 s
o 58 35 s
o 30 42 w
o 43 45 n
# turn 297
o 25 7 w
o 63 26 n
o 63 27 n
o 63 28 n
o 63 29 n
o 55 60 w
o 57 61 w
o 58 61 s
o 34 73 n
o 34 74 n
o 34 75 n
o 23 16 w
o 29 13 n
o 31 14 w
o 62 17 s
o 60 34 w
o 59 35 w
o 63 32 n
o 63 64 e
o 30 63 e
o 32 76 e
o 32 74 e
o 33 76 e
o 42 2 n
o 42 5 e
o 16 116 w
o 23 4 s
o 28 5 n
o 16 114 w
o 23 50 n
o 28 2 n
o 31 69 e
o 43 59 s
o 61 32 e
o 69 66 n
o 33 41 s
o 38 26 s
o 38 51 s
o 42 45 s
o 58 52 n
o 32 41 s
o 30 40 w
o 48 34 s
o 51 34 s
o 30 41 s
o 65 36 n
o 25 30 w
o 55 44 s
# turn 298
o 63 17 s
o 23 15 w
o 25 14 n
o 24 4 s
o 63 65 w
o 68 66 s
o 39 2 e
o 39 3 e
o 40 2 n
o 41 2 n
o 28 13 w
o 31 13 n
o 64 36 s
o 62 32 s
o 61 33 w
o 59 34 s
o 55 59 e
o 57 60 e
o 59 61 n
o 33 73 s
o 33 74 s
o 32 77 w
o 33 77 w
o 32 75 w
o 33 75 s
o 16 115 w
o 22 50 s
o 31 70 e
o 42 6 w
o 16 113 w
o 27 2 s
o 27 5 s
o 30 64 w
o 44 59 n
o 60 33 s
o 25 29 s
o 34 41 s
o 39 26 w
o 39 51 n
o 57 52 e
o 33 41 s
o 30 39 w
o 49 34 s
o 52 34 s
o 31 41 s
o 56 44 w
o 43 45 n
# turn 299
o 64 17 e
o 28 12 e
o 23 14 w
o 24 14 w
o 55 60 w
o 57 61 w
o 58 61 s
o 34 73 n
o 34 74 n
o 34 75 n
o 30 13 w
o 63 32 n
o 62 31 s
o 63 30 w
o 61 33 s
o 60 34 w
o 63 64 e
o 30 63 e
o 42 5 e
o 32 76 e
o 32 74 e
o 33 76 e
o 16 112 e
o 16 114 s
o 28 5 n
o 31 71 s
o 62 27 s
o 69 66 n
o 23 50 n
o 28 2 n
o 43 59 s
o 61 32 e
o 62 30 s
o 26 29 s
o 35 41 s
o 38 51 e
o 39 25 e
o 42 45 s
o 57 53 w
o 34 41 s
o 30 38 w
o 50 34 s
o 53 34 s
o 32 41 s
o 56 43 s
o 65 36 n
# turn 300
o 23 13 s
o 24 13 s
o 25 4 s
o 63 27 n
o 63 65 w
o 68 66 s
o 39 2 n
o 39 3 n
o 39 4 n
o 42 6 w
o 28 13 w
o 30 12 n
o 64 18 w
o 63 29 s
o 63 30 n
o 63 31 w
o 62 32 w
o 60 33 e
o 61 33 w
o 62 33 w
o 55 59 e
o 57 60 e
o 59 61 n
o 32 71 n
o 33 73 s
o 33 74 s
o 32 77 w
o 33 77 w
o 32 75 w
o 33 75 s
o 16 113 s
o 17 114 s
o 22 50 s
o 27 2 e
o 30 64 s
o 27 5 s
o 44 59 n
o 62 29 s
o 27 29 w
o 36 41 s
o 38 52 n
o 39 26 n
o 51 34 n
o 57 43 e
o 57 52 s
o 35 41 s
o 30 37 n
o 54 34 s
o 33 41 s
o 64 36 w
o 43 45 n
