# turn 1
o 9 65 e
# turn 2
o 9 66 e
# turn 3
o 9 67 e
# turn 4
o 9 68 e
# turn 5
o 9 69 e
# turn 6
o 9 70 e
# turn 7
o 9 71 e
# turn 8
o 9 72 s
# turn 9
o 10 72 e
# turn 10
o 10 73 e
# turn 11
o 10 74 e
# turn 12
o 10 75 e
# turn 13
o 10 76 e
# turn 14
o 10 77 n
# turn 15
o 9 77 n
# turn 16
o 8 77 n
# turn 17
o 7 77 n
# turn 18
o 6 77 n
# turn 19
o 5 77 n
# turn 20
o 4 77 n
# turn 21
o 3 77 n
# turn 22
o 2 77 n
# turn 23
o 9 65 e
o 1 77 n
# turn 24
o 9 66 e
o 0 77 e
# turn 25
o 0 78 e
o 9 67 e
# turn 26
o 0 79 e
o 9 68 e
# turn 27
o 0 80 e
o 9 69 e
# turn 28
o 0 81 e
o 9 70 s
# turn 29
o 10 70 e
o 0 82 s
# turn 30
o 10 71 s
o 1 82 e
# turn 31
o 1 83 n
o 11 71 e
# turn 32
o 9 65 e
o 11 72 e
o 0 83 n
# turn 33
o 9 66 e
o 59 83 n
o 11 73 e
# turn 34
o 9 67 e
o 58 83 n
o 11 74 e
# turn 35
o 57 83 n
o 9 68 e
o 11 75 e
# turn 36
o 56 83 e
o 11 76 s
o 9 69 e
# turn 37
o 56 84 n
o 12 76 s
o 9 70 e
# turn 38
o 9 71 n
o 13 76 s
o 55 84 n
# turn 39
o 54 84 e
o 14 76 w
o 8 71 n
# turn 40
o 14 75 s
o 7 71 n
o 54 85 n
# turn 41
o 15 75 w
o 53 85 e
o 6 71 n
# turn 42
o 5 71 w
o 9 65 e
o 15 74 w
o 53 86 e
# turn 43
o 53 87 e
o 15 73 w
o 9 66 e
o 5 70 w
# turn 44
o 53 88 s
o 9 67 e
o 15 72 w
o 5 69 w
# turn 45
o 5 68 w
o 54 88 s
o 9 68 e
o 15 71 w
# turn 46
o 9 69 e
o 55 88 s
o 5 67 w
o 15 70 w
# turn 47
o 5 66 w
o 15 69 w
o 56 88 n
o 9 70 e
# turn 48
o 9 71 n
o 15 68 w
o 5 65 w
o 55 88 e
o 9 65 s
# turn 49
o 8 71 n
o 5 64 w
o 15 67 w
o 55 89 e
o 9 65 s
o 10 65 e
# turn 50
o 15 66 w
o 7 71 n
o 5 63 w
o 55 0 s
o 10 66 e
o 10 65 e
# turn 51
o 6 71 n
o 10 67 e
o 5 62 n
o 15 65 w
o 10 66 e
o 56 0 e
# turn 52
o 5 71 n
o 56 1 w
o 15 64 w
o 10 68 e
o 4 62 s
o 10 67 e
o 9 65 s
# turn 53
o 15 63 w
o 4 71 w
o 5 62 w
o 56 0 w
o 10 69 e
o 10 68 s
o 9 65 e
o 10 65 e
# turn 54
o 56 89 n
o 10 70 e
o 15 62 w
o 5 61 w
o 4 70 w
o 11 68 e
o 9 66 e
o 10 66 e
# turn 55
o 15 61 n
o 10 71 e
o 5 60 n
o 55 89 w
o 4 69 w
o 9 67 e
o 11 69 e
o 10 67 e
# turn 56
o 55 88 n
o 14 61 w
o 10 72 e
o 4 68 w
o 4 60 w
o 11 70 e
o 9 65 s
o 9 68 e
o 10 68 e
# turn 57
o 4 59 e
o 10 73 e
o 14 60 w
o 4 67 w
o 54 88 n
o 10 65 e
o 10 69 e
o 11 71 e
o 9 69 e
# turn 58
o 10 74 e
o 53 88 e
o 14 59 n
o 4 66 n
o 4 60 e
o 10 66 e
o 11 72 e
o 10 70 n
o 9 65 e
o 9 70 e
# turn 59
o 13 59 w
o 4 61 s
o 3 66 n
o 10 75 e
o 9 71 n
o 53 89 n
o 11 73 e
o 10 67 e
o 9 70 e
o 9 66 e
# turn 60
o 2 66 e
o 5 61 s
o 52 89 n
o 10 76 e
o 13 58 s
o 11 74 e
o 8 71 s
o 10 68 e
o 9 67 n
o 9 65 e
o 9 71 e
# turn 61
o 2 67 n
o 11 75 n
o 10 77 e
o 51 89 n
o 6 61 s
o 14 58 s
o 9 72 e
o 9 66 s
o 10 69 e
o 8 67 s
o 9 71 e
# turn 62
o 15 58 s
o 50 89 n
o 10 78 e
o 1 67 n
o 7 61 n
o 10 75 e
o 9 72 e
o 9 67 e
o 10 70 s
o 10 66 e
o 9 73 e
# turn 63
o 49 89 n
o 10 79 n
o 16 58 w
o 0 67 n
o 6 61 n
o 10 76 s
o 10 67 e
o 9 74 e
o 11 70 e
o 9 65 e
o 9 68 e
o 9 73 e
# turn 64
o 48 89 n
o 9 79 s
o 59 67 e
o 5 61 e
o 16 57 w
o 11 76 s
o 9 74 e
o 9 66 e
o 9 75 e
o 9 69 e
o 11 71 e
o 10 68 e
# turn 65
o 5 62 e
o 16 56 w
o 47 89 w
o 10 79 e
o 12 76 s
o 59 68 n
o 9 67 e
o 11 72 e
o 9 70 e
o 9 76 e
o 9 75 e
o 10 69 e
# turn 66
o 58 68 e
o 16 55 w
o 5 63 e
o 13 76 s
o 47 88 n
o 9 77 e
o 9 68 w
o 10 80 e
o 9 71 e
o 11 73 w
o 10 70 e
o 9 76 n
# turn 67
o 5 64 e
o 46 88 n
o 16 54 w
o 58 69 n
o 10 81 e
o 14 76 e
o 9 67 e
o 9 78 e
o 9 72 n
o 11 72 e
o 8 76 e
o 10 71 e
# turn 68
o 16 53 w
o 5 65 n
o 57 69 e
o 10 82 e
o 9 68 s
o 9 79 s
o 14 77 s
o 8 72 e
o 45 88 n
o 11 73 e
o 8 77 s
o 10 72 n
# turn 69
o 57 70 e
o 16 52 w
o 4 65 n
o 10 83 e
o 11 74 n
o 44 88 e
o 15 77 s
o 9 72 w
o 9 77 n
o 10 79 n
o 8 73 e
o 10 68 s
o 9 65 s
# turn 70
o 57 71 e
o 3 65 n
o 16 51 w
o 8 74 e
o 11 68 n
o 9 65 s
o 10 84 e
o 44 89 e
o 9 79 s
o 16 77 s
o 10 74 n
o 8 77 s
o 9 71 e
o 10 65 e
# turn 71
o 44 0 s
o 2 65 n
o 16 50 w
o 9 77 n
o 57 72 n
o 17 77 s
o 9 72 w
o 8 75 e
o 10 79 e
o 10 85 e
o 9 74 e
o 10 68 e
o 10 66 s
o 10 65 e
# turn 72
o 16 49 w
o 45 0 s
o 8 77 n
o 18 77 s
o 9 75 e
o 56 72 n
o 10 86 e
o 10 66 e
o 1 65 n
o 10 69 e
o 10 80 e
o 8 76 n
o 9 71 e
o 9 65 e
o 11 66 e
# turn 73
o 46 0 s
o 7 77 n
o 16 48 w
o 9 72 e
o 7 76 n
o 0 65 w
o 9 66 n
o 10 87 e
o 10 81 e
o 9 76 s
o 19 77 s
o 55 72 n
o 10 70 e
o 11 67 e
o 10 67 e
# turn 74
o 47 0 w
o 6 77 n
o 16 47 w
o 0 64 n
o 10 88 n
o 10 82 e
o 11 68 n
o 20 77 e
o 54 72 n
o 8 66 s
o 10 76 n
o 6 76 e
o 9 73 e
o 10 71 s
o 10 68 e
# turn 75
o 59 64 w
o 16 46 w
o 47 89 w
o 5 77 n
o 10 83 e
o 53 72 e
o 20 78 n
o 9 76 s
o 9 88 e
o 6 77 s
o 9 74 n
o 9 66 s
o 10 69 e
o 11 71 e
o 10 68 e
# turn 76
o 16 45 w
o 4 77 n
o 59 63 w
o 53 73 n
o 47 88 s
o 8 74 e
o 19 78 s
o 10 84 e
o 9 89 e
o 10 76 e
o 7 77 s
o 10 66 s
o 11 72 e
o 10 70 e
o 10 69 e
# turn 77
o 11 66 w
o 48 88 w
o 59 62 w
o 16 44 n
o 10 85 w
o 3 77 n
o 9 0 e
o 52 73 s
o 10 70 e
o 20 78 n
o 10 77 e
o 8 77 n
o 8 75 w
o 10 71 n
o 11 73 e
# turn 78
o 11 65 n
o 15 44 n
o 9 71 n
o 10 84 n
o 48 87 w
o 2 77 n
o 59 61 w
o 53 73 n
o 8 74 e
o 10 78 s
o 19 78 s
o 7 77 e
o 11 74 e
o 10 71 e
# turn 79
o 10 65 w
o 9 84 n
o 8 71 n
o 14 44 n
o 11 75 s
o 1 77 n
o 52 73 n
o 48 86 w
o 59 60 w
o 11 78 s
o 7 78 n
o 8 75 e
o 20 78 s
o 10 72 e
# turn 80
o 13 44 w
o 59 59 w
o 48 85 n
o 51 73 n
o 0 77 n
o 7 71 n
o 8 84 n
o 12 75 e
o 8 76 w
o 21 78 s
o 12 78 e
o 6 78 e
o 10 73 e
# turn 81
o 6 71 n
o 59 58 w
o 13 43 n
o 50 73 s
o 7 84 e
o 47 85 s
o 12 76 s
o 59 77 e
o 12 79 s
o 6 79 s
o 8 75 s
o 10 74 s
# turn 82
o 48 85 e
o 51 73 n
o 7 85 s
o 59 78 e
o 59 57 w
o 12 43 n
o 9 75 w
o 9 65 s
o 11 74 n
o 7 79 e
o 13 76 s
o 13 79 s
o 5 71 s # move blocked
# turn 83
o 10 65 e
o 59 56 s
o 5 71 w
o 11 43 n
o 48 86 s
o 50 73 n
o 59 79 e
o 8 85 e
o 14 76 e
o 14 79 e
o 9 74 s
o 7 80 e
o 9 65 e
o 10 74 s
# turn 84
o 8 86 e
o 59 80 e
o 5 70 n
o 0 56 w
o 49 73 n
o 10 43 e
o 7 81 e
o 9 65 e
o 49 86 n
o 14 77 e
o 10 74 s
o 14 80 s
o 9 66 e
o 11 74 e
# turn 85
o 10 44 e
o 7 82 e
o 59 81 n
o 0 55 w
o 11 75 e
o 8 87 e
o 14 78 w
o 4 70 n
o 9 67 e
o 11 74 n
o 15 80 s
o 48 73 n
o 48 86 w
o 9 66 n
# turn 86
o 7 83 s
o 58 81 e
o 8 88 e
o 0 54 n
o 47 73 w
o 10 45 e
o 9 65 e
o 3 70 s
o 10 74 w
o 14 77 e
o 48 85 s
o 16 80 e
o 9 68 s
o 11 76 s
# turn 87
o 8 89 e
o 10 46 e
o 59 54 n
o 58 82 e
o 47 72 n
o 8 83 s
o 9 65 e
o 16 81 e
o 4 70 e
o 10 68 e
o 49 85 e
o 14 78 e
o 12 76 e
o 10 73 e
o 9 66 e
o 8 66 e
# turn 88
o 8 67 w
o 9 83 e
o 58 54 w
o 4 71 w
o 46 72 w
o 10 47 e
o 49 86 s
o 9 67 e
o 14 79 e
o 12 77 n
o 16 82 n
o 8 0 s
o 10 69 e
o 10 74 n
o 58 83 n
o 9 65 e
o 9 66 e
# turn 89
o 9 84 e
o 10 48 e
o 4 70 w
o 46 71 n
o 58 53 w
o 11 77 e
o 15 82 e
o 57 83 n
o 9 0 e
o 10 70 e
o 14 80 n
o 50 86 s
o 9 68 s
o 9 74 s
o 9 67 e
o 9 65 s
o 9 66 e
o 8 66 e
# turn 90
o 8 67 w
o 10 49 n
o 58 52 w
o 4 69 w
o 11 78 w
o 51 86 w
o 13 80 e
o 15 83 n
o 10 71 n
o 10 74 n
o 56 83 w
o 9 85 e
o 9 1 e
o 9 68 s
o 10 68 e
o 10 65 s
o 9 67 s
# turn 91
o 9 49 e
o 9 86 w
o 56 82 n
o 13 81 s
o 58 51 w
o 51 85 e
o 4 68 n
o 11 77 w
o 9 2 e
o 9 71 n
o 9 74 s
o 14 83 n
o 10 69 s
o 10 68 e
o 10 67 n
o 8 66 e
o 11 65 e
# turn 92
o 8 67 w
o 58 50 w
o 13 83 e
o 14 81 s
o 51 86 e
o 55 82 e
o 3 68 w
o 9 50 e
o 11 76 s
o 10 74 e
o 9 67 e
o 8 71 e
o 9 85 e
o 9 3 e
o 11 69 e
o 10 69 e
o 11 66 e
o 9 65 e
# turn 93
o 3 67 n
o 9 51 e
o 9 4 w
o 58 49 w
o 55 83 n
o 12 76 s
o 51 87 s
o 9 86 s
o 15 81 w
o 10 75 e
o 8 72 s
o 10 70 s
o 11 67 e
o 11 70 e
o 9 68 e
o 9 66 e
o 8 66 e
# turn 94
o 8 67 w
o 2 67 n
o 9 52 e
o 58 48 w
o 10 86 w
o 54 83 n
o 13 76 s
o 52 87 s
o 9 3 w
o 9 72 e
o 15 80 e
o 11 70 n
o 10 76 e
o 11 71 e
o 9 69 e
o 11 68 e
o 9 67 s
# turn 95
o 14 76 w
o 53 87 e
o 10 85 s
o 1 67 n
o 53 83 w
o 15 81 e
o 9 53 e
o 58 47 w
o 9 2 e
o 11 69 e
o 10 77 e
o 9 73 w
o 11 72 e
o 10 70 n
o 9 70 e
o 10 67 e
o 8 66 s
# turn 96
o 9 54 w
o 15 82 e
o 53 88 s
o 0 67 n
o 58 46 w
o 14 75 w
o 9 72 e
o 11 85 n
o 10 78 e
o 10 68 e
o 53 82 n
o 11 73 e
o 9 3 e
o 11 70 e
o 9 65 e
o 9 71 e
o 9 70 e
o 9 66 e
# turn 97
o 9 4 w
o 14 74 s
o 58 45 w
o 54 88 s
o 10 85 s
o 59 67 e
o 9 53 s
o 52 82 e
o 9 67 e
o 10 69 e
o 10 79 e
o 11 74 e
o 9 72 e
o 9 65 e
o 11 71 n
o 9 71 n
o 9 73 e
o 9 66 e
# turn 98
o 15 74 w
o 10 53 s
o 11 75 s
o 58 44 w
o 55 88 s
o 11 85 s
o 59 68 n
o 9 3 w
o 10 66 e
o 8 71 n
o 52 83 n
o 10 80 e
o 9 73 e
o 9 74 e
o 9 65 s
o 10 70 e
o 10 71 n
o 9 68 s
o 9 67 e
o 9 66 s
# turn 99
o 58 43 n
o 58 68 e
o 15 73 w
o 11 53 w
o 9 2 w
o 56 88 s
o 51 83 s
o 9 74 e
o 7 71 n
o 12 85 n
o 10 81 w
o 12 75 e
o 9 71 n
o 9 75 s
o 10 71 e
o 9 68 s
o 10 68 e
o 10 67 s
o 10 66 n
o 10 65 s
# turn 100
o 57 43 n
o 57 88 e
o 11 52 w
o 15 72 w
o 58 69 e
o 52 83 n
o 10 72 e
o 6 71 s
o 10 68 e
o 11 67 e
o 10 80 e
o 12 76 n
o 9 1 e
o 9 65 e
o 11 65 n
o 8 71 e
o 10 69 n
o 11 85 s
o 10 75 s
o 9 75 n
o 9 66 e
