# turn 1
o 32 6 n
# turn 2
o 31 6 n
# turn 3
o 30 6 w
o 32 6 w
# turn 4
o 30 5 w
o 32 5 n
# turn 5
o 30 4 w
o 31 5 w
# turn 6
o 30 3 w
o 31 4 w
# turn 7
o 30 2 w
o 31 3 w
# turn 8
o 30 1 w
o 31 2 w
# turn 9
o 30 0 w
o 31 1 s
# turn 10
o 30 89 w
o 32 1 w
# turn 11
o 30 88 w
o 32 0 s
# turn 12
o 30 87 w
o 33 0 s
# turn 13
o 34 0 n
o 30 86 n
# turn 14
o 33 0 w
o 29 86 w
# turn 15
o 29 85 n
o 33 89 w
# turn 16
o 33 88 n
o 28 85 n
# turn 17
o 32 88 n
o 27 85 n
# turn 18
o 26 85 w
o 31 88 n
# turn 19
o 26 84 w
o 30 88 w
# turn 20
o 30 87 w
o 26 83 n
# turn 21
o 30 86 n
o 32 6 w
o 25 83 n
# turn 22
o 24 83 n
o 29 86 w
o 32 5 w
# turn 23
o 32 4 w
o 29 85 n
o 23 83 n
o 32 6 w
# turn 24
o 22 83 n
o 28 85 n
o 32 3 n
o 32 5 w
# turn 25
o 27 85 e
o 31 3 n
o 21 83 n
o 32 4 w
# turn 26
o 30 3 w
o 20 83 n
o 27 86 e
o 32 3 w
# turn 27
o 27 87 e
o 19 83 n
o 32 2 w
o 30 2 w
# turn 28
o 27 88 e
o 18 83 n
o 30 1 w
o 32 1 w
# turn 29
o 27 89 n
o 32 0 s
o 30 0 w
# turn 30
o 26 89 e
o 33 0 s
o 30 89 s
# turn 31
o 31 89 e
o 26 0 n
o 34 0 s
# turn 32
o 35 0 s
o 31 0 e
o 32 6 n
o 25 0 n
# turn 33
o 36 0 e
o 31 1 w
o 24 0 n
o 31 6 w
# turn 34
o 36 1 e
o 23 0 e
o 32 6 n
o 31 5 w
o 31 0 w
# turn 35
o 23 1 n
o 31 6 w
o 36 2 e
o 31 89 w
o 31 4 w
# turn 36
o 22 1 n
o 36 3 e
o 31 88 n
o 31 3 w
o 31 5 w
# turn 37
o 21 1 n
o 36 4 e
o 30 88 w
o 31 4 n
o 31 2 w
# turn 38
o 20 1 n
o 36 5 e
o 30 87 w
o 31 1 s
o 30 4 w
# turn 39
o 19 1 n
o 36 6 e
o 32 1 w
o 30 3 s
o 30 86 s
# turn 40
o 32 0 s
o 36 7 e
o 18 1 n
o 31 3 s
o 31 86 s
# turn 41
o 36 8 e
o 33 0 s
o 17 1 n
o 32 86 s
o 32 3 n
# turn 42
o 16 1 w
o 34 0 s
o 36 9 e
o 33 86 w
o 31 3 w
# turn 43
o 35 0 s
o 16 0 w
o 36 10 e
o 33 85 s
o 31 2 n
o 32 6 w
# turn 44
o 36 0 e
o 36 11 e
o 16 89 w
o 34 85 n
o 30 2 s
o 32 5 n
# turn 45
o 33 85 n
o 36 1 e
o 36 12 s
o 16 88 w
o 31 5 w
o 31 2 w
# turn 46
o 32 85 n
o 36 2 e
o 16 87 w
o 37 12 n
o 31 1 w
o 31 4 w
# turn 47
o 36 3 e
o 31 85 n
o 32 6 w
o 16 86 n
o 36 12 n
o 31 3 w
o 31 0 s
# turn 48
o 30 85 n
o 36 4 e
o 32 0 s
o 35 12 n
o 15 86 n
o 32 5 w
o 32 6 w
o 31 2 w
# turn 49
o 29 85 n
o 36 5 e
o 33 0 w
o 32 5 w
o 34 12 n
o 14 86 w
o 32 4 w
o 31 1 w
# turn 50
o 36 6 s
o 33 12 w
o 28 85 n
o 32 4 w
o 33 89 w
o 14 85 n
o 31 0 w
o 32 3 w
# turn 51
o 31 89 n
o 37 6 s
o 33 11 s
o 32 2 w
o 33 88 w
o 13 85 n
o 32 3 n
# turn 52
o 34 11 s
o 30 89 w
o 38 6 s
o 33 87 w
o 12 85 n
o 32 1 n
o 31 3 n
# turn 53
o 30 88 w
o 39 6 s
o 11 85 n
o 35 11 n
o 33 86 w
o 31 1 w
o 30 3 w
# turn 54
o 30 87 w
o 40 6 s
o 33 85 w
o 10 85 n
o 32 6 w
o 34 11 n
o 31 0 w
o 30 2 w
# turn 55
o 30 86 n
o 41 6 e
o 33 84 s
o 33 11 n
o 31 89 w
o 9 85 n
o 32 5 n
o 30 1 w
# turn 56
o 34 84 s
o 41 7 s
o 29 86 w
o 32 11 n
o 31 88 w
o 31 5 w
o 30 0 s
o 8 85 n
# turn 57
o 29 85 n
o 42 7 e
o 35 84 s
o 7 85 n
o 31 11 n
o 31 0 w
o 31 87 n
o 31 4 w
# turn 58
o 6 85 n
o 36 84 s
o 30 87 w
o 28 85 n
o 42 8 e
o 30 11 n
o 31 89 w
o 31 3 w
# turn 59
o 42 9 e
o 5 85 n
o 37 84 s
o 29 11 n
o 27 85 n
o 30 86 n
o 31 88 e
o 31 2 w
# turn 60
o 28 11 n
o 4 85 n
o 38 84 s
o 29 86 w
o 42 10 e
o 31 89 w
o 31 1 w
# turn 61
o 31 88 n
o 31 0 e
o 27 11 n
o 39 84 w
o 3 85 s
o 42 11 w
# turn 62
o 42 10 w
o 39 83 w
o 30 88 w
o 26 11 n
o 31 1 w
o 4 85 s
o 32 6 w
# turn 63
o 42 9 w
o 39 82 s
o 5 85 n
o 30 87 w
o 25 11 n
o 31 0 w
o 32 5 w
o 32 6 n
# turn 64
o 40 82 s
o 24 11 n
o 31 89 n
o 4 85 n
o 42 8 w
o 32 4 w
o 31 6 w
# turn 65
o 30 89 w
o 3 85 w
o 42 7 w
o 23 11 n
o 41 82 e
o 32 3 w
o 31 5 w
# turn 66
o 41 83 e
o 32 2 w
o 22 11 n
o 3 84 n
o 42 6 w
o 31 4 w
# turn 67
o 41 84 s
o 21 11 n
o 2 84 n
o 42 5 w
o 32 6 n
o 32 1 w
o 31 3 w
# turn 68
o 20 11 n
o 1 84 n
o 42 4 w
o 32 0 n
o 31 6 w
o 42 84 s
o 31 2 w
# turn 69
o 42 3 w
o 0 84 n
o 32 6 n
o 31 1 w
o 43 84 s
o 19 11 n
o 31 5 w
o 31 0 w
# turn 70
o 59 84 n
o 42 2 w
o 18 11 n
o 44 84 e
o 31 0 n
o 31 6 n
o 32 6 w
o 31 4 w
# turn 71
o 42 1 w
o 58 84 n
o 17 11 n
o 30 0 w
o 44 85 s
o 30 6 w
o 31 3 w
o 32 5 w
# turn 72
o 42 0 w
o 57 84 e
o 45 85 s
o 16 11 n
o 31 2 n
o 32 4 w
o 30 5 w
# turn 73
o 42 89 w
o 15 11 n
o 57 85 n
o 30 2 w
o 46 85 w
o 30 4 w
o 32 3 w
# turn 74
o 14 11 n
o 56 85 n
o 46 84 s
o 32 2 n
o 42 88 s
o 30 3 w
# turn 75
o 55 85 n
o 13 11 n
o 32 6 n
o 47 84 s
o 43 88 s
o 30 2 w
o 31 2 w
# turn 76
o 54 85 n
o 31 1 w
o 12 11 n
o 48 84 w
o 44 88 s
o 31 6 w
o 30 1 w
# turn 77
o 11 11 n
o 48 83 e
o 53 85 e
o 31 0 s
o 45 88 s
o 31 5 w
o 30 0 w
# turn 78
o 32 0 s
o 53 86 e
o 10 11 n
o 48 84 s
o 30 89 w
o 46 88 s
o 31 4 w
# turn 79
o 53 87 e
o 30 88 w
o 33 0 s
o 49 84 s
o 9 11 n
o 47 88 e
o 31 3 w
# turn 80
o 30 87 w
o 53 88 s
o 8 11 n
o 50 84 s
o 31 2 w
o 47 89 e
# turn 81
o 47 0 n
o 51 84 e
o 7 11 n
o 30 86 n
o 31 1 w
o 54 88 s
# turn 82
o 46 0 s
o 55 88 s
o 51 85 w
o 6 11 e
o 29 86 w
o 31 0 s
# turn 83
o 47 0 n
o 51 84 e
o 6 12 n
o 29 85 n
o 32 0 s
o 32 6 n
o 56 88 s
# turn 84
o 46 0 n
o 57 88 e
o 33 0 s
o 5 12 n
o 28 85 n
o 51 85 w
o 31 6 w
# turn 85
o 45 0 e
o 4 12 n
o 27 85 e
o 57 89 e
o 31 5 w
o 32 6 n
o 51 84 s
# turn 86
o 3 12 w
o 57 0 e
o 45 1 e
o 52 84 s
o 27 86 e
o 31 4 w
o 31 6 w
o 32 6 w
# turn 87
o 3 11 w
o 45 2 n
o 27 87 e
o 57 1 e
o 31 3 w
o 53 84 s
o 31 5 w
o 32 5 w
# turn 88
o 57 2 e
o 27 88 e
o 3 10 w
o 44 2 e
o 54 84 s
o 31 2 w
o 31 4 w
o 32 4 w
# turn 89
o 3 9 w
o 44 3 e
o 31 1 w
o 57 3 s
o 55 84 s
o 27 89 n
o 31 3 n
o 32 3 w
# turn 90
o 58 3 e
o 44 4 e
o 3 8 w
o 31 0 s
o 26 89 e
o 32 2 n
o 56 84 w
o 30 3 w
# turn 91
o 32 0 s
o 3 7 w
o 44 5 e
o 58 4 e
o 26 0 e
o 32 6 n
o 56 83 n
o 30 2 w
o 31 2 w
# turn 92
o 3 6 w
o 44 6 n
o 31 1 w
o 58 5 e
o 26 1 e
o 31 6 n
o 55 83 n
o 30 1 w
o 32 6 w
# turn 93
o 3 5 w
o 26 2 n
o 58 6 e
o 54 83 e
o 43 6 n
o 31 0 s
o 30 6 w
o 32 5 w
o 30 0 w
# turn 94
o 32 0 s
o 54 84 e
o 25 2 w
o 30 89 w
o 58 7 e
o 3 4 w
o 42 6 n
o 32 4 w
o 30 5 w
# turn 95
o 41 6 n
o 54 85 n
o 33 0 s
o 3 3 s
o 58 8 e
o 30 88 w
o 30 4 w
o 25 1 n
o 32 3 w
# turn 96
o 40 6 n
o 58 9 e
o 4 3 e
o 32 2 w
o 24 1 n
o 30 87 w
o 30 3 w
o 53 85 w
o 32 6 w
# turn 97
o 23 1 n
o 39 6 s
o 4 4 e
o 58 10 e
o 53 84 w
o 30 86 n
o 32 1 w
o 32 5 w
o 32 6 w
o 30 2 w
# turn 98
o 40 6 s
o 58 11 e
o 4 5 e
o 22 1 n
o 30 1 s
o 53 83 w
o 29 86 w
o 32 4 w
o 32 5 n
o 32 6 n
# turn 99
o 21 1 n
o 58 12 e
o 41 6 e
o 29 85 n
o 53 82 w
o 4 6 n
o 31 1 s
o 31 5 w
o 32 3 w
o 31 6 w
# turn 100
o 20 1 n
o 58 13 e
o 41 7 s
o 3 6 e
o 53 81 w
o 28 85 n
o 32 2 w
o 32 6 w
o 32 1 w
o 31 5 w
o 31 4 n
# turn 101
o 19 1 n
o 42 7 e
o 3 7 e
o 58 14 e
o 53 80 w
o 30 4 w
o 32 1 n
o 27 85 n
o 31 4 w
o 32 5 n
# turn 102
o 58 15 e
o 53 79 w
o 18 1 n
o 3 8 w
o 42 8 e
o 26 85 w
o 31 5 s
o 31 1 n
o 31 3 w
o 30 3 w
# turn 103
o 42 9 e
o 26 84 e
o 58 16 e
o 17 1 n
o 53 78 w
o 3 7 w
o 32 5 n
o 30 2 w
o 30 1 w
o 31 2 w
# turn 104
o 58 17 e
o 26 85 e
o 53 77 w
o 42 10 e
o 32 6 n
o 16 1 w
o 31 1 w
o 31 5 w
o 30 0 w
o 3 6 n
o 30 1 w
# turn 105
o 53 76 w
o 58 18 s
o 42 11 e
o 30 89 w
o 26 86 e
o 16 0 n
o 2 6 n
o 30 0 w
o 31 4 n
o 31 0 s
o 31 6 w
o 32 6 n
# turn 106
o 30 88 w
o 26 87 e
o 42 12 e
o 59 18 s
o 53 75 w
o 30 4 w
o 31 5 n
o 15 0 w
o 1 6 n
o 30 89 s
o 31 6 w
# turn 107
o 30 87 w
o 0 18 s
o 26 88 e
o 42 13 e
o 0 6 e
o 30 3 s
o 31 5 n
o 53 74 n
o 15 89 n
o 30 5 w
# turn 108
o 42 14 e
o 1 18 s
o 0 7 n
o 52 74 n
o 26 89 e
o 14 89 w
o 31 3 w
o 30 4 w
o 30 5 s
# turn 109
o 14 88 w
o 59 7 e
o 42 15 e
o 31 5 w
o 2 18 s
o 26 0 e
o 51 74 n
o 30 3 w
# turn 110
o 50 74 n
o 31 4 s
o 42 16 e
o 3 18 e
o 59 8 e
o 26 1 e
o 14 87 w
# turn 111
o 49 74 n
o 59 9 e
o 42 17 e
o 3 19 e
o 14 86 w
o 32 4 n
o 26 2 e
# turn 112
o 3 20 e
o 42 18 n
o 14 85 e
o 59 10 e
o 48 74 w
o 26 3 n
o 31 4 w
o 32 6 w
# turn 113
o 3 21 e
o 48 73 w
o 59 11 e
o 32 5 w
o 41 18 n
o 32 6 n
o 25 3 n
o 14 86 w
# turn 114
o 48 72 w
o 3 22 e
o 32 6 w
o 59 12 e
o 40 18 n
o 24 3 e
o 31 6 w
o 14 85 w
# turn 115
o 59 13 e
o 39 18 n
o 32 5 w
o 3 23 e
o 48 71 s
o 24 4 e
o 31 5 w
o 14 84 n
# turn 116
o 3 24 n
o 59 14 e
o 13 84 n
o 38 18 e
o 24 5 e
o 49 71 n
# turn 117
o 24 6 e
o 12 84 n
o 38 19 e
o 2 24 n
o 59 15 w
o 48 71 s
# turn 118
o 24 7 e
o 49 71 e
o 59 14 w
o 11 84 n
o 38 20 e
o 1 24 n
# turn 119
o 59 13 w
o 24 8 e
o 0 24 n
o 10 84 n
o 49 72 e
o 38 21 e
# turn 120
o 9 84 n
o 59 24 e
o 38 22 e
o 59 12 w
o 24 9 e
o 49 73 e
# turn 121
o 59 25 e
o 8 84 n
o 59 11 w
o 24 10 e
o 38 23 e
o 49 74 e
# turn 122
o 24 11 e
o 59 10 w
o 59 26 e
o 38 24 s
o 49 75 e
o 7 84 n
# turn 123
o 59 9 w
o 24 12 e
o 49 76 e
o 6 84 n
o 59 27 e
o 39 24 s
# turn 124
o 40 24 s
o 5 84 w
o 59 8 w
o 49 77 e
o 24 13 e
o 59 28 s
# turn 125
o 59 7 e
o 5 83 w
o 24 14 e
o 49 78 e
o 0 28 s
o 41 24 s
# turn 126
o 24 15 e
o 5 82 w
o 42 24 e
o 49 79 s
o 1 28 e
o 59 8 e
# turn 127
o 24 16 w
o 42 25 e
o 5 81 w
o 59 9 e
o 1 29 e
o 50 79 n
# turn 128
o 24 15 w
o 49 79 n
o 5 80 w
o 42 26 e
o 1 30 s
o 59 10 e
# turn 129
o 24 14 w
o 2 30 n
o 42 27 e
o 59 11 e
o 48 79 e
# turn 130
o 24 13 w
o 1 30 n
o 48 80 e
o 42 28 n
o 59 12 e
# turn 131
o 59 13 e
o 0 30 n
o 41 28 n
o 48 81 e
o 24 12 e
# turn 132
o 59 30 n
o 24 13 w
o 59 14 e
o 40 28 e
o 48 82 e
# turn 133
o 58 30 n
o 40 29 e
o 48 83 e
o 59 15 e
o 24 12 e
# turn 134
o 24 13 w
o 48 84 e
o 59 16 e
o 57 30 n
o 40 30 n
# turn 135
o 59 17 s
o 56 30 n
o 39 30 w
o 24 12 e
o 48 85 w
# turn 136
o 0 17 s
o 24 13 w
o 39 29 w
o 55 30 w
o 48 84 w
# turn 137
o 1 17 s
o 55 29 n
o 24 12 e
o 39 28 e
# turn 138
o 24 13 w
o 2 17 s
o 54 29 n
o 39 29 s
# turn 139
o 3 17 s
o 24 12 e
o 53 29 n
o 40 29 e
# turn 140
o 24 13 w
o 52 29 e
o 40 30 s
o 4 17 e
# turn 141
o 4 18 s
o 52 30 n
o 24 12 e
o 41 30 s
# turn 142
o 24 13 w
o 5 18 s
o 51 30 n
o 42 30 s
# turn 143
o 6 18 s
o 24 12 e
o 43 30 s
o 50 30 n
# turn 144
o 7 18 s
o 24 13 w
o 49 30 e
o 44 30 s
# turn 145
o 8 18 s
o 24 12 n
o 45 30 s
o 49 31 e
# turn 146
o 9 18 e
o 23 12 n
o 49 32 n
o 46 30 s
# turn 147
o 9 19 e
o 22 12 n
o 47 30 e
o 48 32 e
# turn 148
o 21 12 n
o 9 20 e
o 47 31 w
o 48 33 e
# turn 149
o 9 21 e
o 20 12 n
o 48 34 e
o 47 30 s
# turn 150
o 9 22 e
o 19 12 n
o 48 30 s
o 48 35 e
# turn 151
o 18 12 n
o 9 23 e
o 49 30 e
o 48 36 e
# turn 152
o 17 12 e
o 48 37 e
o 9 24 e
o 49 31 e
# turn 153
o 17 13 e
o 48 38 e
o 49 32 e
o 9 25 e
# turn 154
o 17 14 e
o 9 26 e
o 49 33 e
o 48 39 e
# turn 155
o 17 15 e
o 48 40 n
o 9 27 e
o 49 34 e
# turn 156
o 49 35 e
o 17 16 e
o 47 40 n
o 9 28 s
# turn 157
o 49 36 e
o 10 28 s
o 17 17 e
o 46 40 n
# turn 158
o 49 37 s
o 45 40 n
o 17 18 e
o 11 28 e
# turn 159
o 44 40 n
o 17 19 e
o 11 29 e
o 50 37 e
# turn 160
o 11 30 s
o 43 40 e
o 50 38 e
o 17 20 e
# turn 161
o 17 21 e
o 12 30 s
o 43 41 n
o 50 39 n
# turn 162
o 13 30 s
o 42 41 e
o 49 39 e
o 17 22 e
