# turn 1
o 32 65 e
# turn 2
o 32 66 e
# turn 3
o 32 67 e
o 32 65 e
# turn 4
o 32 68 e
o 32 66 e
# turn 5
o 32 69 e
o 32 67 e
# turn 6
o 32 70 e
o 32 68 e
# turn 7
o 32 71 e
o 32 69 e
# turn 8
o 32 70 e
o 32 72 e
# turn 9
o 32 73 e
o 32 71 s
# turn 10
o 32 74 n
o 33 71 s
# turn 11
o 31 74 e
o 34 71 s
# turn 12
o 31 75 n
o 35 71 s
# turn 13
o 30 75 e
o 36 71 w
# turn 14
o 30 76 n
o 36 70 w
# turn 15
o 29 76 e
o 36 69 w
# turn 16
o 29 77 n
o 36 68 w
# turn 17
o 28 77 e
o 36 67 w
# turn 18
o 28 78 n
o 36 66 w
# turn 19
o 27 78 e
o 36 65 w
# turn 20
o 27 79 n
o 36 64 w
# turn 21
o 26 79 n
o 36 63 w
o 32 65 e
# turn 22
o 36 62 w
o 25 79 w
o 32 66 e
# turn 23
o 36 61 w
o 25 78 w
o 32 67 e
o 32 65 n
# turn 24
o 36 60 s
o 25 77 w
o 32 68 e
o 31 65 e
# turn 25
o 37 60 w
o 25 76 w
o 32 69 e
o 31 66 n
# turn 26
o 25 75 w
o 32 70 e
o 37 59 n
o 30 66 e
# turn 27
o 25 74 w
o 32 71 s
o 36 59 n
o 30 67 e
o 32 65 n
# turn 28
o 25 73 w
o 30 68 e
o 33 71 e
o 35 59 n
o 31 65 e
# turn 29
o 25 72 w
o 30 69 e
o 33 72 e
o 34 59 n
o 31 66 n
# turn 30
o 25 71 s
o 30 70 e
o 33 59 n
o 33 73 e
o 30 66 e
# turn 31
o 30 71 w
o 26 71 e
o 32 59 n
o 33 74 e
o 30 67 e
# turn 32
o 30 70 s
o 26 72 e
o 31 59 n
o 33 75 e
o 30 68 e
o 32 65 e
# turn 33
o 30 59 n
o 26 73 e
o 31 70 e
o 33 76 e
o 30 69 e
o 32 66 e
# turn 34
o 29 59 n
o 26 74 e
o 31 71 s
o 33 77 e
o 30 70 e
o 32 67 e
o 32 65 n
# turn 35
o 28 59 n
o 26 75 e
o 32 71 s
o 33 78 e
o 30 71 e
o 32 68 e
o 31 65 e
# turn 36
o 27 59 n
o 26 76 e
o 33 71 s
o 33 79 s
o 30 72 e
o 32 69 e
o 31 66 n
# turn 37
o 26 59 n
o 26 77 n
o 34 71 s
o 34 79 s
o 30 73 e
o 32 70 e
o 30 66 e
# turn 38
o 25 59 n
o 25 77 n
o 30 74 e
o 35 71 s
o 35 79 s
o 32 71 s
o 30 67 e
# turn 39
o 24 59 e
o 24 77 n
o 30 75 e
o 36 71 w
o 36 79 s
o 33 71 e
o 30 68 e
# turn 40
o 24 60 n
o 23 77 n
o 30 76 e
o 36 70 w
o 37 79 s
o 33 72 e
o 30 69 e
# turn 41
o 23 60 e
o 22 77 e
o 30 77 e
o 36 69 w
o 38 79 s
o 33 73 e
o 30 70 e
# turn 42
o 23 61 n
o 22 78 s
o 30 78 e
o 36 68 w
o 39 79 s
o 33 74 e
o 30 71 e
# turn 43
o 22 61 n
o 23 78 w
o 30 79 n
o 33 75 e
o 36 67 s
o 40 79 s
o 30 72 e
o 32 65 e
# turn 44
o 21 61 n
o 23 77 s
o 29 79 n
o 33 76 e
o 37 67 s
o 41 79 s
o 30 73 e
o 32 66 e
# turn 45
o 24 77 w
o 28 79 e
o 33 77 e
o 20 61 n
o 38 67 s
o 42 79 s
o 30 74 e
o 32 67 n
# turn 46
o 24 76 e
o 28 80 e
o 39 67 s
o 33 78 e
o 30 75 e
o 19 61 n
o 43 79 s
o 31 67 n
o 32 65 e
# turn 47
o 24 77 n
o 28 81 e
o 40 67 w
o 33 79 n
o 30 76 e
o 18 61 n
o 44 79 s
o 30 67 e
o 32 66 e
o 32 65 e
# turn 48
o 23 77 n
o 28 82 n
o 40 66 s
o 17 61 e
o 32 79 n
o 30 77 e
o 32 67 e
o 45 79 s
o 30 68 e
o 32 66 e
# turn 49
o 17 62 n
o 41 66 w
o 22 77 n
o 31 79 e
o 30 78 e
o 27 82 w
o 32 68 e
o 46 79 s
o 30 69 e
o 32 67 e
# turn 50
o 16 62 n
o 41 65 s
o 21 77 e
o 31 80 e
o 30 79 e
o 27 81 w
o 32 69 e
o 47 79 s
o 30 70 e
o 32 68 e
# turn 51
o 15 62 w
o 42 65 w
o 27 80 e
o 21 78 n
o 31 81 e
o 30 80 e
o 32 70 e
o 48 79 s
o 30 71 e
o 32 69 e
# turn 52
o 15 61 n
o 42 64 w
o 27 81 e
o 20 78 n
o 31 82 e
o 30 81 e
o 32 71 s
o 49 79 s
o 30 72 e
o 32 70 e
# turn 53
o 42 63 w
o 27 82 e
o 14 61 n
o 19 78 n
o 30 82 e
o 31 83 w
o 30 73 e
o 33 71 e
o 50 79 s
o 32 71 s
# turn 54
o 42 62 w
o 27 83 n
o 13 61 n
o 18 78 n
o 30 74 e
o 33 71 s
o 33 72 e
o 51 79 s
# turn 55
o 42 61 w
o 26 83 e
o 12 61 n
o 52 79 w
o 34 71 s
o 31 82 w
o 30 83 w
o 17 78 w
o 30 75 e
o 33 73 e
# turn 56
o 17 77 n
o 26 84 n
o 11 61 n
o 52 78 w
o 35 71 s
o 31 81 e
o 30 76 e
o 33 74 e
o 30 82 n
o 42 60 w
# turn 57
o 16 77 n
o 25 84 e
o 52 77 w
o 36 71 w
o 31 82 n
o 30 77 e
o 33 75 e
o 10 61 s
o 42 59 w
o 32 65 e
# turn 58
o 15 77 n
o 25 85 n
o 11 61 n
o 52 76 w
o 36 70 w
o 29 82 n
o 30 82 n
o 30 78 e
o 33 76 e
o 42 58 w
o 32 66 e
# turn 59
o 14 77 n
o 10 61 n
o 52 75 w
o 36 69 w
o 42 57 w
o 24 85 s
o 28 82 e
o 29 82 n
o 30 79 e
o 33 77 e
o 32 67 e
# turn 60
o 13 77 n
o 52 74 s
o 36 68 w
o 42 56 n
o 28 82 e
o 28 83 s
o 30 80 e
o 33 78 s
o 9 61 s
o 32 68 e
o 32 65 e
# turn 61
o 12 77 w
o 10 61 n
o 53 74 w
o 36 67 w
o 41 56 w
o 28 83 e
o 29 83 e
o 30 81 e
o 34 78 s
o 32 66 e
# turn 62
o 12 76 n
o 53 73 s
o 36 66 w
o 41 55 n
o 28 84 e
o 30 82 e
o 35 78 e
o 9 61 s
o 29 84 n
o 32 69 e
o 32 67 e
# turn 63
o 11 76 w
o 54 73 s
o 36 65 w
o 10 61 n
o 40 55 w
o 28 84 s
o 30 83 e
o 35 79 s
o 32 68 e
o 32 65 e
o 32 70 e
# turn 64
o 11 75 w
o 55 73 s
o 36 64 w
o 40 54 n
o 29 84 e
o 28 85 w
o 30 84 e
o 36 79 e
o 9 61 s
o 32 71 n
o 32 69 e
o 32 66 e
# turn 65
o 11 74 w
o 56 73 s
o 36 63 w
o 10 61 n
o 39 54 w
o 29 85 e
o 30 85 e
o 28 84 s
o 36 80 e
o 31 71 n
o 32 70 e
o 32 67 e
# turn 66
o 11 73 w
o 36 62 w
o 39 53 n
o 57 73 w
o 36 81 e
o 29 86 w
o 30 86 e
o 29 84 s
o 9 61 s
o 30 71 e
o 32 71 s
o 32 68 e
# turn 67
o 11 72 w
o 38 53 w
o 10 61 n
o 57 72 w
o 36 82 s
o 30 84 e
o 29 85 e
o 30 87 e
o 30 72 e
o 36 61 n
o 32 69 e
o 33 71 e
o 32 65 e
# turn 68
o 11 71 w
o 30 85 e
o 37 82 n
o 38 52 w
o 57 71 w
o 29 86 w
o 9 61 s
o 30 88 w
o 30 73 e
o 33 72 w
o 35 61 n
o 32 70 e
o 32 66 e
o 32 65 e
# turn 69
o 11 70 w
o 38 51 w
o 57 70 w
o 10 61 n
o 30 86 e
o 30 87 s
o 36 82 s
o 29 85 s
o 30 74 e
o 33 71 s
o 34 61 n
o 32 71 s
o 32 67 e
o 32 66 e
# turn 70
o 57 69 s
o 34 71 s
o 30 87 s
o 31 87 s
o 37 82 s
o 30 85 e
o 9 61 s
o 11 69 e
o 30 75 n
o 33 61 n
o 38 50 s
o 33 71 s
o 32 68 e
o 32 67 e
# turn 71
o 11 70 w
o 58 69 w
o 10 61 n
o 35 71 s
o 39 50 w
o 30 86 e
o 38 82 s
o 29 75 e
o 32 61 n
o 34 71 s
o 32 69 e
o 32 68 e
o 32 65 e
# turn 72
o 36 71 w
o 39 49 s
o 39 82 s
o 30 87 e
o 31 87 e
o 32 87 e
o 9 61 s
o 11 69 e
o 58 68 n
o 29 76 n
o 31 61 n
o 35 71 s
o 32 70 e
o 32 69 e
o 32 66 e
# turn 73
o 11 70 w
o 32 88 e
o 10 61 n
o 36 70 s
o 40 49 w
o 30 88 e
o 31 88 e
o 57 68 w
o 28 76 n
o 40 82 s
o 30 61 n
o 36 71 s
o 32 71 s
o 32 70 e
o 32 67 e
o 32 65 e
# turn 74
o 37 70 w
o 40 48 s
o 57 67 w
o 30 89 s
o 31 89 s
o 32 89 s
o 41 82 s
o 27 76 w
o 9 61 s
o 11 69 e
o 29 61 n
o 37 71 w
o 33 71 s
o 32 71 s
o 32 68 e
o 32 66 e
# turn 75
o 11 70 w
o 10 61 n
o 37 69 s
o 41 48 w
o 57 66 w
o 31 89 w
o 32 89 w
o 42 82 s
o 27 75 n
o 28 61 n
o 37 70 w
o 34 71 s
o 33 71 s
o 32 69 e
o 32 67 e
# turn 76
o 37 69 n
o 33 89 s
o 38 69 w
o 41 47 s
o 57 65 w
o 31 88 w
o 32 88 s
o 26 75 w
o 43 82 s
o 9 61 s
o 11 69 e
o 27 61 n
o 34 71 n
o 35 71 s
o 32 70 e
o 32 68 e
# turn 77
o 11 70 w
o 10 61 n
o 34 89 s
o 38 68 s
o 42 47 w
o 57 64 w
o 31 87 w
o 33 88 s
o 26 74 n
o 44 82 w
o 26 61 w
o 33 71 e
o 36 69 w
o 36 71 s
o 32 71 s
o 32 69 e
# turn 78
o 35 89 s
o 39 68 w
o 42 46 w
o 57 63 w
o 31 86 s
o 34 88 w
o 44 81 s
o 25 74 w
o 9 61 s
o 11 69 e
o 26 60 w
o 33 72 e
o 37 71 w
o 33 71 s
o 32 70 e
o 32 65 e
o 36 68 s
# turn 79
o 11 70 w
o 39 67 w
o 42 45 w
o 57 62 w
o 10 61 n
o 37 68 s
o 36 89 n
o 34 87 e
o 32 86 w
o 45 81 s
o 25 73 n
o 26 59 w
o 37 70 s
o 34 71 s
o 32 71 s
o 32 66 e
o 33 73 e
# turn 80
o 35 89 n
o 39 66 w
o 42 44 n
o 57 61 s
o 38 68 s
o 34 88 s
o 46 81 e
o 24 73 n
o 9 61 s
o 11 69 e
o 32 85 w
o 26 58 w
o 33 74 e
o 38 70 w
o 35 71 s
o 33 71 s
o 32 67 e
# turn 81
o 11 70 w
o 35 88 n
o 41 44 w
o 58 61 w
o 39 68 w
o 10 61 n
o 34 89 s
o 46 82 s
o 32 84 s
o 23 73 s
o 26 57 w
o 33 75 e
o 39 65 s
o 38 69 w
o 36 71 w
o 34 71 s
o 32 68 e
# turn 82
o 33 84 e
o 41 43 n
o 58 60 s
o 39 67 s
o 9 61 n
o 35 89 s
o 24 73 n
o 47 82 s
o 11 69 e
o 34 88 w
o 26 56 w
o 33 76 e
o 40 65 s
o 38 68 w
o 36 70 w
o 35 71 s
o 32 69 e
o 32 65 e
# turn 83
o 11 70 w
o 33 85 e
o 40 67 s
o 36 89 e
o 40 43 w
o 59 60 e
o 41 65 e
o 33 77 n
o 23 73 s
o 48 82 n
o 26 55 w
o 36 69 w
o 38 67 s
o 36 71 w
o 32 70 e
o 32 66 e
# turn 84
o 41 67 s
o 40 42 n
o 59 61 e
o 41 66 e
o 34 87 e
o 33 86 e
o 36 0 n
o 47 82 s
o 32 77 e
o 24 73 n
o 11 69 e
o 26 54 w
o 36 68 w
o 39 67 w
o 36 70 w
o 32 71 e
o 32 67 e
o 32 65 e
# turn 85
o 11 70 w
o 35 0 n
o 34 88 n
o 32 78 n
o 39 42 w
o 42 67 e
o 33 87 s
o 59 62 n
o 23 73 s
o 48 82 n
o 26 53 w
o 36 67 w
o 41 67 s
o 39 66 s
o 36 69 w
o 32 72 e
o 32 68 e
o 32 66 e
o 32 65 n
# turn 86
o 34 0 n
o 33 88 e
o 34 87 e
o 31 78 e
o 42 68 e
o 58 62 e
o 24 73 n
o 47 82 s
o 11 69 e
o 26 52 w
o 36 66 w
o 39 41 s
o 42 67 w
o 40 66 w
o 36 68 w
o 32 73 n
o 32 69 e
o 32 67 e
o 31 65 e
o 32 65 e
# turn 87
o 11 70 w
o 33 89 n
o 34 88 n
o 31 79 e
o 42 69 e
o 33 0 s
o 48 82 s
o 58 63 w
o 23 73 s
o 26 51 w
o 36 65 w
o 40 41 s
o 42 66 w
o 40 65 s
o 36 67 w
o 31 73 e
o 32 70 e
o 32 68 e
o 31 66 n
o 32 66 e
o 32 65 n
# turn 88
o 33 88 e
o 31 80 e
o 42 70 e
o 34 0 s
o 58 62 e
o 26 50 w
o 49 82 s
o 24 73 n
o 11 69 e
o 32 89 w
o 31 74 s
o 36 64 w
o 41 41 s
o 42 65 w
o 41 65 w
o 36 66 w
o 32 71 e
o 32 69 e
o 30 66 e
o 32 67 e
o 31 65 e
# turn 89
o 11 70 w
o 31 81 e
o 42 71 e
o 35 0 s
o 26 49 w
o 33 89 s
o 32 88 s
o 50 82 s
o 58 63 w
o 23 73 s
o 32 74 s
o 36 63 w
o 42 41 s
o 42 64 w
o 41 64 s
o 36 65 w
o 32 72 e
o 32 70 e
o 30 67 e
o 32 68 e
o 31 66 n
# turn 90
o 36 0 n
o 31 82 e
o 42 72 s
o 34 89 s
o 26 48 w
o 58 62 e
o 51 82 s
o 24 73 n
o 11 69 e
o 33 88 w
o 33 74 e
o 36 62 w
o 42 63 w
o 43 41 s
o 42 64 w
o 36 64 w
o 32 73 s
o 32 71 s
o 30 68 e
o 32 69 e
o 30 66 e
# turn 91
o 11 70 w
o 31 83 e
o 35 0 s
o 44 41 e
o 26 47 w
o 42 62 w
o 35 89 n
o 33 87 e
o 58 63 w
o 23 73 s
o 52 82 e
o 33 75 e
o 36 61 n
o 43 72 s
o 42 63 s
o 36 63 w
o 33 73 e
o 33 71 s
o 30 69 e
o 32 70 e
o 30 67 e
# turn 92
o 36 0 n
o 31 84 e
o 44 42 n
o 26 46 w
o 34 89 s
o 58 62 e
o 42 61 w
o 24 73 n
o 11 69 e
o 52 83 n
o 33 88 w
o 33 76 e
o 35 61 n
o 44 72 s
o 43 63 w
o 36 62 w
o 33 74 n
o 34 71 s
o 30 70 e
o 32 71 s
o 30 68 e
o 32 65 n
# turn 93
o 11 70 w
o 31 85 e
o 43 42 e
o 26 45 w
o 35 0 s
o 42 60 w
o 51 83 n
o 58 63 w
o 23 73 s
o 33 77 s
o 34 61 n
o 45 72 s
o 43 62 s
o 36 61 n
o 32 74 e
o 35 71 s
o 30 71 e
o 33 71 s
o 30 69 e
o 31 65 e
# turn 94
o 26 44 w
o 24 73 w
o 36 0 e
o 42 59 w
o 58 62 e
o 35 89 s
o 31 86 s
o 33 87 s
o 11 69 e
o 50 83 n
o 33 61 n
o 34 77 e
o 43 43 s
o 46 72 s
o 44 62 w
o 35 61 w
o 32 75 s
o 36 71 s
o 30 72 e
o 34 71 s
o 30 70 e
o 31 66 n
# turn 95
o 11 70 w
o 26 43 w
o 24 72 s
o 36 1 e
o 42 58 w
o 36 89 n
o 34 87 e
o 32 86 w
o 49 83 s
o 58 63 w
o 32 61 n
o 44 43 s
o 47 72 s
o 44 61 w
o 35 60 n
o 33 75 e
o 37 71 w
o 30 73 e
o 35 71 s
o 30 71 s
o 30 66 e
o 32 65 e
o 34 78 e
# turn 96
o 35 89 n
o 36 2 w
o 26 42 w
o 42 57 w
o 58 62 e
o 25 72 n
o 32 85 s
o 34 79 e
o 11 69 e
o 50 83 n
o 31 61 n
o 33 76 e
o 45 43 s
o 48 72 e
o 44 60 w
o 34 60 w
o 37 70 s
o 30 74 e
o 36 71 s
o 31 71 e
o 30 67 e
o 32 66 e
# turn 97
o 11 70 w
o 36 1 w
o 26 41 w
o 42 56 w
o 24 72 n
o 34 88 n
o 30 75 e
o 34 80 e
o 33 77 n
o 33 85 w
o 58 63 w
o 49 83 e
o 30 61 n
o 46 43 s
o 48 73 s
o 44 59 w
o 34 59 n
o 38 70 w
o 37 71 w
o 31 72 e
o 30 68 e
o 32 67 e
o 32 65 e
# turn 98
o 33 88 e
o 36 0 n
o 33 84 e
o 26 40 n
o 42 55 w
o 58 62 e
o 23 72 n
o 34 89 e
o 34 81 e
o 30 76 e
o 32 77 e
o 11 69 e
o 49 84 n
o 29 61 n
o 47 43 s
o 49 73 s
o 44 58 w
o 33 59 e
o 38 69 w
o 37 70 s
o 31 73 e
o 30 69 e
o 32 68 e
o 32 66 e
o 32 65 e
# turn 99
o 11 70 w
o 33 85 e
o 25 40 w
o 34 0 w
o 33 89 w
o 48 84 s
o 50 73 e
o 34 82 n
o 30 77 e
o 32 78 n
o 22 72 s
o 58 63 w
o 28 61 n
o 42 54 n
o 48 43 s
o 44 57 w
o 33 60 n
o 38 68 w
o 38 70 w
o 31 74 e
o 30 70 e
o 32 69 e
o 32 67 e
o 32 66 e
o 32 65 e
# turn 100
o 33 86 e
o 25 39 w
o 58 62 e
o 23 72 n
o 33 88 n
o 49 84 s
o 50 74 e
o 33 82 n
o 30 78 e
o 31 78 e
o 11 69 e
o 27 61 n
o 41 54 n
o 49 43 s
o 44 56 w
o 32 60 e
o 38 67 s
o 38 69 w
o 31 75 e
o 30 71 e
o 32 70 e
o 32 68 e
o 32 67 e
o 32 66 e
o 32 65 e
# turn 101
o 11 70 w
o 25 38 w
o 33 87 e
o 50 84 s
o 32 82 n
o 30 79 e
o 31 79 e
o 50 75 e
o 22 72 s
o 35 0 w
o 58 63 w
o 26 61 n
o 31 76 e
o 40 54 n
o 50 43 s
o 44 55 w
o 32 61 n
o 39 67 s
o 38 68 w
o 30 72 e
o 32 71 s
o 32 69 e
o 32 68 e
o 32 67 e
o 32 66 e
o 32 65 e
# turn 102
o 51 43 s
o 25 37 w
o 58 62 e
o 23 72 n
o 44 54 w
o 34 89 e
o 33 88 e
o 32 88 n
o 51 84 w
o 31 82 n
o 30 80 w
o 31 80 e
o 35 89 n
o 50 76 s
o 11 69 e
o 25 61 n
o 31 77 s
o 39 54 n
o 31 61 n
o 40 67 s
o 38 67 s
o 30 73 e
o 33 71 e
o 32 70 e
o 32 69 e
o 32 68 e
o 32 67 e
o 32 66 e
# turn 103
o 11 70 w
o 52 43 s
o 25 36 w
o 44 53 w
o 31 88 s
o 51 83 s
o 30 79 n
o 31 81 e
o 30 82 n
o 34 89 w
o 22 72 s
o 51 76 n
o 58 63 w
o 24 61 n
o 32 77 s
o 38 54 w
o 30 61 n
o 41 67 w
o 39 67 w
o 30 74 e
o 33 72 e
o 32 71 s
o 32 70 e
o 32 69 e
o 32 68 e
o 32 67 e
# turn 104
o 34 88 n
o 53 43 s
o 25 35 w
o 58 62 e
o 23 72 n
o 44 52 w
o 34 0 s
o 33 89 s
o 32 88 w
o 52 83 w
o 29 79 n
o 31 82 e
o 29 82 e
o 11 69 e
o 50 76 n
o 23 61 n
o 29 61 w
o 33 77 e
o 38 53 n
o 41 66 s
o 39 66 s
o 30 75 n
o 33 73 e
o 33 71 s
o 32 71 e
o 32 70 e
o 32 69 e
o 32 68 e
# turn 105
o 11 70 w
o 25 34 w
o 33 78 s
o 31 83 s
o 54 43 s
o 44 51 w
o 37 53 n
o 35 0 n
o 33 88 s
o 32 87 s
o 28 79 e
o 29 83 n
o 52 82 s
o 22 72 s
o 58 63 w
o 49 76 e
o 22 61 n
o 29 60 n
o 42 66 w
o 40 66 w
o 29 75 e
o 33 74 e
o 34 71 s
o 32 72 e
o 32 71 s
o 32 70 e
o 32 69 e
# turn 106
o 34 78 s
o 25 33 w
o 32 83 s
o 55 43 s
o 58 62 e
o 23 72 n
o 44 50 w
o 36 53 n
o 34 88 n
o 34 89 n
o 34 0 n
o 28 80 e
o 28 83 e
o 49 77 s
o 53 82 w
o 11 69 e
o 21 61 n
o 28 60 w
o 29 76 n
o 42 65 s
o 40 65 s
o 33 75 e
o 35 71 s
o 32 73 s
o 33 71 s
o 32 71 s
o 32 70 e
o 32 65 e
# turn 107
o 11 70 w
o 33 0 n
o 25 32 w
o 33 83 s
o 56 43 s
o 44 49 w
o 35 53 n
o 28 84 e
o 33 87 n
o 33 88 n
o 33 89 n
o 50 77 w
o 53 81 w
o 28 76 n
o 28 81 e
o 22 72 s
o 58 63 w
o 20 61 n
o 28 59 n
o 35 78 s
o 43 65 w
o 41 65 w
o 33 76 s
o 36 71 w
o 33 73 e
o 34 71 s
o 33 71 e
o 32 71 s
o 32 66 e
o 32 65 n
# turn 108
o 25 31 w
o 34 83 s
o 57 43 s
o 44 48 w
o 58 62 e
o 23 72 n
o 34 53 n
o 32 0 n
o 32 89 e
o 53 80 w
o 27 76 w
o 32 87 n
o 32 88 n
o 28 82 e
o 28 85 n
o 11 69 e
o 50 76 e
o 19 61 n
o 27 59 n
o 36 78 e
o 41 64 e
o 43 64 s
o 34 76 e
o 36 70 w
o 33 74 n
o 35 71 s
o 33 72 e
o 33 71 s
o 32 67 e
o 31 65 e
o 32 65 e
# turn 109
o 11 70 w
o 31 88 e
o 31 87 e
o 32 68 s
o 58 43 s
o 44 47 w
o 33 53 n
o 25 30 s
o 31 0 n
o 32 0 n
o 53 79 w
o 27 85 e
o 28 83 e
o 27 75 n
o 22 72 e
o 50 77 n
o 58 63 w
o 18 61 n
o 26 59 w
o 35 83 s
o 36 69 w
o 41 65 w
o 44 64 w
o 34 77 e
o 32 74 e
o 36 71 w
o 33 73 e
o 34 71 s
o 31 66 n
o 32 66 e
o 36 79 n
# turn 110
o 59 43 s
o 44 46 w
o 32 53 w
o 58 62 e
o 22 73 n
o 26 30 s
o 17 61 n
o 30 0 e
o 31 0 e
o 53 78 w
o 27 86 e
o 28 84 n
o 31 88 s
o 31 89 s
o 26 75 w
o 11 69 e
o 49 77 n
o 26 58 w
o 36 83 s
o 41 64 s
o 44 63 w
o 34 78 e
o 32 75 n
o 36 70 w
o 33 74 e
o 35 71 s
o 30 66 e
o 32 67 e
o 35 79 w
o 33 68 e
o 32 65 e
o 36 68 s
# turn 111
o 11 70 w
o 32 89 e
o 32 88 e
o 0 43 s
o 44 45 w
o 32 52 w
o 16 61 e
o 27 30 s
o 30 1 s
o 31 1 s
o 53 77 n
o 27 84 e
o 27 87 e
o 48 77 e
o 58 63 w
o 26 57 w
o 26 74 n
o 36 69 w
o 37 68 w
o 42 64 w
o 44 62 w
o 34 79 e
o 31 75 e
o 33 75 e
o 36 71 s
o 30 67 e
o 32 68 e
o 35 78 n
o 33 69 w
o 32 66 e
o 32 65 e
o 37 83 e
# turn 112
o 44 44 w
o 1 43 w
o 32 51 w
o 58 62 e
o 16 62 e
o 28 30 s
o 32 0 e
o 32 1 n
o 31 1 n
o 52 77 n
o 27 85 e
o 27 88 e
o 32 89 n
o 11 69 e
o 48 78 e
o 25 74 n
o 26 56 w
o 36 68 w
o 42 63 w
o 44 61 w
o 34 80 e
o 31 76 e
o 33 76 s
o 37 71 w
o 30 68 e
o 32 69 e
o 34 78 e
o 33 68 n
o 32 67 s
o 32 66 e
o 37 84 n
o 32 65 n
o 37 67 s
# turn 113
o 11 70 w
o 30 1 e
o 31 89 e
o 44 43 s
o 1 42 w
o 32 50 w
o 16 63 w
o 29 30 w
o 24 74 w
o 31 1 e
o 32 1 e
o 48 79 w
o 51 77 w
o 27 86 e
o 27 89 n
o 58 63 w
o 36 67 w
o 38 67 s
o 42 62 w
o 44 60 w
o 34 81 e
o 31 77 e
o 34 76 e
o 37 70 s
o 30 69 e
o 32 70 e
o 34 79 n
o 32 68 e
o 33 67 e
o 32 67 e
o 36 84 e
o 31 65 e
o 32 65 e
# turn 114
o 31 0 e
o 1 41 s
o 32 49 w
o 16 62 w
o 29 29 s
o 58 62 e
o 24 73 n
o 26 89 e
o 27 87 n
o 48 78 w
o 51 76 w
o 11 69 e
o 26 55 w
o 36 66 w
o 42 61 w
o 45 43 s
o 44 59 w
o 34 82 e
o 31 78 e
o 34 77 e
o 38 70 w
o 30 70 e
o 32 71 s
o 33 79 n
o 32 69 n
o 33 68 e
o 32 68 e
o 36 85 n
o 31 66 n
o 32 66 e
o 32 65 e
o 39 67 s
# turn 115
o 11 70 w
o 32 48 w
o 16 61 w
o 30 29 w
o 23 73 n
o 31 1 e
o 31 2 s
o 32 2 s
o 26 0 e
o 26 87 e
o 40 67 s
o 48 77 w
o 51 75 w
o 58 63 w
o 2 41 n
o 26 54 n
o 31 79 n
o 35 85 n
o 36 65 w
o 42 60 w
o 46 43 s
o 44 58 w
o 34 83 e
o 34 78 e
o 38 69 w
o 30 71 s
o 33 71 s
o 32 79 n
o 31 69 e
o 33 69 w
o 32 69 e
o 30 66 e
o 32 67 e
o 32 66 e
o 32 65 e
# turn 116
o 32 2 e
o 31 2 e
o 33 2 e
o 30 2 e
o 16 60 w
o 30 28 w
o 58 62 e
o 22 73 n
o 26 1 e
o 26 88 e
o 41 67 s
o 48 76 w
o 11 69 e
o 1 41 n
o 25 54 w
o 30 79 n
o 32 47 n
o 34 84 s
o 42 59 w
o 47 43 s
o 44 57 w
o 34 79 e
o 38 68 w
o 31 71 e
o 34 71 s
o 31 79 n
o 31 70 n
o 33 68 e
o 32 70 e
o 30 67 e
o 32 68 e
o 32 67 e
o 32 66 e
o 34 85 n
o 32 65 e
o 36 64 e
# turn 117
o 11 70 w
o 32 3 e
o 31 3 e
o 33 3 e
o 30 3 e
o 16 59 w
o 30 27 w
o 42 67 w
o 21 73 n
o 26 2 e
o 26 89 e
o 51 74 w
o 58 63 w
o 0 41 n
o 25 53 w
o 29 79 n
o 31 47 w
o 33 85 e
o 35 84 s
o 36 65 w
o 42 58 w
o 48 43 w
o 44 56 w
o 34 80 e
o 38 67 s
o 31 72 s
o 35 71 s
o 30 79 n
o 30 70 e
o 33 69 w
o 32 71 s
o 30 68 e
o 32 69 e
o 32 68 e
o 32 67 e
o 32 66 e
o 32 65 n
# turn 118
o 32 4 e
o 31 4 e
o 33 4 e
o 30 4 s
o 16 58 w
o 30 26 s
o 42 66 w
o 20 73 n
o 58 62 e
o 51 73 e
o 26 0 e
o 26 3 e
o 11 69 e
o 25 52 w
o 28 79 n
o 31 46 w
o 33 86 e
o 34 81 w
o 36 64 w
o 36 84 s
o 42 57 w
o 48 42 w
o 59 41 e
o 44 55 w
o 39 67 w
o 32 72 e
o 36 71 s
o 29 79 n
o 30 71 e
o 33 68 e
o 33 71 e
o 30 69 e
o 32 70 e
o 32 69 e
o 32 68 e
o 32 67 e
o 31 65 e
o 32 65 e
# turn 119
o 11 70 w
o 32 5 e
o 31 5 s
o 31 4 e
o 16 57 w
o 31 26 w
o 42 65 w
o 19 73 n
o 51 74 s
o 48 75 e
o 26 1 e
o 26 4 e
o 58 63 w
o 25 51 w
o 27 79 n
o 31 45 n
o 33 87 e
o 36 63 w
o 37 84 s
o 42 56 w
o 48 41 w
o 59 42 e
o 44 54 w
o 39 66 s
o 32 73 s
o 37 71 w
o 28 79 n
o 30 72 e
o 33 69 w
o 33 72 s
o 30 70 e
o 32 71 e
o 32 70 e
o 32 69 e
o 32 68 e
o 31 66 n
o 32 66 e
o 33 5 w
o 34 80 w
# turn 120
o 26 2 w
o 58 62 e
o 26 79 w
o 59 43 e
o 52 74 e
o 48 76 n
o 26 5 e
o 11 69 e
o 16 56 w
o 25 50 w
o 27 79 n
o 30 45 w
o 31 25 w
o 33 88 s
o 36 62 w
o 42 55 w
o 48 40 w
o 44 53 w
o 40 66 w
o 33 73 e
o 37 70 s
o 30 73 e
o 33 68 n
o 34 72 e
o 30 71 e
o 32 72 e
o 32 71 s
o 32 70 e
o 32 69 e
o 30 66 e
o 32 67 n
o 33 4 n
o 34 79 s
o 42 64 e
o 31 5 w
o 32 5 s
o 32 6 w
o 38 84 w
# turn 121
o 11 70 w
o 18 73 w
o 26 1 w
o 26 78 w
o 59 44 e
o 52 75 e
o 47 76 n
o 26 6 e
o 58 63 w
o 16 55 w
o 25 49 w
o 26 79 e
o 30 44 w
o 31 24 w
o 34 88 e
o 36 61 n
o 38 83 s
o 42 54 n
o 44 52 w
o 48 39 w
o 40 65 s
o 33 74 e
o 38 70 w
o 30 74 e
o 32 68 e
o 34 73 e
o 30 72 e
o 32 73 s
o 33 71 s
o 32 71 s
o 32 70 e
o 30 67 e
o 31 67 s
o 32 4 w
o 35 79 w
o 42 65 s
o 31 4 s
o 33 5 w
o 32 5 s
o 32 65 n
# turn 122
o 18 72 n
o 26 0 n
o 26 77 w
o 58 62 e
o 59 45 e
o 46 76 e
o 52 76 e
o 26 7 e
o 11 69 e
o 16 54 w
o 25 48 w
o 26 80 e
o 30 43 w
o 31 23 w
o 34 89 s
o 35 61 n
o 39 83 s
o 41 54 n
o 44 51 n
o 48 38 w
o 41 65 w
o 33 75 e
o 38 69 w
o 30 75 n
o 32 69 n
o 34 74 n
o 30 73 e
o 33 73 s
o 34 71 s
o 33 71 s
o 32 71 s
o 30 68 e
o 32 67 n
o 32 3 w
o 35 78 s
o 43 65 e
o 32 4 w
o 33 4 n
o 33 5 w
o 31 65 e
o 32 65 e
# turn 123
o 11 70 w
o 17 72 w
o 25 0 w
o 26 76 w
o 59 46 e
o 26 8 e
o 58 63 w
o 46 77 e
o 52 77 e
o 16 53 w
o 25 47 w
o 26 81 n
o 30 42 w
o 31 22 w
o 34 61 n
o 35 89 s
o 40 54 n
o 40 83 s
o 43 51 w
o 48 37 w
o 41 64 s
o 33 76 n
o 38 68 w
o 29 75 e
o 31 69 e
o 33 74 n
o 30 74 e
o 34 73 e
o 35 71 s
o 34 71 s
o 33 71 s
o 30 69 e
o 31 67 n
o 32 2 w
o 36 78 w
o 43 66 s
o 32 3 w
o 32 4 w
o 33 4 n
o 31 66 n
o 32 66 e
o 32 65 n
# turn 124
o 25 89 n
o 26 75 w
o 58 62 e
o 59 47 s
o 26 9 e
o 48 36 w
o 46 78 e
o 52 78 e
o 11 69 e
o 16 52 w
o 17 71 n
o 25 46 w
o 25 81 n
o 30 41 n
o 31 21 s
o 33 61 n
o 36 89 s
o 39 54 n
o 41 83 s
o 43 50 w
o 42 64 w
o 32 76 e
o 38 67 s
o 29 76 n
o 31 70 e
o 32 74 e
o 30 75 n
o 34 74 n
o 36 71 e
o 35 71 e
o 34 71 s
o 30 70 e
o 30 67 e
o 32 1 w
o 36 77 s
o 44 66 e
o 32 2 w
o 32 3 w
o 32 4 w
o 30 66 e
o 32 67 e
o 31 65 e
o 32 65 e
# turn 125
o 11 70 w
o 26 74 n
o 0 47 s
o 26 10 e
o 24 89 n
o 48 35 w
o 58 63 w
o 46 79 e
o 52 79 s
o 42 83 w
o 16 51 w
o 16 71 n
o 24 81 n
o 25 45 w
o 29 41 n
o 32 21 w
o 32 61 n
o 37 89 e
o 38 54 w
o 43 49 w
o 42 63 s
o 32 77 n
o 39 67 w
o 28 76 n
o 31 71 e
o 32 75 n
o 29 75 e
o 33 74 e
o 36 72 e
o 35 72 e
o 35 71 s
o 30 71 e
o 30 68 e
o 32 0 s
o 37 77 s
o 44 67 e
o 32 1 w
o 32 2 w
o 32 3 w
o 30 67 e
o 32 68 e
o 31 66 n
o 32 66 e
o 32 65 e
# turn 126
o 25 74 w
o 1 47 s
o 23 89 n
o 58 62 e
o 16 50 w
o 48 34 w
o 37 0 e
o 46 80 e
o 26 11 e
o 42 82 s
o 11 69 e
o 15 71 e
o 23 81 e
o 25 44 w
o 28 41 n
o 31 61 n
o 32 20 w
o 38 53 n
o 43 48 w
o 43 63 w
o 31 77 e
o 39 66 s
o 27 76 n
o 31 72 e
o 31 75 e
o 29 76 n
o 33 75 e
o 36 73 w
o 35 73 n
o 36 71 s
o 30 72 e
o 30 69 e
o 33 0 s
o 38 77 s
o 44 68 e
o 32 0 s
o 32 1 w
o 32 2 w
o 30 68 e
o 32 69 e
o 30 66 e
o 32 67 e
o 32 66 e
o 32 65 n
# turn 127
o 11 70 w
o 2 47 e
o 22 89 n
o 16 49 w
o 48 33 w
o 58 63 w
o 37 1 e
o 26 12 e
o 46 81 w
o 43 82 w
o 53 79 s
o 15 72 n
o 23 82 n
o 25 43 w
o 27 41 n
o 30 61 n
o 32 19 w
o 37 53 n
o 43 47 w
o 43 62 s
o 31 78 n
o 40 66 w
o 26 76 n
o 31 73 e
o 31 76 n
o 28 76 e
o 33 76 s
o 36 72 e
o 34 73 e
o 37 71 w
o 30 73 e
o 30 70 e
o 34 0 s
o 39 77 s
o 44 69 s
o 33 0 s
o 32 0 s
o 32 1 w
o 30 69 e
o 32 70 e
o 30 67 e
o 32 68 e
o 32 67 e
o 31 65 n
o 25 73 n
# turn 128
o 14 72 e
o 2 48 s
o 21 89 n
o 16 48 w
o 48 32 w
o 58 62 e
o 37 2 e
o 40 77 s
o 43 81 s
o 54 79 n
o 46 80 e
o 11 69 e
o 26 13 w
o 22 82 n
o 25 42 w
o 26 41 w
o 29 61 n
o 32 18 s
o 36 53 n
o 43 46 w
o 44 62 w
o 30 78 e
o 40 65 s
o 25 76 n
o 31 74 e
o 30 76 e
o 28 77 n
o 34 76 e
o 36 73 n
o 34 74 n
o 37 70 s
o 30 74 e
o 30 71 e
o 35 0 s
o 45 69 e
o 34 0 s
o 33 0 s
o 32 0 s
o 30 70 e
o 32 71 s
o 30 68 e
o 32 69 e
o 32 68 e
o 30 65 e
o 24 73 n
o 32 65 n
# turn 129
o 11 70 w
o 14 73 e
o 3 48 e
o 20 89 n
o 16 47 w
o 48 31 w
o 37 3 s
o 58 63 w
o 41 77 s
o 44 81 w
o 45 70 e
o 53 79 n
o 46 81 e
o 26 12 w
o 21 82 n
o 25 41 w
o 26 40 w
o 28 61 n
o 33 18 s
o 35 53 n
o 43 45 w
o 44 61 w
o 30 79 n
o 41 65 w
o 24 76 e
o 31 75 e
o 30 77 n
o 27 77 n
o 34 77 e
o 35 73 n
o 33 74 e
o 38 70 w
o 30 75 n
o 30 72 e
o 36 0 e
o 35 0 s
o 34 0 s
o 33 0 s
o 30 71 s
o 33 71 s
o 30 69 e
o 32 70 e
o 32 69 e
o 30 66 e
o 23 73 n
o 31 65 n
# turn 130
o 14 74 e
o 3 49 s
o 19 89 n
o 16 46 w
o 48 30 n
o 38 3 e
o 58 62 e
o 20 82 n
o 42 77 s
o 45 71 s
o 52 79 n
o 44 80 s
o 46 82 n
o 11 69 e
o 26 11 w
o 22 73 w
o 25 40 w
o 26 39 w
o 27 61 n
o 34 0 n
o 34 18 s
o 34 53 n
o 38 69 w
o 43 44 w
o 44 60 w
o 29 79 n
o 41 64 s
o 24 77 n
o 31 76 n
o 29 77 e
o 26 77 n
o 34 78 e
o 34 73 e
o 33 75 e
o 29 75 e
o 30 73 e
o 36 1 s
o 36 0 e
o 35 0 s
o 31 71 e
o 34 71 s
o 30 70 e
o 32 71 s
o 32 70 e
o 30 67 e
o 30 65 e
# turn 131
o 11 70 w
o 14 75 e
o 18 89 w
o 35 18 w
o 16 45 w
o 47 30 w
o 33 53 s
o 4 49 e
o 38 4 s
o 58 63 w
o 19 82 n
o 43 77 s
o 46 71 e
o 45 80 e
o 26 10 s
o 22 72 w
o 25 39 w
o 26 38 w
o 26 61 n
o 36 1 e
o 38 68 w
o 43 43 s
o 44 59 w
o 28 79 n
o 42 64 w
o 23 77 n
o 30 76 e
o 29 78 s
o 25 77 e
o 34 79 e
o 34 74 n
o 33 76 s
o 29 76 n
o 30 74 e
o 37 1 e
o 36 0 e
o 31 72 s
o 35 71 s
o 30 71 e
o 33 71 e
o 32 71 s
o 30 68 e
o 30 66 e
o 33 0 s
# turn 132
o 14 76 n
o 16 44 w
o 47 29 n
o 34 53 s
o 4 50 e
o 39 4 e
o 58 62 e
o 45 81 e
o 45 82 e
o 27 10 e
o 18 82 n
o 44 77 s
o 51 79 n
o 46 72 s
o 11 69 e
o 18 88 n
o 22 71 n
o 25 38 w
o 25 61 n
o 26 37 s
o 34 0 n
o 35 17 s
o 36 2 e
o 38 67 n
o 44 43 s
o 44 58 w
o 27 79 n
o 42 63 s
o 22 77 n
o 30 77 n
o 30 78 e
o 25 78 n
o 34 80 e
o 33 74 e
o 34 76 e
o 28 76 e
o 30 75 n
o 37 2 s
o 36 1 e
o 32 72 e
o 36 71 w
o 30 72 e
o 33 72 e
o 33 71 e
o 30 69 e
o 30 67 e
o 32 65 e
# turn 133
o 11 70 w
o 13 76 n
o 35 53 s
o 4 51 e
o 16 43 w
o 39 5 s
o 46 29 n
o 58 63 w
o 45 82 e
o 45 83 e
o 17 82 n
o 45 77 e
o 50 79 n
o 47 72 e
o 27 11 w
o 17 88 n
o 21 71 n
o 24 61 n
o 25 37 w
o 26 79 e
o 27 37 s
o 36 17 s
o 37 67 w
o 45 43 s
o 44 57 w
o 43 63 w
o 21 77 n
o 29 77 e
o 30 79 n
o 24 78 n
o 34 81 e
o 33 75 e
o 34 77 s
o 28 77 n
o 29 75 e
o 38 2 e
o 36 2 s
o 32 73 e
o 36 70 w
o 30 73 e
o 33 73 e
o 33 72 e
o 30 70 e
o 30 68 e
o 32 66 e
o 32 65 e
o 33 0 n
o 36 3 s
# turn 134
o 12 76 n
o 4 52 e
o 16 42 w
o 40 5 e
o 58 62 e
o 45 83 e
o 45 84 e
o 45 29 n
o 27 10 e
o 16 82 n
o 45 78 e
o 49 79 n
o 47 73 s
o 11 69 e
o 16 88 n
o 20 71 n
o 23 61 n
o 25 36 w
o 26 80 e
o 28 37 s
o 36 53 n
o 37 3 n
o 37 17 s
o 37 66 n
o 46 43 s
o 44 56 w
o 43 62 s
o 20 77 n
o 29 78 n
o 29 79 n
o 23 78 n
o 34 82 e
o 33 76 s
o 35 77 e
o 27 77 e
o 29 76 n
o 38 3 s
o 37 2 n
o 32 74 e
o 36 69 w
o 30 74 e
o 33 74 e
o 33 73 e
o 30 71 e
o 30 69 e
o 32 67 e
o 32 66 e
o 32 0 n
o 32 65 e
# turn 135
o 11 70 w
o 11 76 w
o 4 53 e
o 16 41 n
o 40 6 s
o 25 35 w
o 29 37 n
o 58 63 w
o 44 29 n
o 15 82 n
o 19 77 n
o 45 79 e
o 48 79 e
o 48 73 e
o 27 11 w
o 15 88 w
o 22 61 n
o 26 81 n
o 35 53 n
o 36 66 w
o 38 17 w
o 47 43 s
o 44 55 w
o 44 62 w
o 28 78 w
o 28 79 n
o 22 78 w
o 34 83 e
o 34 76 e
o 35 78 s
o 27 78 n
o 28 76 n
o 39 3 e
o 36 2 s
o 32 75 e
o 36 68 w
o 30 75 n
o 33 75 e
o 33 74 e
o 30 72 e
o 30 70 e
o 32 68 e
o 32 67 e
o 31 0 n
o 32 66 e
o 32 65 e
o 19 71 e
o 36 3 s
# turn 136
o 11 75 w
o 15 41 w
o 25 34 w
o 4 54 n
o 28 37 n
o 58 62 e
o 14 82 n
o 45 84 s
o 45 85 s
o 48 80 e
o 27 10 e
o 18 77 n
o 15 87 w
o 45 80 e
o 48 74 e
o 11 69 e
o 43 29 s
o 21 61 n
o 25 81 n
o 27 76 w
o 34 53 n
o 36 65 w
o 37 3 n
o 38 16 n
o 44 54 n
o 48 43 e
o 44 61 w
o 28 77 n
o 27 79 n
o 22 77 n
o 34 84 s
o 34 77 s
o 36 78 e
o 26 78 n
o 39 4 s
o 37 2 n
o 32 76 e
o 36 67 s
o 29 75 e
o 33 76 s
o 33 75 e
o 30 73 e
o 30 71 e
o 32 69 e
o 32 68 e
o 30 0 w
o 32 67 e
o 32 66 e
o 19 72 n
o 32 65 n
o 41 6 s
# turn 137
o 11 70 w
o 11 74 w
o 17 77 n
o 15 40 w
o 25 33 w
o 3 54 n
o 27 37 n
o 13 82 n
o 44 29 n
o 15 86 w
o 27 11 w
o 58 63 w
o 18 72 w
o 20 61 n
o 24 81 e
o 33 53 n
o 36 64 w
o 37 16 n
o 40 4 n
o 43 54 w
o 46 84 s
o 46 85 s
o 48 44 e
o 48 75 s
o 48 81 e
o 44 60 w
o 27 77 e
o 26 79 n
o 21 77 n
o 35 84 s
o 35 77 e
o 36 79 s
o 25 78 n
o 36 2 s
o 32 77 s
o 37 67 w
o 29 76 n
o 34 76 e
o 33 76 s
o 30 74 e
o 30 72 e
o 32 70 e
o 32 69 e
o 30 89 w
o 32 68 e
o 32 67 e
o 31 65 e
o 42 6 w
o 32 65 n
o 27 75 e
o 36 3 e
o 45 81 e
# turn 138
o 11 73 w
o 16 77 n
o 25 32 w
o 2 54 n
o 26 37 e
o 58 62 e
o 15 39 w
o 27 10 e
o 15 85 n
o 11 69 e
o 43 29 w
o 18 71 s
o 19 61 n
o 24 82 e
o 27 76 w
o 32 53 w
o 36 16 e
o 36 63 w
o 42 5 s
o 43 53 w
o 47 84 s
o 47 85 s
o 48 45 e
o 48 82 s
o 49 75 e
o 44 59 w
o 27 78 n
o 25 79 n
o 20 77 n
o 36 84 s
o 35 78 s
o 37 79 s
o 24 78 n
o 37 2 n
o 33 77 e
o 37 66 s
o 28 76 n
o 34 77 s
o 34 76 e
o 30 75 n
o 30 73 e
o 32 71 s
o 32 70 e
o 30 88 w
o 32 69 e
o 32 68 e
o 31 66 n
o 31 65 e
o 36 4 e
o 45 82 s
o 32 65 n
o 39 4 n
# turn 139
o 11 70 w
o 11 72 w
o 15 77 n
o 25 31 s
o 1 54 n
o 26 38 e
o 15 38 w
o 48 46 e
o 14 85 n
o 19 77 n
o 27 11 w
o 43 28 s
o 58 63 w
o 18 61 n
o 19 71 s
o 24 83 e
o 27 75 w
o 30 87 s
o 32 52 e
o 36 17 e
o 36 62 w
o 38 66 s
o 43 52 w
o 48 84 s
o 48 85 e
o 49 76 s
o 49 82 s
o 44 58 w
o 26 78 e
o 24 79 n
o 37 84 s
o 36 78 e
o 38 79 s
o 23 78 n
o 36 2 e
o 33 78 s
o 27 76 n
o 35 77 e
o 34 77 s
o 29 75 e
o 30 74 e
o 33 71 e
o 32 71 s
o 32 70 e
o 32 69 e
o 30 66 e
o 31 66 n
o 36 5 e
o 46 82 s
o 31 65 n
o 38 4 e
o 32 65 e
o 43 5 w
# turn 140
o 11 71 w
o 14 77 n
o 26 31 w
o 0 54 n
o 26 39 e
o 15 37 w
o 58 62 e
o 48 47 e
o 17 61 n
o 44 28 n
o 27 10 e
o 13 85 n
o 18 77 n
o 20 71 s
o 24 84 e
o 27 74 n
o 31 87 n
o 32 53 s
o 36 18 n
o 36 61 n
o 39 66 e
o 43 4 e
o 43 51 w
o 48 86 s
o 49 84 s
o 50 76 s
o 50 82 s
o 44 57 w
o 26 79 n
o 23 79 n
o 38 84 s
o 36 79 s
o 39 79 s
o 22 78 n
o 36 3 e
o 34 78 e
o 26 76 n
o 35 78 s
o 35 77 e
o 29 76 n
o 30 75 n
o 33 72 e
o 33 71 e
o 32 71 s
o 32 70 n
o 30 67 e
o 30 66 e
o 36 6 e
o 47 82 s
o 30 65 e
o 38 5 n
o 32 66 n
o 32 65 n
# turn 141
o 13 77 n
o 17 77 n
o 11 70 n
o 26 40 e
o 15 36 w
o 11 69 n
o 48 48 e
o 16 61 n
o 59 54 e
o 12 85 w
o 27 11 w
o 43 28 s
o 58 63 w
o 21 71 s
o 24 85 e
o 26 30 w
o 26 74 w
o 30 87 s
o 35 18 s
o 35 61 n
o 43 5 e
o 43 50 w
o 49 86 s
o 50 84 s
o 51 76 s
o 51 82 s
o 44 56 w
o 25 79 e
o 22 79 n
o 39 84 s
o 37 79 s
o 40 79 s
o 21 78 n
o 36 4 e
o 34 79 s
o 25 76 n
o 36 78 e
o 35 78 s
o 28 76 e
o 29 75 e
o 33 73 e
o 33 72 e
o 33 71 s
o 31 70 n
o 30 68 e
o 30 67 e
o 36 7 e
o 48 82 s
o 30 66 e
o 37 5 e
o 31 66 n
o 31 65 e
o 33 53 s
o 39 67 s
o 32 65 e
# turn 142
o 10 70 w
o 12 77 w
o 16 77 n
o 15 35 w
o 58 62 e
o 48 49 e
o 15 61 n
o 59 55 e
o 21 79 n
o 20 78 n
o 12 84 n
o 27 10 e
o 44 28 s
o 22 71 s
o 24 86 e
o 26 29 w
o 26 41 e
o 26 73 w
o 31 87 n
o 34 61 w
o 36 18 n
o 43 49 w
o 50 86 e
o 51 84 s
o 52 76 s
o 52 82 e
o 44 55 w
o 25 80 n
o 40 84 s
o 38 79 s
o 41 79 e
o 36 5 e
o 35 79 w
o 24 76 e
o 36 79 s
o 36 78 e
o 28 77 n
o 29 76 n
o 33 74 e
o 33 73 e
o 34 71 s
o 30 70 e
o 30 69 e
o 30 68 e
o 36 8 e
o 49 82 s
o 30 67 e
o 37 6 e
o 30 66 e
o 31 66 n
o 34 53 s
o 40 67 s
o 32 66 e
o 32 65 n
o 43 6 n
# turn 143
o 10 69 w
o 12 76 n
o 15 77 n
o 41 84 w
o 15 34 w
o 52 83 s
o 48 50 e
o 53 76 s
o 14 61 n
o 11 84 w
o 59 56 e
o 20 79 n
o 19 78 n
o 27 11 w
o 45 28 s
o 58 63 w
o 23 71 w
o 24 87 e
o 26 28 w
o 26 42 e
o 30 87 s
o 34 60 n
o 35 18 s
o 41 67 s
o 42 6 s
o 43 48 w
o 50 87 s
o 52 84 s
o 44 54 w
o 24 80 e
o 39 79 s
o 36 6 e
o 35 78 s
o 24 77 n
o 37 79 s
o 36 79 s
o 27 77 e
o 28 76 e
o 33 75 e
o 33 74 e
o 35 71 s
o 30 71 e
o 30 70 e
o 30 69 e
o 36 9 e
o 50 82 s
o 30 68 e
o 37 7 e
o 30 67 e
o 30 66 e
o 35 53 s
o 32 67 e
o 31 65 e
o 32 65 e
o 26 72 e
# turn 144
o 11 76 w
o 14 77 n
o 15 33 s
o 53 83 s
o 58 62 e
o 48 51 e
o 54 76 s
o 13 61 n
o 10 68 e
o 11 83 n
o 59 57 e
o 19 79 n
o 18 78 n
o 27 10 e
o 46 28 w
o 23 70 s
o 24 88 e
o 26 27 n
o 26 43 e
o 31 87 n
o 33 60 n
o 36 18 s
o 36 53 n
o 42 67 s
o 43 47 w
o 51 87 e
o 53 84 s
o 44 53 w
o 24 81 e
o 40 79 s
o 41 80 s
o 36 7 e
o 36 78 e
o 23 77 n
o 38 79 s
o 37 79 s
o 27 78 n
o 28 77 n
o 33 76 s
o 33 75 e
o 36 71 s
o 30 72 e
o 30 71 e
o 30 70 e
o 36 10 e
o 51 82 s
o 30 69 e
o 37 8 e
o 30 68 e
o 30 67 e
o 32 68 e
o 31 66 n
o 32 66 e
o 26 73 n
o 32 65 n
o 41 83 w
o 43 6 s
# turn 145
o 10 69 w
o 11 75 w
o 13 77 n
o 16 33 w
o 54 83 s
o 48 52 e
o 55 76 s
o 12 61 n
o 10 83 n
o 59 58 e
o 18 79 n
o 17 78 n
o 27 11 w
o 46 27 s
o 58 63 w
o 24 70 n
o 24 89 n
o 25 27 n
o 26 44 e
o 30 87 s
o 32 60 n
o 36 8 s
o 37 18 n
o 43 46 w
o 43 67 s
o 51 88 s
o 44 52 w
o 24 82 e
o 41 79 e
o 42 80 w
o 36 79 s
o 22 77 n
o 39 79 s
o 38 79 s
o 26 78 e
o 27 77 e
o 34 76 e
o 33 76 s
o 37 71 w
o 30 73 e
o 30 72 e
o 30 71 e
o 36 11 n
o 52 82 s
o 30 70 e
o 37 9 e
o 30 69 e
o 30 68 e
o 32 69 e
o 30 66 e
o 32 67 e
o 25 73 e
o 31 65 e
o 41 82 s
o 44 6 e
o 35 53 s
o 32 65 n
o 54 84 w
# turn 146
o 11 74 w
o 12 77 w
o 16 78 n
o 37 79 s
o 16 32 w
o 42 82 n
o 55 83 s
o 9 83 n
o 48 53 e
o 56 76 s
o 11 61 n
o 58 62 e
o 10 68 e
o 59 59 e
o 17 79 n
o 27 10 n
o 47 27 s
o 23 70 n
o 23 89 n
o 24 27 w
o 26 45 n
o 31 60 n
o 31 87 n
o 36 18 n
o 36 53 n
o 42 79 s
o 43 45 w
o 44 7 n
o 44 67 e
o 52 88 s
o 44 51 w
o 24 83 e
o 41 80 s
o 21 77 n
o 40 79 s
o 39 79 s
o 26 79 n
o 27 78 n
o 34 77 s
o 34 76 e
o 37 70 s
o 30 74 e
o 30 73 e
o 30 72 e
o 35 11 n
o 53 82 s
o 30 71 e
o 37 10 n
o 30 70 e
o 30 69 e
o 32 70 e
o 30 67 e
o 32 68 e
o 25 74 n
o 31 66 n
o 31 65 e
o 54 83 s
o 32 65 e
o 37 8 n
# turn 147
o 10 69 w
o 11 73 w
o 12 76 n
o 15 78 n
o 16 31 w
o 41 82 n
o 56 83 s
o 8 83 n
o 48 54 e
o 57 76 e
o 10 61 n
o 59 60 e
o 16 79 n
o 26 10 n
o 48 27 s
o 58 63 w
o 22 70 n
o 22 89 e
o 24 26 w
o 25 45 n
o 30 60 n
o 30 87 s
o 35 18 n
o 35 53 n
o 36 8 s
o 43 7 w
o 43 44 w
o 43 79 w
o 44 50 e
o 44 68 e
o 53 88 e
o 24 84 e
o 42 80 e
o 20 77 n
o 41 79 s
o 40 79 s
o 25 79 e
o 26 78 e
o 35 77 e
o 34 77 s
o 38 70 w
o 30 75 n
o 30 74 e
o 30 73 e
o 34 11 n
o 54 82 s
o 30 72 e
o 36 10 e
o 30 71 e
o 30 70 e
o 32 71 s
o 30 68 e
o 32 69 e
o 24 74 e
o 30 66 e
o 31 66 n
o 55 83 s
o 32 66 e
o 32 65 e
o 38 79 s
# turn 148
o 11 72 w
o 11 76 w
o 14 78 n
o 16 30 n
o 40 82 n
o 57 83 s
o 7 83 n
o 48 55 e
o 57 77 s
o 9 61 n
o 58 62 e
o 10 68 e
o 12 82 n
o 19 77 n
o 15 79 n
o 25 10 n
o 49 27 e
o 59 61 w
o 21 70 n
o 22 0 e
o 24 25 n
o 24 45 e
o 29 60 n
o 31 87 n
o 34 18 n
o 34 53 n
o 38 69 w
o 43 6 e
o 43 43 s
o 43 78 s
o 44 51 e
o 44 69 s
o 53 89 e
o 24 85 e
o 42 81 s
o 42 79 s
o 41 79 s
o 25 80 n
o 26 79 n
o 35 78 n
o 35 77 e
o 29 75 e
o 30 75 n
o 30 74 e
o 33 11 e
o 55 82 s
o 30 73 e
o 36 11 n
o 30 72 e
o 30 71 e
o 33 71 e
o 30 69 e
o 32 70 e
o 24 75 e
o 30 67 e
o 30 66 e
o 56 83 s
o 32 67 e
o 32 66 e
o 39 79 w
o 32 65 n
o 37 8 n
# turn 149
o 10 69 w
o 11 71 w
o 11 75 w
o 13 78 w
o 39 82 e
o 58 83 s
o 6 83 n
o 48 56 e
o 58 77 e
o 8 61 n
o 14 79 n
o 15 30 n
o 59 60 e
o 24 10 n
o 49 28 s
o 18 77 e
o 20 70 n
o 22 1 n
o 23 25 w
o 24 46 n
o 28 60 n
o 30 87 s
o 33 18 s
o 33 53 n
o 36 8 s
o 38 68 s
o 43 7 s
o 44 43 s
o 44 52 n
o 44 78 w
o 45 69 e
o 53 0 s
o 24 86 e
o 43 81 e
o 43 79 w
o 42 79 s
o 24 80 e
o 25 79 e
o 34 78 n
o 35 78 s
o 29 76 n
o 29 75 e
o 30 75 n
o 33 12 n
o 56 82 w
o 30 74 e
o 35 11 e
o 30 73 e
o 30 72 e
o 33 72 e
o 30 70 e
o 32 71 s
o 24 76 e
o 30 68 e
o 30 67 e
o 57 83 w
o 32 68 e
o 32 67 e
o 39 78 s
o 31 65 e
o 32 65 n
# turn 150
o 11 70 w
o 11 74 w
o 13 77 n
o 59 83 s
o 5 83 n
o 48 57 e
o 58 78 s
o 7 61 n
o 31 87 e
o 13 79 n
o 14 30 n
o 10 68 e
o 59 61 e
o 45 43 s
o 23 10 n
o 50 28 s
o 19 70 n
o 21 1 n
o 23 24 n
o 23 46 n
o 27 60 w
o 32 53 w
o 34 18 s
o 39 68 w
o 43 52 w
o 44 7 e
o 44 77 w
o 45 70 e
o 54 0 s
o 24 87 e
o 43 82 s
o 43 78 s
o 43 79 w
o 24 81 e
o 25 80 n
o 33 78 n
o 36 78 e
o 28 76 e
o 29 76 n
o 29 75 e
o 32 12 n
o 56 81 s
o 30 75 n
o 35 12 n
o 30 74 e
o 30 73 e
o 33 73 e
o 30 71 e
o 33 71 e
o 24 77 n
o 30 69 e
o 30 68 e
o 57 82 s
o 32 69 e
o 32 68 e
o 40 78 w
o 31 66 n
o 31 65 n
o 18 78 w
o 39 83 w
o 32 65 e
o 37 8 n
# turn 151
o 10 69 w
o 11 69 w
o 11 73 w
o 12 77 w
o 59 78 e
o 6 61 w
o 31 88 e
o 4 83 w
o 48 58 s
o 0 83 w
o 22 10 n
o 59 62 e
o 58 63 e
o 46 43 w
o 12 79 w
o 13 30 w
o 51 28 s
o 18 70 n
o 22 24 w
o 22 46 n
o 27 59 n
o 32 52 w
o 35 18 s
o 39 67 w
o 43 51 w
o 44 8 w
o 44 76 s
o 45 71 s
o 55 0 s
o 24 88 e
o 44 82 e
o 44 78 w
o 43 78 s
o 24 82 e
o 24 80 e
o 32 78 w
o 36 79 s
o 28 77 s
o 28 76 n
o 29 76 n
o 31 12 n
o 57 81 w
o 29 75 e
o 34 12 n
o 30 75 s
o 30 74 e
o 33 74 e
o 30 72 e
o 23 77 n
o 30 70 e
o 30 69 e
o 58 82 w
o 32 70 e
o 32 69 e
o 40 77 s
o 30 66 e
o 30 65 e
o 18 77 n
o 39 82 s
o 32 66 e
o 36 8 e
o 20 1 n
o 32 65 e
# turn 152
o 11 68 w
o 11 72 w
o 12 76 n
o 31 89 s
o 59 79 s
o 4 82 s
o 49 58 s
o 58 64 s
o 10 68 e
o 21 10 n
o 46 42 s
o 12 78 w
o 13 29 n
o 52 28 n
o 6 60 w
o 17 70 s
o 21 46 n
o 22 23 n
o 26 59 n
o 32 51 w
o 36 18 s
o 39 66 w
o 43 50 n
o 44 7 w
o 46 71 s
o 56 0 e
o 59 63 w
o 24 89 e
o 44 83 s
o 44 77 s
o 44 78 w
o 24 83 e
o 24 81 e
o 32 77 n
o 37 79 s
o 29 77 e
o 27 76 n
o 28 76 n
o 30 12 n
o 57 80 s
o 29 76 n
o 33 12 n
o 31 75 e
o 30 75 n
o 33 75 e
o 30 73 e
o 33 72 e
o 22 77 n
o 30 71 e
o 30 70 e
o 58 81 s
o 32 71 s
o 32 70 e
o 41 77 s
o 30 67 e
o 30 66 e
o 17 77 w
o 40 82 s
o 32 67 e
o 36 9 e
o 19 1 n
o 32 66 n
o 0 82 e
o 32 65 e
o 45 76 s
# turn 153
o 10 69 w
o 11 71 w
o 11 76 w
o 32 89 e
o 0 79 s
o 5 82 w
o 50 58 s
o 59 64 e
o 20 10 n
o 11 67 e
o 51 28 e
o 12 29 w
o 12 77 n
o 47 42 s
o 6 59 s
o 18 70 n
o 20 46 n
o 21 23 w
o 25 59 n
o 32 50 n
o 37 18 s
o 39 65 s
o 42 50 s
o 44 6 n
o 47 71 s
o 56 1 e
o 59 62 w
o 24 0 e
o 45 83 e
o 45 77 s
o 44 77 s
o 24 84 e
o 24 82 e
o 31 77 n
o 38 79 s
o 29 78 s
o 26 76 n
o 27 76 n
o 29 12 n
o 58 80 w
o 28 76 e
o 32 12 n
o 31 76 s
o 29 75 e
o 33 76 s
o 30 74 e
o 33 73 e
o 21 77 n
o 30 72 e
o 30 71 e
o 59 81 w
o 33 71 s
o 32 71 s
o 42 77 s
o 30 68 e
o 30 67 e
o 17 76 n
o 41 82 s
o 32 68 e
o 36 10 e
o 18 1 n
o 31 66 n
o 0 83 s
o 32 66 e
o 46 76 s
o 32 65 n
# turn 154
o 11 68 w
o 11 70 w
o 11 75 w
o 1 79 s
o 5 81 w
o 51 58 s
o 59 65 s
o 19 10 e
o 10 68 e
o 51 29 e
o 21 22 n
o 16 76 n
o 11 77 w
o 48 42 e
o 12 28 e
o 7 59 s
o 19 46 n
o 24 59 n
o 31 50 w
o 38 18 e
o 40 65 n
o 43 6 w
o 43 50 e
o 48 71 e
o 56 2 s
o 59 61 w
o 24 1 e
o 45 84 s
o 46 77 s
o 45 77 s
o 24 85 e
o 24 83 e
o 30 77 n
o 39 79 s
o 30 78 e
o 25 76 n
o 26 76 e
o 28 12 n
o 58 79 s
o 28 77 n
o 31 12 n
o 32 76 e
o 29 76 n
o 34 76 e
o 30 75 n
o 33 74 e
o 20 77 n
o 30 73 e
o 30 72 e
o 59 80 s
o 34 71 s
o 33 71 e
o 43 77 s
o 30 69 e
o 30 68 e
o 42 82 w
o 32 69 n
o 36 11 n
o 17 1 e
o 30 66 e
o 1 83 e
o 32 67 e
o 47 76 s
o 31 65 e
o 32 65 n
o 17 70 n
o 32 0 w
# turn 155
o 10 69 w
o 11 69 w
o 11 74 w
o 2 79 w
o 5 80 w
o 52 58 s
o 0 65 s
o 51 30 e
o 20 22 n
o 15 76 n
o 11 76 w
o 19 11 n
o 11 67 s
o 48 43 e
o 12 29 s
o 1 84 s
o 8 59 s
o 17 2 w
o 18 46 n
o 23 59 s
o 26 77 w
o 31 49 n
o 38 19 e
o 39 65 s
o 43 51 n
o 48 72 e
o 57 2 e
o 59 60 w
o 24 2 e
o 46 84 e
o 47 77 s
o 46 77 s
o 24 86 e
o 24 84 e
o 29 77 n
o 40 79 s
o 30 79 s
o 24 76 e
o 27 12 n
o 59 79 w
o 27 77 e
o 30 12 n
o 32 77 s
o 28 76 n
o 34 77 s
o 29 75 e
o 33 75 e
o 19 77 n
o 30 74 e
o 30 73 e
o 0 80 w
o 35 71 s
o 33 72 e
o 44 77 s
o 30 70 e
o 30 69 e
o 42 81 s
o 31 69 n
o 35 11 e
o 30 67 e
o 32 68 e
o 48 76 s
o 31 66 n
o 31 65 e
o 16 70 e
o 32 89 n
o 43 5 e
o 32 65 n
# turn 156
o 11 68 w
o 11 73 w
o 1 65 s
o 10 68 e
o 2 84 s
o 51 31 e
o 19 22 w
o 14 76 n
o 11 75 n
o 5 79 s
o 2 78 s
o 18 11 e
o 12 67 e
o 13 29 s
o 48 44 s
o 17 46 w
o 24 59 s
o 30 49 w
o 38 20 e
o 40 65 n
o 42 51 e
o 48 73 s
o 53 58 e
o 57 3 e
o 59 59 w
o 24 3 e
o 46 85 s
o 48 77 s
o 47 77 s
o 24 87 e
o 24 85 e
o 28 77 n
o 41 79 w
o 31 79 e
o 24 77 n
o 26 12 n
o 59 78 s
o 27 78 n
o 29 12 n
o 33 77 e
o 27 76 s
o 35 77 e
o 29 76 e
o 33 76 w
o 18 77 n
o 30 75 n
o 30 74 e
o 0 79 s
o 36 71 s
o 33 73 e
o 45 77 w
o 30 71 e
o 30 70 e
o 43 81 w
o 30 69 e
o 35 12 n
o 30 68 e
o 32 69 e
o 49 76 s
o 30 66 e
o 31 66 n
o 16 71 n
o 31 89 w
o 43 6 s
o 31 65 e
o 17 1 w
o 32 65 e
o 26 76 e
o 9 59 e
# turn 157
o 10 69 w
o 12 68 n
o 11 72 w
o 2 65 e
o 38 21 w
o 59 58 w
o 3 84 s
o 30 48 e
o 17 45 n
o 9 60 e
o 49 44 w
o 19 21 n
o 18 12 n
o 13 76 n
o 6 79 w
o 3 78 s
o 51 32 e
o 10 75 w
o 14 29 s
o 15 71 w
o 23 77 s
o 25 59 w
o 31 88 e
o 39 65 s
o 42 52 w
o 44 6 n
o 49 73 s
o 53 59 n
o 57 4 s
o 24 4 e
o 47 85 s
o 49 77 s
o 48 77 s
o 24 88 e
o 24 86 e
o 27 77 w
o 41 78 s
o 31 80 e
o 25 12 n
o 0 78 w
o 26 78 e
o 28 12 n
o 33 78 s
o 28 76 e
o 35 78 s
o 29 77 w
o 33 75 n
o 17 77 w
o 30 75 e
o 1 79 w
o 37 71 w
o 33 74 e
o 45 76 s
o 30 72 e
o 30 71 e
o 43 80 s
o 30 70 e
o 34 12 n
o 30 69 e
o 32 70 e
o 50 76 s
o 30 67 e
o 30 66 e
o 31 66 n
o 17 0 n
o 32 66 e
o 26 77 n
o 32 65 e
o 29 75 s
# turn 158
o 11 71 w
o 2 66 s
o 38 20 n
o 59 57 w
o 4 84 s
o 30 49 e
o 16 45 n
o 11 67 w
o 11 68 w
o 10 68 w
o 9 61 e
o 49 43 w
o 17 12 e
o 12 76 n
o 6 78 s
o 4 78 s
o 58 4 s
o 51 33 e
o 18 21 e
o 15 29 e
o 24 77 w
o 25 58 w
o 27 76 w
o 40 65 n
o 42 51 w
o 43 6 e
o 50 73 w
o 52 59 n
o 24 5 e
o 48 85 s
o 50 77 s
o 49 77 s
o 24 89 e
o 24 87 e
o 42 78 w
o 31 81 e
o 24 12 n
o 0 77 s
o 26 79 n
o 27 12 n
o 34 78 e
o 28 77 n
o 36 78 e
o 29 76 n
o 32 75 w
o 17 76 n
o 30 76 e
o 1 78 s
o 37 70 s
o 33 75 e
o 46 76 s
o 30 73 e
o 30 72 e
o 44 80 w
o 30 71 e
o 33 12 n
o 30 70 e
o 32 71 s
o 51 76 s
o 30 68 e
o 30 67 e
o 30 66 e
o 16 0 w
o 32 67 e
o 25 77 n
o 32 66 e
o 30 75 n
o 31 89 w
o 32 65 e
o 15 70 e
# turn 159
o 11 70 w
o 3 66 e
o 37 20 w
o 59 56 s
o 5 84 s
o 30 50 e
o 15 45 n
o 49 42 w
o 42 50 w
o 11 76 n
o 2 78 s
o 1 77 s
o 7 78 w
o 5 78 s
o 16 76 n
o 17 13 e
o 10 67 n
o 11 67 n
o 9 62 w
o 18 22 e
o 51 34 s
o 15 30 e
o 15 71 w
o 25 57 w
o 31 88 e
o 39 65 n
o 43 7 w
o 50 72 s
o 51 59 e
o 59 4 e
o 24 6 e
o 49 85 e
o 51 77 s
o 50 77 s
o 24 0 e
o 24 88 e
o 42 77 s
o 31 82 n
o 23 12 n
o 25 79 e
o 26 12 n
o 34 79 s
o 27 77 e
o 36 79 s
o 28 76 n
o 32 74 w
o 30 77 n
o 38 70 w
o 33 76 s
o 47 76 s
o 30 74 e
o 30 73 e
o 44 79 s
o 30 72 e
o 32 12 n
o 30 71 e
o 33 71 e
o 52 76 s
o 30 69 e
o 30 68 e
o 30 67 e
o 16 89 n
o 32 68 e
o 24 77 n
o 32 67 e
o 29 75 e
o 32 66 e
o 24 76 e
o 32 65 n
o 27 75 n
# turn 160
o 11 69 w
o 3 67 s
o 37 19 n
o 0 56 s
o 6 84 s
o 30 51 e
o 14 45 w
o 52 34 e
o 42 49 w
o 10 76 n
o 3 78 s
o 2 77 s
o 7 77 s
o 6 78 w
o 15 76 n
o 17 14 e
o 9 67 n
o 10 67 w
o 10 74 n
o 18 23 s
o 49 41 e
o 15 31 e
o 24 77 w
o 25 56 w
o 35 79 s
o 38 65 w
o 43 6 e
o 49 86 s
o 51 60 n
o 59 5 e
o 24 7 e
o 52 77 s
o 51 77 s
o 24 1 e
o 24 89 n
o 43 77 s
o 30 82 e
o 22 12 n
o 25 80 n
o 25 12 n
o 27 78 n
o 37 79 s
o 27 76 n
o 32 73 s
o 29 77 e
o 38 69 w
o 34 76 e
o 48 76 w
o 30 75 n
o 30 74 e
o 45 79 w
o 30 73 e
o 31 12 n
o 30 72 e
o 33 72 s
o 53 76 s
o 30 70 e
o 30 69 e
o 30 68 e
o 15 89 w
o 32 69 e
o 23 77 n
o 32 68 e
o 29 76 n
o 32 67 e
o 31 65 e
o 26 75 n
o 9 61 n
o 15 70 e
o 51 72 s
o 31 89 w
o 32 65 e
# turn 161
o 10 66 n
o 8 67 w
o 11 68 w
o 9 76 w
o 4 67 e
o 50 60 n
o 36 19 w
o 1 56 w
o 7 84 e
o 30 52 s
o 14 44 n
o 52 35 e
o 42 48 w
o 17 15 e
o 19 23 s
o 49 42 e
o 15 32 e
o 3 77 e
o 8 61 s
o 15 71 w
o 24 76 w
o 25 55 w
o 25 75 w
o 31 88 e
o 38 64 n
o 43 7 w
o 59 6 s
o 24 8 e
o 53 77 e
o 52 77 s
o 24 2 e
o 23 89 e
o 44 77 s
o 30 83 n
o 21 12 n
o 24 80 e
o 24 12 n
o 26 78 e
o 38 79 s
o 26 76 e
o 33 73 w
o 29 78 n
o 38 68 w
o 34 77 s
o 48 75 s
o 29 75 e
o 30 75 n
o 45 78 s
o 30 74 e
o 30 12 n
o 30 73 e
o 34 72 e
o 54 76 e
o 30 71 e
o 30 70 e
o 30 69 e
o 15 88 n
o 32 70 e
o 22 77 n
o 32 69 e
o 28 76 e
o 32 68 e
o 31 66 n
o 52 72 e
o 32 66 e
o 14 76 e
o 4 78 e
o 8 77 s
o 6 77 s
o 32 65 n
o 36 79 n
o 50 86 e
# turn 162
o 9 66 w
o 8 66 s
o 11 67 n
o 9 75 w
o 49 60 w
o 36 18 n
o 1 55 s
o 7 85 s
o 31 52 e
o 13 44 w
o 52 36 n
o 42 47 w
o 17 16 e
o 20 23 s
o 15 33 e
o 49 43 s
o 0 6 s
o 3 78 e
o 4 68 w
o 9 61 s
o 14 88 e
o 20 12 n
o 24 75 w
o 25 54 w
o 25 74 s
o 37 64 w
o 38 67 s
o 43 6 e
o 24 9 e
o 53 78 s
o 53 77 e
o 24 3 e
o 23 0 n
o 45 77 e
o 29 83 e
o 24 81 e
o 23 12 n
o 26 79 n
o 39 79 s
o 26 77 n
o 33 72 s
o 28 78 e
o 35 77 e
o 49 75 e
o 29 76 n
o 29 75 e
o 46 78 e
o 30 75 n
o 29 12 n
o 30 74 e
o 34 73 e
o 54 77 s
o 30 72 e
o 30 71 e
o 30 70 e
o 32 71 s
o 21 77 e
o 32 70 e
o 28 77 n
o 32 69 e
o 30 66 e
o 52 73 s
o 32 67 e
o 14 77 n
o 4 79 s
o 9 77 e
o 7 77 e
o 31 65 e
o 35 79 n
o 50 87 s
o 31 89 w
o 15 70 e
o 32 65 e
